[1.164s] Invoking command in '/home/winter24/gcamp_ros2_ws/build/openslam_gmapping': CMAKE_PREFIX_PATH=${CMAKE_PREFIX_PATH}:/home/winter24/gcamp_ros2_ws/install/yolov8_ros:/home/winter24/gcamp_ros2_ws/install/tf2_web_republisher_py:/home/winter24/gcamp_ros2_ws/install/ball_tracker:/opt/ros/foxy /home/winter24/.local/bin/cmake --build /home/winter24/gcamp_ros2_ws/build/openslam_gmapping -- -j16 -l16
[1.780s] [ 22%] Built target sensor_base
[1.780s] [ 27%] Built target utils
[1.781s] [ 50%] Built target sensor_range
[1.781s] [ 54%] Built target sensor_odometry
[1.781s] [ 77%] Built target scanmatcher
[1.781s] [100%] Built target gridfastslam
[1.796s] Invoked command in '/home/winter24/gcamp_ros2_ws/build/openslam_gmapping' returned '0': CMAKE_PREFIX_PATH=${CMAKE_PREFIX_PATH}:/home/winter24/gcamp_ros2_ws/install/yolov8_ros:/home/winter24/gcamp_ros2_ws/install/tf2_web_republisher_py:/home/winter24/gcamp_ros2_ws/install/ball_tracker:/opt/ros/foxy /home/winter24/.local/bin/cmake --build /home/winter24/gcamp_ros2_ws/build/openslam_gmapping -- -j16 -l16
[1.887s] Invoking command in '/home/winter24/gcamp_ros2_ws/build/openslam_gmapping': CMAKE_PREFIX_PATH=${CMAKE_PREFIX_PATH}:/home/winter24/gcamp_ros2_ws/install/yolov8_ros:/home/winter24/gcamp_ros2_ws/install/tf2_web_republisher_py:/home/winter24/gcamp_ros2_ws/install/ball_tracker:/opt/ros/foxy /home/winter24/.local/bin/cmake --install /home/winter24/gcamp_ros2_ws/build/openslam_gmapping
[1.909s] -- Install configuration: ""
[1.911s] -- Up-to-date: /home/winter24/gcamp_ros2_ws/install/openslam_gmapping/share/openslam_gmapping/environment/library_path.sh
[1.912s] -- Up-to-date: /home/winter24/gcamp_ros2_ws/install/openslam_gmapping/share/openslam_gmapping/environment/library_path.dsv
[1.912s] -- Up-to-date: /home/winter24/gcamp_ros2_ws/install/openslam_gmapping/include/
[1.912s] -- Up-to-date: /home/winter24/gcamp_ros2_ws/install/openslam_gmapping/include//gmapping
[1.912s] -- Up-to-date: /home/winter24/gcamp_ros2_ws/install/openslam_gmapping/include//gmapping/sensor
[1.912s] -- Up-to-date: /home/winter24/gcamp_ros2_ws/install/openslam_gmapping/include//gmapping/sensor/sensor_odometry
[1.912s] -- Up-to-date: /home/winter24/gcamp_ros2_ws/install/openslam_gmapping/include//gmapping/sensor/sensor_odometry/odometryreading.h
[1.912s] -- Up-to-date: /home/winter24/gcamp_ros2_ws/install/openslam_gmapping/include//gmapping/sensor/sensor_odometry/odometrysensor.h
[1.912s] -- Up-to-date: /home/winter24/gcamp_ros2_ws/install/openslam_gmapping/include//gmapping/sensor/sensor_base
[1.912s] -- Up-to-date: /home/winter24/gcamp_ros2_ws/install/openslam_gmapping/include//gmapping/sensor/sensor_base/sensor.h
[1.912s] -- Up-to-date: /home/winter24/gcamp_ros2_ws/install/openslam_gmapping/include//gmapping/sensor/sensor_base/sensorreading.h
[1.912s] -- Up-to-date: /home/winter24/gcamp_ros2_ws/install/openslam_gmapping/include//gmapping/sensor/sensor_range
[1.912s] -- Up-to-date: /home/winter24/gcamp_ros2_ws/install/openslam_gmapping/include//gmapping/sensor/sensor_range/rangereading.h
[1.912s] -- Up-to-date: /home/winter24/gcamp_ros2_ws/install/openslam_gmapping/include//gmapping/sensor/sensor_range/rangesensor.h
[1.913s] -- Up-to-date: /home/winter24/gcamp_ros2_ws/install/openslam_gmapping/include//gmapping/gridfastslam
[1.913s] -- Up-to-date: /home/winter24/gcamp_ros2_ws/install/openslam_gmapping/include//gmapping/gridfastslam/gridslamprocessor.hxx
[1.913s] -- Up-to-date: /home/winter24/gcamp_ros2_ws/install/openslam_gmapping/include//gmapping/gridfastslam/motionmodel.h
[1.913s] -- Up-to-date: /home/winter24/gcamp_ros2_ws/install/openslam_gmapping/include//gmapping/gridfastslam/gridslamprocessor.h
[1.913s] -- Up-to-date: /home/winter24/gcamp_ros2_ws/install/openslam_gmapping/include//gmapping/grid
[1.913s] -- Up-to-date: /home/winter24/gcamp_ros2_ws/install/openslam_gmapping/include//gmapping/grid/array2d.h
[1.913s] -- Up-to-date: /home/winter24/gcamp_ros2_ws/install/openslam_gmapping/include//gmapping/grid/harray2d.h
[1.913s] -- Up-to-date: /home/winter24/gcamp_ros2_ws/install/openslam_gmapping/include//gmapping/grid/accessstate.h
[1.914s] -- Up-to-date: /home/winter24/gcamp_ros2_ws/install/openslam_gmapping/include//gmapping/grid/map.h
[1.914s] -- Up-to-date: /home/winter24/gcamp_ros2_ws/install/openslam_gmapping/include//gmapping/scanmatcher
[1.914s] -- Up-to-date: /home/winter24/gcamp_ros2_ws/install/openslam_gmapping/include//gmapping/scanmatcher/icp.h
[1.914s] -- Up-to-date: /home/winter24/gcamp_ros2_ws/install/openslam_gmapping/include//gmapping/scanmatcher/smmap.h
[1.914s] -- Up-to-date: /home/winter24/gcamp_ros2_ws/install/openslam_gmapping/include//gmapping/scanmatcher/scanmatcher.h
[1.914s] -- Up-to-date: /home/winter24/gcamp_ros2_ws/install/openslam_gmapping/include//gmapping/particlefilter
[1.915s] -- Up-to-date: /home/winter24/gcamp_ros2_ws/install/openslam_gmapping/include//gmapping/particlefilter/particlefilter.h
[1.915s] -- Up-to-date: /home/winter24/gcamp_ros2_ws/install/openslam_gmapping/include//gmapping/log
[1.915s] -- Up-to-date: /home/winter24/gcamp_ros2_ws/install/openslam_gmapping/include//gmapping/log/configuration.h
[1.915s] -- Up-to-date: /home/winter24/gcamp_ros2_ws/install/openslam_gmapping/include//gmapping/log/sensorlog.h
[1.915s] -- Up-to-date: /home/winter24/gcamp_ros2_ws/install/openslam_gmapping/include//gmapping/utils
[1.915s] -- Up-to-date: /home/winter24/gcamp_ros2_ws/install/openslam_gmapping/include//gmapping/utils/gvalues.h
[1.915s] -- Up-to-date: /home/winter24/gcamp_ros2_ws/install/openslam_gmapping/include//gmapping/utils/commandline.h
[1.917s] -- Up-to-date: /home/winter24/gcamp_ros2_ws/install/openslam_gmapping/include//gmapping/utils/autoptr.h
[1.918s] -- Up-to-date: /home/winter24/gcamp_ros2_ws/install/openslam_gmapping/include//gmapping/utils/macro_params.h
[1.918s] -- Up-to-date: /home/winter24/gcamp_ros2_ws/install/openslam_gmapping/include//gmapping/utils/point.h
[1.919s] -- Up-to-date: /home/winter24/gcamp_ros2_ws/install/openslam_gmapping/include//gmapping/utils/stat.h
[1.919s] -- Up-to-date: /home/winter24/gcamp_ros2_ws/install/openslam_gmapping/share/ament_index/resource_index/package_run_dependencies/openslam_gmapping
[1.919s] -- Up-to-date: /home/winter24/gcamp_ros2_ws/install/openslam_gmapping/share/ament_index/resource_index/parent_prefix_path/openslam_gmapping
[1.919s] -- Up-to-date: /home/winter24/gcamp_ros2_ws/install/openslam_gmapping/share/openslam_gmapping/environment/ament_prefix_path.sh
[1.919s] -- Up-to-date: /home/winter24/gcamp_ros2_ws/install/openslam_gmapping/share/openslam_gmapping/environment/ament_prefix_path.dsv
[1.919s] -- Up-to-date: /home/winter24/gcamp_ros2_ws/install/openslam_gmapping/share/openslam_gmapping/environment/path.sh
[1.919s] -- Up-to-date: /home/winter24/gcamp_ros2_ws/install/openslam_gmapping/share/openslam_gmapping/environment/path.dsv
[1.919s] -- Up-to-date: /home/winter24/gcamp_ros2_ws/install/openslam_gmapping/share/openslam_gmapping/local_setup.bash
[1.919s] -- Up-to-date: /home/winter24/gcamp_ros2_ws/install/openslam_gmapping/share/openslam_gmapping/local_setup.sh
[1.920s] -- Up-to-date: /home/winter24/gcamp_ros2_ws/install/openslam_gmapping/share/openslam_gmapping/local_setup.zsh
[1.920s] -- Up-to-date: /home/winter24/gcamp_ros2_ws/install/openslam_gmapping/share/openslam_gmapping/local_setup.dsv
[1.920s] -- Installing: /home/winter24/gcamp_ros2_ws/install/openslam_gmapping/share/openslam_gmapping/package.dsv
[1.922s] -- Up-to-date: /home/winter24/gcamp_ros2_ws/install/openslam_gmapping/share/ament_index/resource_index/packages/openslam_gmapping
[1.922s] -- Up-to-date: /home/winter24/gcamp_ros2_ws/install/openslam_gmapping/share/openslam_gmapping/cmake/ament_cmake_export_libraries-extras.cmake
[1.922s] -- Up-to-date: /home/winter24/gcamp_ros2_ws/install/openslam_gmapping/share/openslam_gmapping/cmake/ament_cmake_export_include_directories-extras.cmake
[1.922s] -- Up-to-date: /home/winter24/gcamp_ros2_ws/install/openslam_gmapping/share/openslam_gmapping/cmake/openslam_gmappingConfig.cmake
[1.922s] -- Up-to-date: /home/winter24/gcamp_ros2_ws/install/openslam_gmapping/share/openslam_gmapping/cmake/openslam_gmappingConfig-version.cmake
[1.923s] -- Up-to-date: /home/winter24/gcamp_ros2_ws/install/openslam_gmapping/share/openslam_gmapping/package.xml
[1.923s] -- Up-to-date: /home/winter24/gcamp_ros2_ws/install/openslam_gmapping/lib/libgridfastslam.a
[1.923s] -- Up-to-date: /home/winter24/gcamp_ros2_ws/install/openslam_gmapping/lib/libscanmatcher.a
[1.923s] -- Up-to-date: /home/winter24/gcamp_ros2_ws/install/openslam_gmapping/share/openslam_gmapping/environment/library_path.sh
[1.923s] -- Up-to-date: /home/winter24/gcamp_ros2_ws/install/openslam_gmapping/share/openslam_gmapping/environment/library_path.dsv
[1.923s] -- Up-to-date: /home/winter24/gcamp_ros2_ws/install/openslam_gmapping/lib/libsensor_base.a
[1.924s] -- Up-to-date: /home/winter24/gcamp_ros2_ws/install/openslam_gmapping/share/openslam_gmapping/environment/library_path.sh
[1.924s] -- Up-to-date: /home/winter24/gcamp_ros2_ws/install/openslam_gmapping/share/openslam_gmapping/environment/library_path.dsv
[1.927s] -- Up-to-date: /home/winter24/gcamp_ros2_ws/install/openslam_gmapping/lib/libsensor_odometry.a
[1.927s] -- Up-to-date: /home/winter24/gcamp_ros2_ws/install/openslam_gmapping/lib/libsensor_range.a
[1.927s] -- Up-to-date: /home/winter24/gcamp_ros2_ws/install/openslam_gmapping/lib/libutils.a
[1.927s] -- Up-to-date: /home/winter24/gcamp_ros2_ws/install/openslam_gmapping/share/openslam_gmapping/environment/library_path.sh
[1.928s] -- Up-to-date: /home/winter24/gcamp_ros2_ws/install/openslam_gmapping/share/openslam_gmapping/environment/library_path.dsv
[2.089s] Invoked command in '/home/winter24/gcamp_ros2_ws/build/openslam_gmapping' returned '0': CMAKE_PREFIX_PATH=${CMAKE_PREFIX_PATH}:/home/winter24/gcamp_ros2_ws/install/yolov8_ros:/home/winter24/gcamp_ros2_ws/install/tf2_web_republisher_py:/home/winter24/gcamp_ros2_ws/install/ball_tracker:/opt/ros/foxy /home/winter24/.local/bin/cmake --install /home/winter24/gcamp_ros2_ws/build/openslam_gmapping
