[1.843s] Invoking command in '/home/winter24/gcamp_ros2_ws/tf2_web_republisher_py/tf2_web_republisher_py': PYTHONPATH=/home/winter24/gcamp_ros2_ws/build/tf2_web_republisher_py/prefix_override:/home/winter24/gcamp_ros2_ws/install/tf2_web_republisher_py/lib/python3.8/site-packages:${PYTHONPATH} /usr/bin/python3 setup.py egg_info --egg-base ../../build/tf2_web_republisher_py build --build-base /home/winter24/gcamp_ros2_ws/build/tf2_web_republisher_py/build install --record /home/winter24/gcamp_ros2_ws/build/tf2_web_republisher_py/install.log --install-scripts $base/lib/tf2_web_republisher_py --single-version-externally-managed
[2.200s] running egg_info
[2.201s] creating ../../build/tf2_web_republisher_py/tf2_web_republisher_py.egg-info
[2.201s] writing ../../build/tf2_web_republisher_py/tf2_web_republisher_py.egg-info/PKG-INFO
[2.201s] writing dependency_links to ../../build/tf2_web_republisher_py/tf2_web_republisher_py.egg-info/dependency_links.txt
[2.201s] writing entry points to ../../build/tf2_web_republisher_py/tf2_web_republisher_py.egg-info/entry_points.txt
[2.201s] writing requirements to ../../build/tf2_web_republisher_py/tf2_web_republisher_py.egg-info/requires.txt
[2.201s] writing top-level names to ../../build/tf2_web_republisher_py/tf2_web_republisher_py.egg-info/top_level.txt
[2.201s] writing manifest file '../../build/tf2_web_republisher_py/tf2_web_republisher_py.egg-info/SOURCES.txt'
[2.201s] reading manifest file '../../build/tf2_web_republisher_py/tf2_web_republisher_py.egg-info/SOURCES.txt'
[2.201s] writing manifest file '../../build/tf2_web_republisher_py/tf2_web_republisher_py.egg-info/SOURCES.txt'
[2.201s] running build
[2.202s] running build_py
[2.202s] creating /home/winter24/gcamp_ros2_ws/build/tf2_web_republisher_py/build
[2.202s] creating /home/winter24/gcamp_ros2_ws/build/tf2_web_republisher_py/build/lib
[2.202s] creating /home/winter24/gcamp_ros2_ws/build/tf2_web_republisher_py/build/lib/tf2_web_republisher_py
[2.202s] copying tf2_web_republisher_py/tf_pair.py -> /home/winter24/gcamp_ros2_ws/build/tf2_web_republisher_py/build/lib/tf2_web_republisher_py
[2.202s] copying tf2_web_republisher_py/tf2_web_republisher_py.py -> /home/winter24/gcamp_ros2_ws/build/tf2_web_republisher_py/build/lib/tf2_web_republisher_py
[2.202s] copying tf2_web_republisher_py/__init__.py -> /home/winter24/gcamp_ros2_ws/build/tf2_web_republisher_py/build/lib/tf2_web_republisher_py
[2.202s] running install
[2.203s] running install_lib
[2.203s] creating /home/winter24/gcamp_ros2_ws/install/tf2_web_republisher_py/lib/python3.8/site-packages/tf2_web_republisher_py
[2.203s] copying /home/winter24/gcamp_ros2_ws/build/tf2_web_republisher_py/build/lib/tf2_web_republisher_py/tf_pair.py -> /home/winter24/gcamp_ros2_ws/install/tf2_web_republisher_py/lib/python3.8/site-packages/tf2_web_republisher_py
[2.203s] copying /home/winter24/gcamp_ros2_ws/build/tf2_web_republisher_py/build/lib/tf2_web_republisher_py/tf2_web_republisher_py.py -> /home/winter24/gcamp_ros2_ws/install/tf2_web_republisher_py/lib/python3.8/site-packages/tf2_web_republisher_py
[2.203s] copying /home/winter24/gcamp_ros2_ws/build/tf2_web_republisher_py/build/lib/tf2_web_republisher_py/__init__.py -> /home/winter24/gcamp_ros2_ws/install/tf2_web_republisher_py/lib/python3.8/site-packages/tf2_web_republisher_py
[2.203s] byte-compiling /home/winter24/gcamp_ros2_ws/install/tf2_web_republisher_py/lib/python3.8/site-packages/tf2_web_republisher_py/tf_pair.py to tf_pair.cpython-38.pyc
[2.204s] byte-compiling /home/winter24/gcamp_ros2_ws/install/tf2_web_republisher_py/lib/python3.8/site-packages/tf2_web_republisher_py/tf2_web_republisher_py.py to tf2_web_republisher_py.cpython-38.pyc
[2.204s] byte-compiling /home/winter24/gcamp_ros2_ws/install/tf2_web_republisher_py/lib/python3.8/site-packages/tf2_web_republisher_py/__init__.py to __init__.cpython-38.pyc
[2.204s] running install_data
[2.204s] creating /home/winter24/gcamp_ros2_ws/install/tf2_web_republisher_py/share/ament_index
[2.204s] creating /home/winter24/gcamp_ros2_ws/install/tf2_web_republisher_py/share/ament_index/resource_index
[2.204s] creating /home/winter24/gcamp_ros2_ws/install/tf2_web_republisher_py/share/ament_index/resource_index/packages
[2.205s] copying resource/tf2_web_republisher_py -> /home/winter24/gcamp_ros2_ws/install/tf2_web_republisher_py/share/ament_index/resource_index/packages
[2.205s] copying package.xml -> /home/winter24/gcamp_ros2_ws/install/tf2_web_republisher_py/share/tf2_web_republisher_py
[2.205s] running install_egg_info
[2.205s] Copying ../../build/tf2_web_republisher_py/tf2_web_republisher_py.egg-info to /home/winter24/gcamp_ros2_ws/install/tf2_web_republisher_py/lib/python3.8/site-packages/tf2_web_republisher_py-0.0.0-py3.8.egg-info
[2.205s] running install_scripts
[2.205s] Installing tf2_web_republisher script to /home/winter24/gcamp_ros2_ws/install/tf2_web_republisher_py/lib/tf2_web_republisher_py
[2.205s] writing list of installed files to '/home/winter24/gcamp_ros2_ws/build/tf2_web_republisher_py/install.log'
[2.593s] Invoked command in '/home/winter24/gcamp_ros2_ws/tf2_web_republisher_py/tf2_web_republisher_py' returned '0': PYTHONPATH=/home/winter24/gcamp_ros2_ws/build/tf2_web_republisher_py/prefix_override:/home/winter24/gcamp_ros2_ws/install/tf2_web_republisher_py/lib/python3.8/site-packages:${PYTHONPATH} /usr/bin/python3 setup.py egg_info --egg-base ../../build/tf2_web_republisher_py build --build-base /home/winter24/gcamp_ros2_ws/build/tf2_web_republisher_py/build install --record /home/winter24/gcamp_ros2_ws/build/tf2_web_republisher_py/install.log --install-scripts $base/lib/tf2_web_republisher_py --single-version-externally-managed
