[1.087s] Invoking command in '/home/winter24/gcamp_ros2_ws/build/tf2_web_republisher': CMAKE_PREFIX_PATH=${CMAKE_PREFIX_PATH}:/home/winter24/gcamp_ros2_ws/install/yolov8_ros:/home/winter24/gcamp_ros2_ws/install/tf2_web_republisher_py:/home/winter24/gcamp_ros2_ws/install/ball_tracker:/opt/ros/foxy /home/winter24/.local/bin/cmake --build /home/winter24/gcamp_ros2_ws/build/tf2_web_republisher -- -j16 -l16
[1.388s] [  2%] Built target tf2_web_republisher__cpp
[1.389s] [ 12%] Built target tf2_web_republisher__rosidl_generator_c
[1.390s] [ 23%] Built target tf2_web_republisher__rosidl_typesupport_cpp
[1.391s] [ 34%] Built target tf2_web_republisher__rosidl_typesupport_introspection_c
[1.391s] [ 55%] Built target tf2_web_republisher__rosidl_typesupport_c
[1.393s] [ 55%] Built target tf2_web_republisher__rosidl_typesupport_fastrtps_cpp
[1.393s] [ 65%] Built target tf2_web_republisher__rosidl_typesupport_fastrtps_c
[1.393s] [ 76%] Built target tf2_web_republisher__rosidl_typesupport_introspection_cpp
[1.393s] [ 76%] Built target tf2_web_republisher
[1.394s] [ 78%] Built target tf2_web_republisher__py
[1.395s] [ 87%] Built target tf2_web_republisher__python
[1.397s] [ 91%] Built target tf2_web_republisher__rosidl_typesupport_fastrtps_c__pyext
[1.397s] [ 95%] Built target tf2_web_republisher__rosidl_typesupport_introspection_c__pyext
[1.397s] [100%] Built target tf2_web_republisher__rosidl_typesupport_c__pyext
[1.429s] Invoked command in '/home/winter24/gcamp_ros2_ws/build/tf2_web_republisher' returned '0': CMAKE_PREFIX_PATH=${CMAKE_PREFIX_PATH}:/home/winter24/gcamp_ros2_ws/install/yolov8_ros:/home/winter24/gcamp_ros2_ws/install/tf2_web_republisher_py:/home/winter24/gcamp_ros2_ws/install/ball_tracker:/opt/ros/foxy /home/winter24/.local/bin/cmake --build /home/winter24/gcamp_ros2_ws/build/tf2_web_republisher -- -j16 -l16
[2.174s] Invoking command in '/home/winter24/gcamp_ros2_ws/build/tf2_web_republisher': CMAKE_PREFIX_PATH=${CMAKE_PREFIX_PATH}:/home/winter24/gcamp_ros2_ws/install/yolov8_ros:/home/winter24/gcamp_ros2_ws/install/tf2_web_republisher_py:/home/winter24/gcamp_ros2_ws/install/ball_tracker:/opt/ros/foxy /home/winter24/.local/bin/cmake --install /home/winter24/gcamp_ros2_ws/build/tf2_web_republisher
[2.412s] -- Install configuration: ""
[2.413s] -- Up-to-date: /home/winter24/gcamp_ros2_ws/install/tf2_web_republisher/share/ament_index/resource_index/rosidl_interfaces/tf2_web_republisher
[2.413s] -- Up-to-date: /home/winter24/gcamp_ros2_ws/install/tf2_web_republisher/include/tf2_web_republisher
[2.413s] -- Up-to-date: /home/winter24/gcamp_ros2_ws/install/tf2_web_republisher/include/tf2_web_republisher/srv
[2.413s] -- Up-to-date: /home/winter24/gcamp_ros2_ws/install/tf2_web_republisher/include/tf2_web_republisher/srv/republish_t_fs.h
[2.414s] -- Up-to-date: /home/winter24/gcamp_ros2_ws/install/tf2_web_republisher/include/tf2_web_republisher/srv/detail
[2.414s] -- Up-to-date: /home/winter24/gcamp_ros2_ws/install/tf2_web_republisher/include/tf2_web_republisher/srv/detail/republish_t_fs__functions.c
[2.414s] -- Up-to-date: /home/winter24/gcamp_ros2_ws/install/tf2_web_republisher/include/tf2_web_republisher/srv/detail/republish_t_fs__functions.h
[2.414s] -- Up-to-date: /home/winter24/gcamp_ros2_ws/install/tf2_web_republisher/include/tf2_web_republisher/srv/detail/republish_t_fs__type_support.h
[2.414s] -- Up-to-date: /home/winter24/gcamp_ros2_ws/install/tf2_web_republisher/include/tf2_web_republisher/srv/detail/republish_t_fs__struct.h
[2.414s] -- Up-to-date: /home/winter24/gcamp_ros2_ws/install/tf2_web_republisher/include/tf2_web_republisher/action
[2.414s] -- Up-to-date: /home/winter24/gcamp_ros2_ws/install/tf2_web_republisher/include/tf2_web_republisher/action/detail
[2.415s] -- Up-to-date: /home/winter24/gcamp_ros2_ws/install/tf2_web_republisher/include/tf2_web_republisher/action/detail/tf_subscription__type_support.h
[2.415s] -- Up-to-date: /home/winter24/gcamp_ros2_ws/install/tf2_web_republisher/include/tf2_web_republisher/action/detail/tf_subscription__struct.h
[2.415s] -- Up-to-date: /home/winter24/gcamp_ros2_ws/install/tf2_web_republisher/include/tf2_web_republisher/action/detail/tf_subscription__functions.c
[2.415s] -- Up-to-date: /home/winter24/gcamp_ros2_ws/install/tf2_web_republisher/include/tf2_web_republisher/action/detail/tf_subscription__functions.h
[2.415s] -- Up-to-date: /home/winter24/gcamp_ros2_ws/install/tf2_web_republisher/include/tf2_web_republisher/action/tf_subscription.h
[2.415s] -- Up-to-date: /home/winter24/gcamp_ros2_ws/install/tf2_web_republisher/include/tf2_web_republisher/msg
[2.415s] -- Up-to-date: /home/winter24/gcamp_ros2_ws/install/tf2_web_republisher/include/tf2_web_republisher/msg/tf_array.h
[2.418s] -- Up-to-date: /home/winter24/gcamp_ros2_ws/install/tf2_web_republisher/include/tf2_web_republisher/msg/rosidl_generator_c__visibility_control.h
[2.418s] -- Up-to-date: /home/winter24/gcamp_ros2_ws/install/tf2_web_republisher/include/tf2_web_republisher/msg/detail
[2.419s] -- Up-to-date: /home/winter24/gcamp_ros2_ws/install/tf2_web_republisher/include/tf2_web_republisher/msg/detail/tf_array__functions.h
[2.419s] -- Up-to-date: /home/winter24/gcamp_ros2_ws/install/tf2_web_republisher/include/tf2_web_republisher/msg/detail/tf_array__struct.h
[2.419s] -- Up-to-date: /home/winter24/gcamp_ros2_ws/install/tf2_web_republisher/include/tf2_web_republisher/msg/detail/tf_array__type_support.h
[2.419s] -- Up-to-date: /home/winter24/gcamp_ros2_ws/install/tf2_web_republisher/include/tf2_web_republisher/msg/detail/tf_array__functions.c
[2.419s] -- Up-to-date: /home/winter24/gcamp_ros2_ws/install/tf2_web_republisher/share/tf2_web_republisher/environment/library_path.sh
[2.420s] -- Up-to-date: /home/winter24/gcamp_ros2_ws/install/tf2_web_republisher/share/tf2_web_republisher/environment/library_path.dsv
[2.420s] -- Up-to-date: /home/winter24/gcamp_ros2_ws/install/tf2_web_republisher/lib/libtf2_web_republisher__rosidl_generator_c.so
[2.420s] -- Up-to-date: /home/winter24/gcamp_ros2_ws/install/tf2_web_republisher/include/tf2_web_republisher
[2.420s] -- Up-to-date: /home/winter24/gcamp_ros2_ws/install/tf2_web_republisher/include/tf2_web_republisher/srv
[2.420s] -- Up-to-date: /home/winter24/gcamp_ros2_ws/install/tf2_web_republisher/include/tf2_web_republisher/srv/detail
[2.420s] -- Up-to-date: /home/winter24/gcamp_ros2_ws/install/tf2_web_republisher/include/tf2_web_republisher/srv/detail/republish_t_fs__rosidl_typesupport_fastrtps_c.h
[2.421s] -- Up-to-date: /home/winter24/gcamp_ros2_ws/install/tf2_web_republisher/include/tf2_web_republisher/action
[2.421s] -- Up-to-date: /home/winter24/gcamp_ros2_ws/install/tf2_web_republisher/include/tf2_web_republisher/action/detail
[2.422s] -- Up-to-date: /home/winter24/gcamp_ros2_ws/install/tf2_web_republisher/include/tf2_web_republisher/action/detail/tf_subscription__rosidl_typesupport_fastrtps_c.h
[2.422s] -- Up-to-date: /home/winter24/gcamp_ros2_ws/install/tf2_web_republisher/include/tf2_web_republisher/msg
[2.422s] -- Up-to-date: /home/winter24/gcamp_ros2_ws/install/tf2_web_republisher/include/tf2_web_republisher/msg/rosidl_typesupport_fastrtps_c__visibility_control.h
[2.423s] -- Up-to-date: /home/winter24/gcamp_ros2_ws/install/tf2_web_republisher/include/tf2_web_republisher/msg/detail
[2.424s] -- Up-to-date: /home/winter24/gcamp_ros2_ws/install/tf2_web_republisher/include/tf2_web_republisher/msg/detail/tf_array__rosidl_typesupport_fastrtps_c.h
[2.424s] -- Up-to-date: /home/winter24/gcamp_ros2_ws/install/tf2_web_republisher/lib/libtf2_web_republisher__rosidl_typesupport_fastrtps_c.so
[2.424s] -- Up-to-date: /home/winter24/gcamp_ros2_ws/install/tf2_web_republisher/include/tf2_web_republisher
[2.425s] -- Up-to-date: /home/winter24/gcamp_ros2_ws/install/tf2_web_republisher/include/tf2_web_republisher/srv
[2.425s] -- Up-to-date: /home/winter24/gcamp_ros2_ws/install/tf2_web_republisher/include/tf2_web_republisher/srv/detail
[2.426s] -- Up-to-date: /home/winter24/gcamp_ros2_ws/install/tf2_web_republisher/include/tf2_web_republisher/srv/detail/republish_t_fs__rosidl_typesupport_fastrtps_cpp.hpp
[2.426s] -- Up-to-date: /home/winter24/gcamp_ros2_ws/install/tf2_web_republisher/include/tf2_web_republisher/srv/detail/dds_fastrtps
[2.427s] -- Up-to-date: /home/winter24/gcamp_ros2_ws/install/tf2_web_republisher/include/tf2_web_republisher/action
[2.427s] -- Up-to-date: /home/winter24/gcamp_ros2_ws/install/tf2_web_republisher/include/tf2_web_republisher/action/detail
[2.427s] -- Up-to-date: /home/winter24/gcamp_ros2_ws/install/tf2_web_republisher/include/tf2_web_republisher/action/detail/dds_fastrtps
[2.428s] -- Up-to-date: /home/winter24/gcamp_ros2_ws/install/tf2_web_republisher/include/tf2_web_republisher/action/detail/tf_subscription__rosidl_typesupport_fastrtps_cpp.hpp
[2.428s] -- Up-to-date: /home/winter24/gcamp_ros2_ws/install/tf2_web_republisher/include/tf2_web_republisher/msg
[2.428s] -- Up-to-date: /home/winter24/gcamp_ros2_ws/install/tf2_web_republisher/include/tf2_web_republisher/msg/detail
[2.429s] -- Up-to-date: /home/winter24/gcamp_ros2_ws/install/tf2_web_republisher/include/tf2_web_republisher/msg/detail/tf_array__rosidl_typesupport_fastrtps_cpp.hpp
[2.429s] -- Up-to-date: /home/winter24/gcamp_ros2_ws/install/tf2_web_republisher/include/tf2_web_republisher/msg/detail/dds_fastrtps
[2.429s] -- Up-to-date: /home/winter24/gcamp_ros2_ws/install/tf2_web_republisher/include/tf2_web_republisher/msg/rosidl_typesupport_fastrtps_cpp__visibility_control.h
[2.430s] -- Up-to-date: /home/winter24/gcamp_ros2_ws/install/tf2_web_republisher/lib/libtf2_web_republisher__rosidl_typesupport_fastrtps_cpp.so
[2.430s] -- Up-to-date: /home/winter24/gcamp_ros2_ws/install/tf2_web_republisher/include/tf2_web_republisher
[2.430s] -- Up-to-date: /home/winter24/gcamp_ros2_ws/install/tf2_web_republisher/include/tf2_web_republisher/srv
[2.431s] -- Up-to-date: /home/winter24/gcamp_ros2_ws/install/tf2_web_republisher/include/tf2_web_republisher/srv/detail
[2.431s] -- Up-to-date: /home/winter24/gcamp_ros2_ws/install/tf2_web_republisher/include/tf2_web_republisher/srv/detail/republish_t_fs__type_support.c
[2.432s] -- Up-to-date: /home/winter24/gcamp_ros2_ws/install/tf2_web_republisher/include/tf2_web_republisher/srv/detail/republish_t_fs__rosidl_typesupport_introspection_c.h
[2.432s] -- Up-to-date: /home/winter24/gcamp_ros2_ws/install/tf2_web_republisher/include/tf2_web_republisher/action
[2.433s] -- Up-to-date: /home/winter24/gcamp_ros2_ws/install/tf2_web_republisher/include/tf2_web_republisher/action/detail
[2.433s] -- Up-to-date: /home/winter24/gcamp_ros2_ws/install/tf2_web_republisher/include/tf2_web_republisher/action/detail/tf_subscription__rosidl_typesupport_introspection_c.h
[2.433s] -- Up-to-date: /home/winter24/gcamp_ros2_ws/install/tf2_web_republisher/include/tf2_web_republisher/action/detail/tf_subscription__type_support.c
[2.434s] -- Up-to-date: /home/winter24/gcamp_ros2_ws/install/tf2_web_republisher/include/tf2_web_republisher/msg
[2.434s] -- Up-to-date: /home/winter24/gcamp_ros2_ws/install/tf2_web_republisher/include/tf2_web_republisher/msg/rosidl_typesupport_introspection_c__visibility_control.h
[2.434s] -- Up-to-date: /home/winter24/gcamp_ros2_ws/install/tf2_web_republisher/include/tf2_web_republisher/msg/detail
[2.435s] -- Up-to-date: /home/winter24/gcamp_ros2_ws/install/tf2_web_republisher/include/tf2_web_republisher/msg/detail/tf_array__rosidl_typesupport_introspection_c.h
[2.435s] -- Up-to-date: /home/winter24/gcamp_ros2_ws/install/tf2_web_republisher/include/tf2_web_republisher/msg/detail/tf_array__type_support.c
[2.435s] -- Up-to-date: /home/winter24/gcamp_ros2_ws/install/tf2_web_republisher/lib/libtf2_web_republisher__rosidl_typesupport_introspection_c.so
[2.436s] -- Up-to-date: /home/winter24/gcamp_ros2_ws/install/tf2_web_republisher/lib/libtf2_web_republisher__rosidl_typesupport_c.so
[2.436s] -- Up-to-date: /home/winter24/gcamp_ros2_ws/install/tf2_web_republisher/include/tf2_web_republisher
[2.437s] -- Up-to-date: /home/winter24/gcamp_ros2_ws/install/tf2_web_republisher/include/tf2_web_republisher/srv
[2.437s] -- Up-to-date: /home/winter24/gcamp_ros2_ws/install/tf2_web_republisher/include/tf2_web_republisher/srv/republish_t_fs.hpp
[2.437s] -- Up-to-date: /home/winter24/gcamp_ros2_ws/install/tf2_web_republisher/include/tf2_web_republisher/srv/detail
[2.438s] -- Up-to-date: /home/winter24/gcamp_ros2_ws/install/tf2_web_republisher/include/tf2_web_republisher/srv/detail/republish_t_fs__struct.hpp
[2.438s] -- Up-to-date: /home/winter24/gcamp_ros2_ws/install/tf2_web_republisher/include/tf2_web_republisher/srv/detail/republish_t_fs__type_support.hpp
[2.439s] -- Up-to-date: /home/winter24/gcamp_ros2_ws/install/tf2_web_republisher/include/tf2_web_republisher/srv/detail/republish_t_fs__traits.hpp
[2.439s] -- Up-to-date: /home/winter24/gcamp_ros2_ws/install/tf2_web_republisher/include/tf2_web_republisher/srv/detail/republish_t_fs__builder.hpp
[2.439s] -- Up-to-date: /home/winter24/gcamp_ros2_ws/install/tf2_web_republisher/include/tf2_web_republisher/action
[2.439s] -- Up-to-date: /home/winter24/gcamp_ros2_ws/install/tf2_web_republisher/include/tf2_web_republisher/action/detail
[2.440s] -- Up-to-date: /home/winter24/gcamp_ros2_ws/install/tf2_web_republisher/include/tf2_web_republisher/action/detail/tf_subscription__traits.hpp
[2.440s] -- Up-to-date: /home/winter24/gcamp_ros2_ws/install/tf2_web_republisher/include/tf2_web_republisher/action/detail/tf_subscription__type_support.hpp
[2.440s] -- Up-to-date: /home/winter24/gcamp_ros2_ws/install/tf2_web_republisher/include/tf2_web_republisher/action/detail/tf_subscription__builder.hpp
[2.441s] -- Up-to-date: /home/winter24/gcamp_ros2_ws/install/tf2_web_republisher/include/tf2_web_republisher/action/detail/tf_subscription__struct.hpp
[2.441s] -- Up-to-date: /home/winter24/gcamp_ros2_ws/install/tf2_web_republisher/include/tf2_web_republisher/action/tf_subscription.hpp
[2.442s] -- Up-to-date: /home/winter24/gcamp_ros2_ws/install/tf2_web_republisher/include/tf2_web_republisher/msg
[2.443s] -- Up-to-date: /home/winter24/gcamp_ros2_ws/install/tf2_web_republisher/include/tf2_web_republisher/msg/tf_array.hpp
[2.443s] -- Up-to-date: /home/winter24/gcamp_ros2_ws/install/tf2_web_republisher/include/tf2_web_republisher/msg/detail
[2.443s] -- Up-to-date: /home/winter24/gcamp_ros2_ws/install/tf2_web_republisher/include/tf2_web_republisher/msg/detail/tf_array__type_support.hpp
[2.444s] -- Up-to-date: /home/winter24/gcamp_ros2_ws/install/tf2_web_republisher/include/tf2_web_republisher/msg/detail/tf_array__struct.hpp
[2.444s] -- Up-to-date: /home/winter24/gcamp_ros2_ws/install/tf2_web_republisher/include/tf2_web_republisher/msg/detail/tf_array__builder.hpp
[2.445s] -- Up-to-date: /home/winter24/gcamp_ros2_ws/install/tf2_web_republisher/include/tf2_web_republisher/msg/detail/tf_array__traits.hpp
[2.445s] -- Up-to-date: /home/winter24/gcamp_ros2_ws/install/tf2_web_republisher/include/tf2_web_republisher/msg/rosidl_generator_cpp__visibility_control.hpp
[2.445s] -- Up-to-date: /home/winter24/gcamp_ros2_ws/install/tf2_web_republisher/include/tf2_web_republisher
[2.445s] -- Up-to-date: /home/winter24/gcamp_ros2_ws/install/tf2_web_republisher/include/tf2_web_republisher/srv
[2.445s] -- Up-to-date: /home/winter24/gcamp_ros2_ws/install/tf2_web_republisher/include/tf2_web_republisher/srv/detail
[2.445s] -- Up-to-date: /home/winter24/gcamp_ros2_ws/install/tf2_web_republisher/include/tf2_web_republisher/srv/detail/republish_t_fs__rosidl_typesupport_introspection_cpp.hpp
[2.446s] -- Up-to-date: /home/winter24/gcamp_ros2_ws/install/tf2_web_republisher/include/tf2_web_republisher/srv/detail/republish_t_fs__type_support.cpp
[2.446s] -- Up-to-date: /home/winter24/gcamp_ros2_ws/install/tf2_web_republisher/include/tf2_web_republisher/action
[2.446s] -- Up-to-date: /home/winter24/gcamp_ros2_ws/install/tf2_web_republisher/include/tf2_web_republisher/action/detail
[2.446s] -- Up-to-date: /home/winter24/gcamp_ros2_ws/install/tf2_web_republisher/include/tf2_web_republisher/action/detail/tf_subscription__type_support.cpp
[2.446s] -- Up-to-date: /home/winter24/gcamp_ros2_ws/install/tf2_web_republisher/include/tf2_web_republisher/action/detail/tf_subscription__rosidl_typesupport_introspection_cpp.hpp
[2.446s] -- Up-to-date: /home/winter24/gcamp_ros2_ws/install/tf2_web_republisher/include/tf2_web_republisher/msg
[2.446s] -- Up-to-date: /home/winter24/gcamp_ros2_ws/install/tf2_web_republisher/include/tf2_web_republisher/msg/detail
[2.446s] -- Up-to-date: /home/winter24/gcamp_ros2_ws/install/tf2_web_republisher/include/tf2_web_republisher/msg/detail/tf_array__rosidl_typesupport_introspection_cpp.hpp
[2.447s] -- Up-to-date: /home/winter24/gcamp_ros2_ws/install/tf2_web_republisher/include/tf2_web_republisher/msg/detail/tf_array__type_support.cpp
[2.448s] -- Up-to-date: /home/winter24/gcamp_ros2_ws/install/tf2_web_republisher/lib/libtf2_web_republisher__rosidl_typesupport_introspection_cpp.so
[2.449s] -- Up-to-date: /home/winter24/gcamp_ros2_ws/install/tf2_web_republisher/lib/libtf2_web_republisher__rosidl_typesupport_cpp.so
[2.450s] -- Up-to-date: /home/winter24/gcamp_ros2_ws/install/tf2_web_republisher/share/tf2_web_republisher/environment/pythonpath.sh
[2.450s] -- Up-to-date: /home/winter24/gcamp_ros2_ws/install/tf2_web_republisher/share/tf2_web_republisher/environment/pythonpath.dsv
[2.451s] -- Up-to-date: /home/winter24/gcamp_ros2_ws/install/tf2_web_republisher/lib/python3.8/site-packages/tf2_web_republisher/__init__.py
[2.451s] -- Up-to-date: /home/winter24/gcamp_ros2_ws/install/tf2_web_republisher/lib/python3.8/site-packages/tf2_web_republisher/msg
[2.451s] -- Up-to-date: /home/winter24/gcamp_ros2_ws/install/tf2_web_republisher/lib/python3.8/site-packages/tf2_web_republisher/msg/_tf_array.py
[2.451s] -- Up-to-date: /home/winter24/gcamp_ros2_ws/install/tf2_web_republisher/lib/python3.8/site-packages/tf2_web_republisher/msg/_tf_array_s.c
[2.451s] -- Up-to-date: /home/winter24/gcamp_ros2_ws/install/tf2_web_republisher/lib/python3.8/site-packages/tf2_web_republisher/msg/__init__.py
[2.451s] -- Up-to-date: /home/winter24/gcamp_ros2_ws/install/tf2_web_republisher/lib/python3.8/site-packages/tf2_web_republisher/srv
[2.452s] -- Up-to-date: /home/winter24/gcamp_ros2_ws/install/tf2_web_republisher/lib/python3.8/site-packages/tf2_web_republisher/srv/_republish_t_fs.py
[2.452s] -- Up-to-date: /home/winter24/gcamp_ros2_ws/install/tf2_web_republisher/lib/python3.8/site-packages/tf2_web_republisher/srv/_republish_t_fs_s.c
[2.453s] -- Up-to-date: /home/winter24/gcamp_ros2_ws/install/tf2_web_republisher/lib/python3.8/site-packages/tf2_web_republisher/srv/__init__.py
[2.454s] -- Up-to-date: /home/winter24/gcamp_ros2_ws/install/tf2_web_republisher/lib/python3.8/site-packages/tf2_web_republisher/action
[2.455s] -- Up-to-date: /home/winter24/gcamp_ros2_ws/install/tf2_web_republisher/lib/python3.8/site-packages/tf2_web_republisher/action/_tf_subscription.py
[2.456s] -- Up-to-date: /home/winter24/gcamp_ros2_ws/install/tf2_web_republisher/lib/python3.8/site-packages/tf2_web_republisher/action/_tf_subscription_s.c
[2.457s] -- Up-to-date: /home/winter24/gcamp_ros2_ws/install/tf2_web_republisher/lib/python3.8/site-packages/tf2_web_republisher/action/__init__.py
[2.457s] -- Up-to-date: /home/winter24/gcamp_ros2_ws/install/tf2_web_republisher/lib/python3.8/site-packages/tf2_web_republisher/tf2_web_republisher_s__rosidl_typesupport_fastrtps_c.cpython-38-x86_64-linux-gnu.so
[2.458s] -- Up-to-date: /home/winter24/gcamp_ros2_ws/install/tf2_web_republisher/lib/python3.8/site-packages/tf2_web_republisher/tf2_web_republisher_s__rosidl_typesupport_introspection_c.cpython-38-x86_64-linux-gnu.so
[2.458s] -- Up-to-date: /home/winter24/gcamp_ros2_ws/install/tf2_web_republisher/lib/python3.8/site-packages/tf2_web_republisher/tf2_web_republisher_s__rosidl_typesupport_c.cpython-38-x86_64-linux-gnu.so
[2.459s] -- Up-to-date: /home/winter24/gcamp_ros2_ws/install/tf2_web_republisher/lib/libtf2_web_republisher__python.so
[2.460s] -- Up-to-date: /home/winter24/gcamp_ros2_ws/install/tf2_web_republisher/share/tf2_web_republisher/msg/TFArray.idl
[2.461s] -- Up-to-date: /home/winter24/gcamp_ros2_ws/install/tf2_web_republisher/share/tf2_web_republisher/srv/RepublishTFs.idl
[2.461s] -- Up-to-date: /home/winter24/gcamp_ros2_ws/install/tf2_web_republisher/share/tf2_web_republisher/action/TFSubscription.idl
[2.462s] -- Up-to-date: /home/winter24/gcamp_ros2_ws/install/tf2_web_republisher/share/tf2_web_republisher/msg/TFArray.msg
[2.463s] -- Up-to-date: /home/winter24/gcamp_ros2_ws/install/tf2_web_republisher/share/tf2_web_republisher/srv/RepublishTFs.srv
[2.463s] -- Up-to-date: /home/winter24/gcamp_ros2_ws/install/tf2_web_republisher/share/tf2_web_republisher/srv/RepublishTFs_Request.msg
[2.464s] -- Up-to-date: /home/winter24/gcamp_ros2_ws/install/tf2_web_republisher/share/tf2_web_republisher/srv/RepublishTFs_Response.msg
[2.464s] -- Up-to-date: /home/winter24/gcamp_ros2_ws/install/tf2_web_republisher/share/tf2_web_republisher/action/TFSubscription.action
[2.465s] -- Up-to-date: /home/winter24/gcamp_ros2_ws/install/tf2_web_republisher/share/ament_index/resource_index/package_run_dependencies/tf2_web_republisher
[2.466s] -- Up-to-date: /home/winter24/gcamp_ros2_ws/install/tf2_web_republisher/share/ament_index/resource_index/parent_prefix_path/tf2_web_republisher
[2.467s] -- Up-to-date: /home/winter24/gcamp_ros2_ws/install/tf2_web_republisher/share/tf2_web_republisher/environment/ament_prefix_path.sh
[2.468s] -- Up-to-date: /home/winter24/gcamp_ros2_ws/install/tf2_web_republisher/share/tf2_web_republisher/environment/ament_prefix_path.dsv
[2.468s] -- Up-to-date: /home/winter24/gcamp_ros2_ws/install/tf2_web_republisher/share/tf2_web_republisher/environment/path.sh
[2.468s] -- Up-to-date: /home/winter24/gcamp_ros2_ws/install/tf2_web_republisher/share/tf2_web_republisher/environment/path.dsv
[2.468s] -- Up-to-date: /home/winter24/gcamp_ros2_ws/install/tf2_web_republisher/share/tf2_web_republisher/local_setup.bash
[2.468s] -- Up-to-date: /home/winter24/gcamp_ros2_ws/install/tf2_web_republisher/share/tf2_web_republisher/local_setup.sh
[2.468s] -- Up-to-date: /home/winter24/gcamp_ros2_ws/install/tf2_web_republisher/share/tf2_web_republisher/local_setup.zsh
[2.468s] -- Up-to-date: /home/winter24/gcamp_ros2_ws/install/tf2_web_republisher/share/tf2_web_republisher/local_setup.dsv
[2.469s] -- Installing: /home/winter24/gcamp_ros2_ws/install/tf2_web_republisher/share/tf2_web_republisher/package.dsv
[2.469s] -- Up-to-date: /home/winter24/gcamp_ros2_ws/install/tf2_web_republisher/share/ament_index/resource_index/packages/tf2_web_republisher
[2.469s] -- Up-to-date: /home/winter24/gcamp_ros2_ws/install/tf2_web_republisher/share/tf2_web_republisher/cmake/tf2_web_republisher__rosidl_generator_cExport.cmake
[2.469s] -- Up-to-date: /home/winter24/gcamp_ros2_ws/install/tf2_web_republisher/share/tf2_web_republisher/cmake/tf2_web_republisher__rosidl_generator_cExport-noconfig.cmake
[2.469s] -- Up-to-date: /home/winter24/gcamp_ros2_ws/install/tf2_web_republisher/share/tf2_web_republisher/cmake/tf2_web_republisher__rosidl_typesupport_introspection_cExport.cmake
[2.469s] -- Up-to-date: /home/winter24/gcamp_ros2_ws/install/tf2_web_republisher/share/tf2_web_republisher/cmake/tf2_web_republisher__rosidl_typesupport_introspection_cExport-noconfig.cmake
[2.469s] -- Up-to-date: /home/winter24/gcamp_ros2_ws/install/tf2_web_republisher/share/tf2_web_republisher/cmake/tf2_web_republisher__rosidl_typesupport_cExport.cmake
[2.469s] -- Up-to-date: /home/winter24/gcamp_ros2_ws/install/tf2_web_republisher/share/tf2_web_republisher/cmake/tf2_web_republisher__rosidl_typesupport_cExport-noconfig.cmake
[2.469s] -- Up-to-date: /home/winter24/gcamp_ros2_ws/install/tf2_web_republisher/share/tf2_web_republisher/cmake/tf2_web_republisher__rosidl_generator_cppExport.cmake
[2.469s] -- Up-to-date: /home/winter24/gcamp_ros2_ws/install/tf2_web_republisher/share/tf2_web_republisher/cmake/tf2_web_republisher__rosidl_typesupport_introspection_cppExport.cmake
[2.469s] -- Up-to-date: /home/winter24/gcamp_ros2_ws/install/tf2_web_republisher/share/tf2_web_republisher/cmake/tf2_web_republisher__rosidl_typesupport_introspection_cppExport-noconfig.cmake
[2.469s] -- Up-to-date: /home/winter24/gcamp_ros2_ws/install/tf2_web_republisher/share/tf2_web_republisher/cmake/tf2_web_republisher__rosidl_typesupport_cppExport.cmake
[2.469s] -- Up-to-date: /home/winter24/gcamp_ros2_ws/install/tf2_web_republisher/share/tf2_web_republisher/cmake/tf2_web_republisher__rosidl_typesupport_cppExport-noconfig.cmake
[2.469s] -- Up-to-date: /home/winter24/gcamp_ros2_ws/install/tf2_web_republisher/share/tf2_web_republisher/cmake/rosidl_cmake-extras.cmake
[2.469s] -- Up-to-date: /home/winter24/gcamp_ros2_ws/install/tf2_web_republisher/share/tf2_web_republisher/cmake/ament_cmake_export_dependencies-extras.cmake
[2.469s] -- Up-to-date: /home/winter24/gcamp_ros2_ws/install/tf2_web_republisher/share/tf2_web_republisher/cmake/ament_cmake_export_libraries-extras.cmake
[2.469s] -- Up-to-date: /home/winter24/gcamp_ros2_ws/install/tf2_web_republisher/share/tf2_web_republisher/cmake/ament_cmake_export_targets-extras.cmake
[2.469s] -- Up-to-date: /home/winter24/gcamp_ros2_ws/install/tf2_web_republisher/share/tf2_web_republisher/cmake/ament_cmake_export_include_directories-extras.cmake
[2.469s] -- Up-to-date: /home/winter24/gcamp_ros2_ws/install/tf2_web_republisher/share/tf2_web_republisher/cmake/rosidl_cmake_export_typesupport_libraries-extras.cmake
[2.469s] -- Up-to-date: /home/winter24/gcamp_ros2_ws/install/tf2_web_republisher/share/tf2_web_republisher/cmake/rosidl_cmake_export_typesupport_targets-extras.cmake
[2.470s] -- Up-to-date: /home/winter24/gcamp_ros2_ws/install/tf2_web_republisher/share/tf2_web_republisher/cmake/tf2_web_republisherConfig.cmake
[2.470s] -- Up-to-date: /home/winter24/gcamp_ros2_ws/install/tf2_web_republisher/share/tf2_web_republisher/cmake/tf2_web_republisherConfig-version.cmake
[2.470s] -- Up-to-date: /home/winter24/gcamp_ros2_ws/install/tf2_web_republisher/share/tf2_web_republisher/package.xml
[3.545s] Invoked command in '/home/winter24/gcamp_ros2_ws/build/tf2_web_republisher' returned '0': CMAKE_PREFIX_PATH=${CMAKE_PREFIX_PATH}:/home/winter24/gcamp_ros2_ws/install/yolov8_ros:/home/winter24/gcamp_ros2_ws/install/tf2_web_republisher_py:/home/winter24/gcamp_ros2_ws/install/ball_tracker:/opt/ros/foxy /home/winter24/.local/bin/cmake --install /home/winter24/gcamp_ros2_ws/build/tf2_web_republisher
