[2.274s] Invoking command in '/home/winter24/gcamp_ros2_ws/build/aws_robomaker_small_warehouse_world': CMAKE_PREFIX_PATH=${CMAKE_PREFIX_PATH}:/home/winter24/gcamp_ros2_ws/install/yolov8_ros:/home/winter24/gcamp_ros2_ws/install/tf2_web_republisher_py:/home/winter24/gcamp_ros2_ws/install/ball_tracker:/opt/ros/foxy /home/winter24/.local/bin/cmake --build /home/winter24/gcamp_ros2_ws/build/aws_robomaker_small_warehouse_world -- -j16 -l16
[2.983s] Invoked command in '/home/winter24/gcamp_ros2_ws/build/aws_robomaker_small_warehouse_world' returned '0': CMAKE_PREFIX_PATH=${CMAKE_PREFIX_PATH}:/home/winter24/gcamp_ros2_ws/install/yolov8_ros:/home/winter24/gcamp_ros2_ws/install/tf2_web_republisher_py:/home/winter24/gcamp_ros2_ws/install/ball_tracker:/opt/ros/foxy /home/winter24/.local/bin/cmake --build /home/winter24/gcamp_ros2_ws/build/aws_robomaker_small_warehouse_world -- -j16 -l16
[3.109s] Invoking command in '/home/winter24/gcamp_ros2_ws/build/aws_robomaker_small_warehouse_world': CMAKE_PREFIX_PATH=${CMAKE_PREFIX_PATH}:/home/winter24/gcamp_ros2_ws/install/yolov8_ros:/home/winter24/gcamp_ros2_ws/install/tf2_web_republisher_py:/home/winter24/gcamp_ros2_ws/install/ball_tracker:/opt/ros/foxy /home/winter24/.local/bin/cmake --install /home/winter24/gcamp_ros2_ws/build/aws_robomaker_small_warehouse_world
[3.176s] -- Install configuration: ""
[3.177s] -- Up-to-date: /home/winter24/gcamp_ros2_ws/install/aws_robomaker_small_warehouse_world/share/aws_robomaker_small_warehouse_world/launch
[3.177s] -- Up-to-date: /home/winter24/gcamp_ros2_ws/install/aws_robomaker_small_warehouse_world/share/aws_robomaker_small_warehouse_world/launch/no_roof_small_warehouse.launch.py
[3.177s] -- Up-to-date: /home/winter24/gcamp_ros2_ws/install/aws_robomaker_small_warehouse_world/share/aws_robomaker_small_warehouse_world/launch/small_warehouse.launch.py
[3.177s] -- Up-to-date: /home/winter24/gcamp_ros2_ws/install/aws_robomaker_small_warehouse_world/share/aws_robomaker_small_warehouse_world/models
[3.177s] -- Up-to-date: /home/winter24/gcamp_ros2_ws/install/aws_robomaker_small_warehouse_world/share/aws_robomaker_small_warehouse_world/models/aws_robomaker_warehouse_ClutteringD_01
[3.177s] -- Up-to-date: /home/winter24/gcamp_ros2_ws/install/aws_robomaker_small_warehouse_world/share/aws_robomaker_small_warehouse_world/models/aws_robomaker_warehouse_ClutteringD_01/model.config
[3.177s] -- Up-to-date: /home/winter24/gcamp_ros2_ws/install/aws_robomaker_small_warehouse_world/share/aws_robomaker_small_warehouse_world/models/aws_robomaker_warehouse_ClutteringD_01/model.sdf
[3.177s] -- Up-to-date: /home/winter24/gcamp_ros2_ws/install/aws_robomaker_small_warehouse_world/share/aws_robomaker_small_warehouse_world/models/aws_robomaker_warehouse_ClutteringD_01/meshes
[3.177s] -- Up-to-date: /home/winter24/gcamp_ros2_ws/install/aws_robomaker_small_warehouse_world/share/aws_robomaker_small_warehouse_world/models/aws_robomaker_warehouse_ClutteringD_01/meshes/aws_robomaker_warehouse_ClutteringD_01_visual.DAE
[3.177s] -- Up-to-date: /home/winter24/gcamp_ros2_ws/install/aws_robomaker_small_warehouse_world/share/aws_robomaker_small_warehouse_world/models/aws_robomaker_warehouse_ClutteringD_01/meshes/aws_robomaker_warehouse_ClutteringD_01_collision.DAE
[3.177s] -- Up-to-date: /home/winter24/gcamp_ros2_ws/install/aws_robomaker_small_warehouse_world/share/aws_robomaker_small_warehouse_world/models/aws_robomaker_warehouse_ClutteringD_01/materials
[3.177s] -- Up-to-date: /home/winter24/gcamp_ros2_ws/install/aws_robomaker_small_warehouse_world/share/aws_robomaker_small_warehouse_world/models/aws_robomaker_warehouse_ClutteringD_01/materials/textures
[3.177s] -- Up-to-date: /home/winter24/gcamp_ros2_ws/install/aws_robomaker_small_warehouse_world/share/aws_robomaker_small_warehouse_world/models/aws_robomaker_warehouse_ClutteringD_01/materials/textures/aws_robomaker_warehouse_ClutteringD_01.png
[3.177s] -- Up-to-date: /home/winter24/gcamp_ros2_ws/install/aws_robomaker_small_warehouse_world/share/aws_robomaker_small_warehouse_world/models/aws_robomaker_warehouse_ClutteringD_01/materials/textures/aws_robomaker_warehouse_ClutteringD_02.png
[3.177s] -- Up-to-date: /home/winter24/gcamp_ros2_ws/install/aws_robomaker_small_warehouse_world/share/aws_robomaker_small_warehouse_world/models/aws_robomaker_warehouse_ClutteringC_01
[3.178s] -- Up-to-date: /home/winter24/gcamp_ros2_ws/install/aws_robomaker_small_warehouse_world/share/aws_robomaker_small_warehouse_world/models/aws_robomaker_warehouse_ClutteringC_01/model.config
[3.178s] -- Up-to-date: /home/winter24/gcamp_ros2_ws/install/aws_robomaker_small_warehouse_world/share/aws_robomaker_small_warehouse_world/models/aws_robomaker_warehouse_ClutteringC_01/model.sdf
[3.178s] -- Up-to-date: /home/winter24/gcamp_ros2_ws/install/aws_robomaker_small_warehouse_world/share/aws_robomaker_small_warehouse_world/models/aws_robomaker_warehouse_ClutteringC_01/meshes
[3.178s] -- Up-to-date: /home/winter24/gcamp_ros2_ws/install/aws_robomaker_small_warehouse_world/share/aws_robomaker_small_warehouse_world/models/aws_robomaker_warehouse_ClutteringC_01/meshes/aws_robomaker_warehouse_ClutteringC_01_collision.DAE
[3.178s] -- Up-to-date: /home/winter24/gcamp_ros2_ws/install/aws_robomaker_small_warehouse_world/share/aws_robomaker_small_warehouse_world/models/aws_robomaker_warehouse_ClutteringC_01/meshes/aws_robomaker_warehouse_ClutteringC_01_visual.DAE
[3.178s] -- Up-to-date: /home/winter24/gcamp_ros2_ws/install/aws_robomaker_small_warehouse_world/share/aws_robomaker_small_warehouse_world/models/aws_robomaker_warehouse_ClutteringC_01/materials
[3.178s] -- Up-to-date: /home/winter24/gcamp_ros2_ws/install/aws_robomaker_small_warehouse_world/share/aws_robomaker_small_warehouse_world/models/aws_robomaker_warehouse_ClutteringC_01/materials/textures
[3.178s] -- Up-to-date: /home/winter24/gcamp_ros2_ws/install/aws_robomaker_small_warehouse_world/share/aws_robomaker_small_warehouse_world/models/aws_robomaker_warehouse_ClutteringC_01/materials/textures/aws_robomaker_warehouse_ClutteringC_02.png
[3.178s] -- Up-to-date: /home/winter24/gcamp_ros2_ws/install/aws_robomaker_small_warehouse_world/share/aws_robomaker_small_warehouse_world/models/aws_robomaker_warehouse_ClutteringC_01/materials/textures/aws_robomaker_warehouse_ClutteringC_01.png
[3.178s] -- Up-to-date: /home/winter24/gcamp_ros2_ws/install/aws_robomaker_small_warehouse_world/share/aws_robomaker_small_warehouse_world/models/aws_robomaker_warehouse_DeskC_01
[3.178s] -- Up-to-date: /home/winter24/gcamp_ros2_ws/install/aws_robomaker_small_warehouse_world/share/aws_robomaker_small_warehouse_world/models/aws_robomaker_warehouse_DeskC_01/model.config
[3.178s] -- Up-to-date: /home/winter24/gcamp_ros2_ws/install/aws_robomaker_small_warehouse_world/share/aws_robomaker_small_warehouse_world/models/aws_robomaker_warehouse_DeskC_01/model.sdf
[3.178s] -- Up-to-date: /home/winter24/gcamp_ros2_ws/install/aws_robomaker_small_warehouse_world/share/aws_robomaker_small_warehouse_world/models/aws_robomaker_warehouse_DeskC_01/meshes
[3.178s] -- Up-to-date: /home/winter24/gcamp_ros2_ws/install/aws_robomaker_small_warehouse_world/share/aws_robomaker_small_warehouse_world/models/aws_robomaker_warehouse_DeskC_01/meshes/aws_robomaker_warehouse_DeskC_01_collision.DAE
[3.178s] -- Up-to-date: /home/winter24/gcamp_ros2_ws/install/aws_robomaker_small_warehouse_world/share/aws_robomaker_small_warehouse_world/models/aws_robomaker_warehouse_DeskC_01/meshes/aws_robomaker_warehouse_DeskC_01_visual.DAE
[3.178s] -- Up-to-date: /home/winter24/gcamp_ros2_ws/install/aws_robomaker_small_warehouse_world/share/aws_robomaker_small_warehouse_world/models/aws_robomaker_warehouse_DeskC_01/materials
[3.178s] -- Up-to-date: /home/winter24/gcamp_ros2_ws/install/aws_robomaker_small_warehouse_world/share/aws_robomaker_small_warehouse_world/models/aws_robomaker_warehouse_DeskC_01/materials/textures
[3.178s] -- Up-to-date: /home/winter24/gcamp_ros2_ws/install/aws_robomaker_small_warehouse_world/share/aws_robomaker_small_warehouse_world/models/aws_robomaker_warehouse_DeskC_01/materials/textures/aws_robomaker_warehouse_DeskC_01.png
[3.178s] -- Up-to-date: /home/winter24/gcamp_ros2_ws/install/aws_robomaker_small_warehouse_world/share/aws_robomaker_small_warehouse_world/models/aws_robomaker_warehouse_DeskC_01/materials/textures/aws_robomaker_warehouse_DeskC_03.psd
[3.178s] -- Up-to-date: /home/winter24/gcamp_ros2_ws/install/aws_robomaker_small_warehouse_world/share/aws_robomaker_small_warehouse_world/models/aws_robomaker_warehouse_DeskC_01/materials/textures/aws_robomaker_warehouse_DeskC_02.png
[3.178s] -- Up-to-date: /home/winter24/gcamp_ros2_ws/install/aws_robomaker_small_warehouse_world/share/aws_robomaker_small_warehouse_world/models/aws_robomaker_warehouse_DeskC_01/materials/textures/aws_robomaker_warehouse_DeskC_04.png
[3.178s] -- Up-to-date: /home/winter24/gcamp_ros2_ws/install/aws_robomaker_small_warehouse_world/share/aws_robomaker_small_warehouse_world/models/aws_robomaker_warehouse_DeskC_01/materials/textures/aws_robomaker_warehouse_DeskC_03.png
[3.178s] -- Up-to-date: /home/winter24/gcamp_ros2_ws/install/aws_robomaker_small_warehouse_world/share/aws_robomaker_small_warehouse_world/models/aws_robomaker_warehouse_DeskC_01/materials/.DS_Store
[3.179s] -- Up-to-date: /home/winter24/gcamp_ros2_ws/install/aws_robomaker_small_warehouse_world/share/aws_robomaker_small_warehouse_world/models/aws_robomaker_warehouse_ClutteringA_01
[3.179s] -- Up-to-date: /home/winter24/gcamp_ros2_ws/install/aws_robomaker_small_warehouse_world/share/aws_robomaker_small_warehouse_world/models/aws_robomaker_warehouse_ClutteringA_01/model.config
[3.179s] -- Up-to-date: /home/winter24/gcamp_ros2_ws/install/aws_robomaker_small_warehouse_world/share/aws_robomaker_small_warehouse_world/models/aws_robomaker_warehouse_ClutteringA_01/model.sdf
[3.179s] -- Up-to-date: /home/winter24/gcamp_ros2_ws/install/aws_robomaker_small_warehouse_world/share/aws_robomaker_small_warehouse_world/models/aws_robomaker_warehouse_ClutteringA_01/meshes
[3.179s] -- Up-to-date: /home/winter24/gcamp_ros2_ws/install/aws_robomaker_small_warehouse_world/share/aws_robomaker_small_warehouse_world/models/aws_robomaker_warehouse_ClutteringA_01/meshes/aws_robomaker_warehouse_ClutteringA_01_collision.DAE
[3.179s] -- Up-to-date: /home/winter24/gcamp_ros2_ws/install/aws_robomaker_small_warehouse_world/share/aws_robomaker_small_warehouse_world/models/aws_robomaker_warehouse_ClutteringA_01/meshes/aws_robomaker_warehouse_ClutteringA_01_visual.DAE
[3.179s] -- Up-to-date: /home/winter24/gcamp_ros2_ws/install/aws_robomaker_small_warehouse_world/share/aws_robomaker_small_warehouse_world/models/aws_robomaker_warehouse_ClutteringA_01/materials
[3.179s] -- Up-to-date: /home/winter24/gcamp_ros2_ws/install/aws_robomaker_small_warehouse_world/share/aws_robomaker_small_warehouse_world/models/aws_robomaker_warehouse_ClutteringA_01/materials/textures
[3.179s] -- Up-to-date: /home/winter24/gcamp_ros2_ws/install/aws_robomaker_small_warehouse_world/share/aws_robomaker_small_warehouse_world/models/aws_robomaker_warehouse_ClutteringA_01/materials/textures/aws_robomaker_warehouse_ClutteringA_02.png
[3.179s] -- Up-to-date: /home/winter24/gcamp_ros2_ws/install/aws_robomaker_small_warehouse_world/share/aws_robomaker_small_warehouse_world/models/aws_robomaker_warehouse_ClutteringA_01/materials/textures/.DS_Store
[3.179s] -- Up-to-date: /home/winter24/gcamp_ros2_ws/install/aws_robomaker_small_warehouse_world/share/aws_robomaker_small_warehouse_world/models/aws_robomaker_warehouse_ClutteringA_01/materials/textures/aws_robomaker_warehouse_ClutteringA_01.png
[3.179s] -- Up-to-date: /home/winter24/gcamp_ros2_ws/install/aws_robomaker_small_warehouse_world/share/aws_robomaker_small_warehouse_world/models/aws_robomaker_warehouse_ClutteringA_01/materials/textures/aws_robomaker_warehouse_ClutteringA_03.png
[3.179s] -- Up-to-date: /home/winter24/gcamp_ros2_ws/install/aws_robomaker_small_warehouse_world/share/aws_robomaker_small_warehouse_world/models/aws_robomaker_warehouse_ClutteringA_01/materials/.DS_Store
[3.179s] -- Up-to-date: /home/winter24/gcamp_ros2_ws/install/aws_robomaker_small_warehouse_world/share/aws_robomaker_small_warehouse_world/models/aws_robomaker_warehouse_ClutteringA_01/.DS_Store
[3.179s] -- Up-to-date: /home/winter24/gcamp_ros2_ws/install/aws_robomaker_small_warehouse_world/share/aws_robomaker_small_warehouse_world/models/aws_robomaker_warehouse_TrashCanC_01
[3.179s] -- Up-to-date: /home/winter24/gcamp_ros2_ws/install/aws_robomaker_small_warehouse_world/share/aws_robomaker_small_warehouse_world/models/aws_robomaker_warehouse_TrashCanC_01/model.config
[3.179s] -- Up-to-date: /home/winter24/gcamp_ros2_ws/install/aws_robomaker_small_warehouse_world/share/aws_robomaker_small_warehouse_world/models/aws_robomaker_warehouse_TrashCanC_01/model.sdf
[3.179s] -- Up-to-date: /home/winter24/gcamp_ros2_ws/install/aws_robomaker_small_warehouse_world/share/aws_robomaker_small_warehouse_world/models/aws_robomaker_warehouse_TrashCanC_01/meshes
[3.179s] -- Up-to-date: /home/winter24/gcamp_ros2_ws/install/aws_robomaker_small_warehouse_world/share/aws_robomaker_small_warehouse_world/models/aws_robomaker_warehouse_TrashCanC_01/meshes/aws_robomaker_warehouse_TrashCanC_01_visual.DAE
[3.179s] -- Up-to-date: /home/winter24/gcamp_ros2_ws/install/aws_robomaker_small_warehouse_world/share/aws_robomaker_small_warehouse_world/models/aws_robomaker_warehouse_TrashCanC_01/meshes/aws_robomaker_warehouse_TrashCanC_01_collision.DAE
[3.179s] -- Up-to-date: /home/winter24/gcamp_ros2_ws/install/aws_robomaker_small_warehouse_world/share/aws_robomaker_small_warehouse_world/models/aws_robomaker_warehouse_TrashCanC_01/materials
[3.179s] -- Up-to-date: /home/winter24/gcamp_ros2_ws/install/aws_robomaker_small_warehouse_world/share/aws_robomaker_small_warehouse_world/models/aws_robomaker_warehouse_TrashCanC_01/materials/textures
[3.179s] -- Up-to-date: /home/winter24/gcamp_ros2_ws/install/aws_robomaker_small_warehouse_world/share/aws_robomaker_small_warehouse_world/models/aws_robomaker_warehouse_TrashCanC_01/materials/textures/aws_robomaker_warehouse_TrashCanC_01.png
[3.179s] -- Up-to-date: /home/winter24/gcamp_ros2_ws/install/aws_robomaker_small_warehouse_world/share/aws_robomaker_small_warehouse_world/models/aws_robomaker_warehouse_PalletJackB_01
[3.179s] -- Up-to-date: /home/winter24/gcamp_ros2_ws/install/aws_robomaker_small_warehouse_world/share/aws_robomaker_small_warehouse_world/models/aws_robomaker_warehouse_PalletJackB_01/model.config
[3.180s] -- Up-to-date: /home/winter24/gcamp_ros2_ws/install/aws_robomaker_small_warehouse_world/share/aws_robomaker_small_warehouse_world/models/aws_robomaker_warehouse_PalletJackB_01/model.sdf
[3.180s] -- Up-to-date: /home/winter24/gcamp_ros2_ws/install/aws_robomaker_small_warehouse_world/share/aws_robomaker_small_warehouse_world/models/aws_robomaker_warehouse_PalletJackB_01/meshes
[3.180s] -- Up-to-date: /home/winter24/gcamp_ros2_ws/install/aws_robomaker_small_warehouse_world/share/aws_robomaker_small_warehouse_world/models/aws_robomaker_warehouse_PalletJackB_01/meshes/aws_robomaker_warehouse_PalletJackB_01_visual.DAE
[3.180s] -- Up-to-date: /home/winter24/gcamp_ros2_ws/install/aws_robomaker_small_warehouse_world/share/aws_robomaker_small_warehouse_world/models/aws_robomaker_warehouse_PalletJackB_01/meshes/aws_robomaker_warehouse_PalletJackB_01_collision.DAE
[3.180s] -- Up-to-date: /home/winter24/gcamp_ros2_ws/install/aws_robomaker_small_warehouse_world/share/aws_robomaker_small_warehouse_world/models/aws_robomaker_warehouse_PalletJackB_01/materials
[3.180s] -- Up-to-date: /home/winter24/gcamp_ros2_ws/install/aws_robomaker_small_warehouse_world/share/aws_robomaker_small_warehouse_world/models/aws_robomaker_warehouse_PalletJackB_01/materials/textures
[3.180s] -- Up-to-date: /home/winter24/gcamp_ros2_ws/install/aws_robomaker_small_warehouse_world/share/aws_robomaker_small_warehouse_world/models/aws_robomaker_warehouse_PalletJackB_01/materials/textures/aws_robomaker_warehouse_PalletJackB_01.png
[3.180s] -- Up-to-date: /home/winter24/gcamp_ros2_ws/install/aws_robomaker_small_warehouse_world/share/aws_robomaker_small_warehouse_world/models/aws_robomaker_warehouse_PalletJackB_01/materials/textures/aws_robomaker_warehouse_PalletJackB_02.png
[3.180s] -- Up-to-date: /home/winter24/gcamp_ros2_ws/install/aws_robomaker_small_warehouse_world/share/aws_robomaker_small_warehouse_world/models/aws_robomaker_warehouse_PalletJackB_01/materials/.DS_Store
[3.181s] -- Up-to-date: /home/winter24/gcamp_ros2_ws/install/aws_robomaker_small_warehouse_world/share/aws_robomaker_small_warehouse_world/models/aws_robomaker_warehouse_PalletJackB_01/.DS_Store
[3.181s] -- Up-to-date: /home/winter24/gcamp_ros2_ws/install/aws_robomaker_small_warehouse_world/share/aws_robomaker_small_warehouse_world/models/aws_robomaker_warehouse_RoofB_01
[3.181s] -- Up-to-date: /home/winter24/gcamp_ros2_ws/install/aws_robomaker_small_warehouse_world/share/aws_robomaker_small_warehouse_world/models/aws_robomaker_warehouse_RoofB_01/model.config
[3.181s] -- Up-to-date: /home/winter24/gcamp_ros2_ws/install/aws_robomaker_small_warehouse_world/share/aws_robomaker_small_warehouse_world/models/aws_robomaker_warehouse_RoofB_01/model.sdf
[3.181s] -- Up-to-date: /home/winter24/gcamp_ros2_ws/install/aws_robomaker_small_warehouse_world/share/aws_robomaker_small_warehouse_world/models/aws_robomaker_warehouse_RoofB_01/meshes
[3.181s] -- Up-to-date: /home/winter24/gcamp_ros2_ws/install/aws_robomaker_small_warehouse_world/share/aws_robomaker_small_warehouse_world/models/aws_robomaker_warehouse_RoofB_01/meshes/aws_robomaker_warehouse_RoofB_01_collision.DAE
[3.181s] -- Up-to-date: /home/winter24/gcamp_ros2_ws/install/aws_robomaker_small_warehouse_world/share/aws_robomaker_small_warehouse_world/models/aws_robomaker_warehouse_RoofB_01/meshes/aws_robomaker_warehouse_RoofB_01_visual.DAE
[3.181s] -- Up-to-date: /home/winter24/gcamp_ros2_ws/install/aws_robomaker_small_warehouse_world/share/aws_robomaker_small_warehouse_world/models/aws_robomaker_warehouse_RoofB_01/materials
[3.181s] -- Up-to-date: /home/winter24/gcamp_ros2_ws/install/aws_robomaker_small_warehouse_world/share/aws_robomaker_small_warehouse_world/models/aws_robomaker_warehouse_RoofB_01/materials/textures
[3.181s] -- Up-to-date: /home/winter24/gcamp_ros2_ws/install/aws_robomaker_small_warehouse_world/share/aws_robomaker_small_warehouse_world/models/aws_robomaker_warehouse_RoofB_01/materials/textures/aws_robomaker_warehouse_RoofB_01.png
[3.181s] -- Up-to-date: /home/winter24/gcamp_ros2_ws/install/aws_robomaker_small_warehouse_world/share/aws_robomaker_small_warehouse_world/models/aws_robomaker_warehouse_ShelfE_01
[3.181s] -- Up-to-date: /home/winter24/gcamp_ros2_ws/install/aws_robomaker_small_warehouse_world/share/aws_robomaker_small_warehouse_world/models/aws_robomaker_warehouse_ShelfE_01/model.config
[3.181s] -- Up-to-date: /home/winter24/gcamp_ros2_ws/install/aws_robomaker_small_warehouse_world/share/aws_robomaker_small_warehouse_world/models/aws_robomaker_warehouse_ShelfE_01/model.sdf
[3.181s] -- Up-to-date: /home/winter24/gcamp_ros2_ws/install/aws_robomaker_small_warehouse_world/share/aws_robomaker_small_warehouse_world/models/aws_robomaker_warehouse_ShelfE_01/meshes
[3.181s] -- Up-to-date: /home/winter24/gcamp_ros2_ws/install/aws_robomaker_small_warehouse_world/share/aws_robomaker_small_warehouse_world/models/aws_robomaker_warehouse_ShelfE_01/meshes/aws_robomaker_warehouse_ShelfE_01_visual.DAE
[3.181s] -- Up-to-date: /home/winter24/gcamp_ros2_ws/install/aws_robomaker_small_warehouse_world/share/aws_robomaker_small_warehouse_world/models/aws_robomaker_warehouse_ShelfE_01/meshes/aws_robomaker_warehouse_ShelfE_01_collision.DAE
[3.181s] -- Up-to-date: /home/winter24/gcamp_ros2_ws/install/aws_robomaker_small_warehouse_world/share/aws_robomaker_small_warehouse_world/models/aws_robomaker_warehouse_ShelfE_01/materials
[3.181s] -- Up-to-date: /home/winter24/gcamp_ros2_ws/install/aws_robomaker_small_warehouse_world/share/aws_robomaker_small_warehouse_world/models/aws_robomaker_warehouse_ShelfE_01/materials/textures
[3.182s] -- Up-to-date: /home/winter24/gcamp_ros2_ws/install/aws_robomaker_small_warehouse_world/share/aws_robomaker_small_warehouse_world/models/aws_robomaker_warehouse_ShelfE_01/materials/textures/aws_robomaker_warehouse_ShelfE_03.png
[3.182s] -- Up-to-date: /home/winter24/gcamp_ros2_ws/install/aws_robomaker_small_warehouse_world/share/aws_robomaker_small_warehouse_world/models/aws_robomaker_warehouse_ShelfE_01/materials/textures/aws_robomaker_warehouse_ShelfE_02.png
[3.182s] -- Up-to-date: /home/winter24/gcamp_ros2_ws/install/aws_robomaker_small_warehouse_world/share/aws_robomaker_small_warehouse_world/models/aws_robomaker_warehouse_ShelfE_01/materials/textures/aws_robomaker_warehouse_ShelfE_01.png
[3.182s] -- Up-to-date: /home/winter24/gcamp_ros2_ws/install/aws_robomaker_small_warehouse_world/share/aws_robomaker_small_warehouse_world/models/aws_robomaker_warehouse_ShelfE_01/materials/textures/aws_robomaker_warehouse_ShelfE_04.png
[3.182s] -- Up-to-date: /home/winter24/gcamp_ros2_ws/install/aws_robomaker_small_warehouse_world/share/aws_robomaker_small_warehouse_world/models/aws_robomaker_warehouse_ShelfE_01/materials/.DS_Store
[3.182s] -- Up-to-date: /home/winter24/gcamp_ros2_ws/install/aws_robomaker_small_warehouse_world/share/aws_robomaker_small_warehouse_world/models/aws_robomaker_warehouse_ShelfE_01/.DS_Store
[3.182s] -- Up-to-date: /home/winter24/gcamp_ros2_ws/install/aws_robomaker_small_warehouse_world/share/aws_robomaker_small_warehouse_world/models/.DS_Store
[3.182s] -- Up-to-date: /home/winter24/gcamp_ros2_ws/install/aws_robomaker_small_warehouse_world/share/aws_robomaker_small_warehouse_world/models/aws_robomaker_warehouse_ShelfD_01
[3.182s] -- Up-to-date: /home/winter24/gcamp_ros2_ws/install/aws_robomaker_small_warehouse_world/share/aws_robomaker_small_warehouse_world/models/aws_robomaker_warehouse_ShelfD_01/model.config
[3.182s] -- Up-to-date: /home/winter24/gcamp_ros2_ws/install/aws_robomaker_small_warehouse_world/share/aws_robomaker_small_warehouse_world/models/aws_robomaker_warehouse_ShelfD_01/model.sdf
[3.182s] -- Up-to-date: /home/winter24/gcamp_ros2_ws/install/aws_robomaker_small_warehouse_world/share/aws_robomaker_small_warehouse_world/models/aws_robomaker_warehouse_ShelfD_01/meshes
[3.182s] -- Up-to-date: /home/winter24/gcamp_ros2_ws/install/aws_robomaker_small_warehouse_world/share/aws_robomaker_small_warehouse_world/models/aws_robomaker_warehouse_ShelfD_01/meshes/aws_robomaker_warehouse_ShelfD_01_collision.DAE
[3.182s] -- Up-to-date: /home/winter24/gcamp_ros2_ws/install/aws_robomaker_small_warehouse_world/share/aws_robomaker_small_warehouse_world/models/aws_robomaker_warehouse_ShelfD_01/meshes/aws_robomaker_warehouse_ShelfD_01_visual.DAE
[3.182s] -- Up-to-date: /home/winter24/gcamp_ros2_ws/install/aws_robomaker_small_warehouse_world/share/aws_robomaker_small_warehouse_world/models/aws_robomaker_warehouse_ShelfD_01/materials
[3.182s] -- Up-to-date: /home/winter24/gcamp_ros2_ws/install/aws_robomaker_small_warehouse_world/share/aws_robomaker_small_warehouse_world/models/aws_robomaker_warehouse_ShelfD_01/materials/textures
[3.182s] -- Up-to-date: /home/winter24/gcamp_ros2_ws/install/aws_robomaker_small_warehouse_world/share/aws_robomaker_small_warehouse_world/models/aws_robomaker_warehouse_ShelfD_01/materials/textures/aws_robomaker_warehouse_ShelfD_03.png
[3.182s] -- Up-to-date: /home/winter24/gcamp_ros2_ws/install/aws_robomaker_small_warehouse_world/share/aws_robomaker_small_warehouse_world/models/aws_robomaker_warehouse_ShelfD_01/materials/textures/aws_robomaker_warehouse_ShelfD_02.png
[3.182s] -- Up-to-date: /home/winter24/gcamp_ros2_ws/install/aws_robomaker_small_warehouse_world/share/aws_robomaker_small_warehouse_world/models/aws_robomaker_warehouse_ShelfD_01/materials/textures/aws_robomaker_warehouse_ShelfD_01.png
[3.182s] -- Up-to-date: /home/winter24/gcamp_ros2_ws/install/aws_robomaker_small_warehouse_world/share/aws_robomaker_small_warehouse_world/models/aws_robomaker_warehouse_ShelfD_01/materials/textures/aws_robomaker_warehouse_ShelfD_04.png
[3.182s] -- Up-to-date: /home/winter24/gcamp_ros2_ws/install/aws_robomaker_small_warehouse_world/share/aws_robomaker_small_warehouse_world/models/aws_robomaker_warehouse_Lamp_01
[3.182s] -- Up-to-date: /home/winter24/gcamp_ros2_ws/install/aws_robomaker_small_warehouse_world/share/aws_robomaker_small_warehouse_world/models/aws_robomaker_warehouse_Lamp_01/model.config
[3.182s] -- Up-to-date: /home/winter24/gcamp_ros2_ws/install/aws_robomaker_small_warehouse_world/share/aws_robomaker_small_warehouse_world/models/aws_robomaker_warehouse_Lamp_01/model.sdf
[3.183s] -- Up-to-date: /home/winter24/gcamp_ros2_ws/install/aws_robomaker_small_warehouse_world/share/aws_robomaker_small_warehouse_world/models/aws_robomaker_warehouse_Lamp_01/meshes
[3.183s] -- Up-to-date: /home/winter24/gcamp_ros2_ws/install/aws_robomaker_small_warehouse_world/share/aws_robomaker_small_warehouse_world/models/aws_robomaker_warehouse_Lamp_01/meshes/aws_robomaker_warehouse_Lamp_01_visual.DAE
[3.183s] -- Up-to-date: /home/winter24/gcamp_ros2_ws/install/aws_robomaker_small_warehouse_world/share/aws_robomaker_small_warehouse_world/models/aws_robomaker_warehouse_Lamp_01/meshes/aws_robomaker_warehouse_Lamp_01_collision.DAE
[3.183s] -- Up-to-date: /home/winter24/gcamp_ros2_ws/install/aws_robomaker_small_warehouse_world/share/aws_robomaker_small_warehouse_world/models/aws_robomaker_warehouse_Lamp_01/materials
[3.183s] -- Up-to-date: /home/winter24/gcamp_ros2_ws/install/aws_robomaker_small_warehouse_world/share/aws_robomaker_small_warehouse_world/models/aws_robomaker_warehouse_Lamp_01/materials/textures
[3.183s] -- Up-to-date: /home/winter24/gcamp_ros2_ws/install/aws_robomaker_small_warehouse_world/share/aws_robomaker_small_warehouse_world/models/aws_robomaker_warehouse_Lamp_01/materials/textures/aws_robomaker_warehouse_Lamp_01.png
[3.183s] -- Up-to-date: /home/winter24/gcamp_ros2_ws/install/aws_robomaker_small_warehouse_world/share/aws_robomaker_small_warehouse_world/models/aws_robomaker_warehouse_GroundB_01
[3.183s] -- Up-to-date: /home/winter24/gcamp_ros2_ws/install/aws_robomaker_small_warehouse_world/share/aws_robomaker_small_warehouse_world/models/aws_robomaker_warehouse_GroundB_01/model.config
[3.183s] -- Up-to-date: /home/winter24/gcamp_ros2_ws/install/aws_robomaker_small_warehouse_world/share/aws_robomaker_small_warehouse_world/models/aws_robomaker_warehouse_GroundB_01/model.sdf
[3.183s] -- Up-to-date: /home/winter24/gcamp_ros2_ws/install/aws_robomaker_small_warehouse_world/share/aws_robomaker_small_warehouse_world/models/aws_robomaker_warehouse_GroundB_01/meshes
[3.183s] -- Up-to-date: /home/winter24/gcamp_ros2_ws/install/aws_robomaker_small_warehouse_world/share/aws_robomaker_small_warehouse_world/models/aws_robomaker_warehouse_GroundB_01/meshes/aws_robomaker_warehouse_GroundB_01_collision.DAE
[3.183s] -- Up-to-date: /home/winter24/gcamp_ros2_ws/install/aws_robomaker_small_warehouse_world/share/aws_robomaker_small_warehouse_world/models/aws_robomaker_warehouse_GroundB_01/meshes/aws_robomaker_warehouse_GroundB_01_visual.DAE
[3.183s] -- Up-to-date: /home/winter24/gcamp_ros2_ws/install/aws_robomaker_small_warehouse_world/share/aws_robomaker_small_warehouse_world/models/aws_robomaker_warehouse_GroundB_01/materials
[3.183s] -- Up-to-date: /home/winter24/gcamp_ros2_ws/install/aws_robomaker_small_warehouse_world/share/aws_robomaker_small_warehouse_world/models/aws_robomaker_warehouse_GroundB_01/materials/textures
[3.183s] -- Up-to-date: /home/winter24/gcamp_ros2_ws/install/aws_robomaker_small_warehouse_world/share/aws_robomaker_small_warehouse_world/models/aws_robomaker_warehouse_GroundB_01/materials/textures/aws_robomaker_warehouse_GroundB_01.png
[3.183s] -- Up-to-date: /home/winter24/gcamp_ros2_ws/install/aws_robomaker_small_warehouse_world/share/aws_robomaker_small_warehouse_world/models/aws_robomaker_warehouse_GroundB_01/materials/textures/aws_robomaker_warehouse_GroundB_02.png
[3.183s] -- Up-to-date: /home/winter24/gcamp_ros2_ws/install/aws_robomaker_small_warehouse_world/share/aws_robomaker_small_warehouse_world/models/aws_robomaker_warehouse_Bucket_01
[3.183s] -- Up-to-date: /home/winter24/gcamp_ros2_ws/install/aws_robomaker_small_warehouse_world/share/aws_robomaker_small_warehouse_world/models/aws_robomaker_warehouse_Bucket_01/model.config
[3.183s] -- Up-to-date: /home/winter24/gcamp_ros2_ws/install/aws_robomaker_small_warehouse_world/share/aws_robomaker_small_warehouse_world/models/aws_robomaker_warehouse_Bucket_01/model.sdf
[3.184s] -- Up-to-date: /home/winter24/gcamp_ros2_ws/install/aws_robomaker_small_warehouse_world/share/aws_robomaker_small_warehouse_world/models/aws_robomaker_warehouse_Bucket_01/meshes
[3.184s] -- Up-to-date: /home/winter24/gcamp_ros2_ws/install/aws_robomaker_small_warehouse_world/share/aws_robomaker_small_warehouse_world/models/aws_robomaker_warehouse_Bucket_01/meshes/aws_robomaker_warehouse_Bucket_01_collision.DAE
[3.184s] -- Up-to-date: /home/winter24/gcamp_ros2_ws/install/aws_robomaker_small_warehouse_world/share/aws_robomaker_small_warehouse_world/models/aws_robomaker_warehouse_Bucket_01/meshes/aws_robomaker_warehouse_Bucket_01_visual.DAE
[3.184s] -- Up-to-date: /home/winter24/gcamp_ros2_ws/install/aws_robomaker_small_warehouse_world/share/aws_robomaker_small_warehouse_world/models/aws_robomaker_warehouse_Bucket_01/materials
[3.184s] -- Up-to-date: /home/winter24/gcamp_ros2_ws/install/aws_robomaker_small_warehouse_world/share/aws_robomaker_small_warehouse_world/models/aws_robomaker_warehouse_Bucket_01/materials/textures
[3.184s] -- Up-to-date: /home/winter24/gcamp_ros2_ws/install/aws_robomaker_small_warehouse_world/share/aws_robomaker_small_warehouse_world/models/aws_robomaker_warehouse_Bucket_01/materials/textures/aws_robomaker_warehouse_Bucket_01.png
[3.184s] -- Up-to-date: /home/winter24/gcamp_ros2_ws/install/aws_robomaker_small_warehouse_world/share/aws_robomaker_small_warehouse_world/models/aws_robomaker_warehouse_Bucket_01/materials/.DS_Store
[3.184s] -- Up-to-date: /home/winter24/gcamp_ros2_ws/install/aws_robomaker_small_warehouse_world/share/aws_robomaker_small_warehouse_world/models/aws_robomaker_warehouse_Bucket_01/.DS_Store
[3.184s] -- Up-to-date: /home/winter24/gcamp_ros2_ws/install/aws_robomaker_small_warehouse_world/share/aws_robomaker_small_warehouse_world/models/aws_robomaker_warehouse_WallB_01
[3.184s] -- Up-to-date: /home/winter24/gcamp_ros2_ws/install/aws_robomaker_small_warehouse_world/share/aws_robomaker_small_warehouse_world/models/aws_robomaker_warehouse_WallB_01/model.config
[3.184s] -- Up-to-date: /home/winter24/gcamp_ros2_ws/install/aws_robomaker_small_warehouse_world/share/aws_robomaker_small_warehouse_world/models/aws_robomaker_warehouse_WallB_01/model.sdf
[3.184s] -- Up-to-date: /home/winter24/gcamp_ros2_ws/install/aws_robomaker_small_warehouse_world/share/aws_robomaker_small_warehouse_world/models/aws_robomaker_warehouse_WallB_01/meshes
[3.184s] -- Up-to-date: /home/winter24/gcamp_ros2_ws/install/aws_robomaker_small_warehouse_world/share/aws_robomaker_small_warehouse_world/models/aws_robomaker_warehouse_WallB_01/meshes/aws_robomaker_warehouse_WallB_01_visual.DAE
[3.184s] -- Up-to-date: /home/winter24/gcamp_ros2_ws/install/aws_robomaker_small_warehouse_world/share/aws_robomaker_small_warehouse_world/models/aws_robomaker_warehouse_WallB_01/meshes/aws_robomaker_warehouse_WallB_01_collision.DAE
[3.185s] -- Up-to-date: /home/winter24/gcamp_ros2_ws/install/aws_robomaker_small_warehouse_world/share/aws_robomaker_small_warehouse_world/models/aws_robomaker_warehouse_WallB_01/materials
[3.185s] -- Up-to-date: /home/winter24/gcamp_ros2_ws/install/aws_robomaker_small_warehouse_world/share/aws_robomaker_small_warehouse_world/models/aws_robomaker_warehouse_WallB_01/materials/textures
[3.185s] -- Up-to-date: /home/winter24/gcamp_ros2_ws/install/aws_robomaker_small_warehouse_world/share/aws_robomaker_small_warehouse_world/models/aws_robomaker_warehouse_WallB_01/materials/textures/aws_robomaker_warehouse_WallB_01.png
[3.185s] -- Up-to-date: /home/winter24/gcamp_ros2_ws/install/aws_robomaker_small_warehouse_world/share/aws_robomaker_small_warehouse_world/models/aws_robomaker_warehouse_ShelfF_01
[3.185s] -- Up-to-date: /home/winter24/gcamp_ros2_ws/install/aws_robomaker_small_warehouse_world/share/aws_robomaker_small_warehouse_world/models/aws_robomaker_warehouse_ShelfF_01/model.config
[3.185s] -- Up-to-date: /home/winter24/gcamp_ros2_ws/install/aws_robomaker_small_warehouse_world/share/aws_robomaker_small_warehouse_world/models/aws_robomaker_warehouse_ShelfF_01/model.sdf
[3.185s] -- Up-to-date: /home/winter24/gcamp_ros2_ws/install/aws_robomaker_small_warehouse_world/share/aws_robomaker_small_warehouse_world/models/aws_robomaker_warehouse_ShelfF_01/meshes
[3.185s] -- Up-to-date: /home/winter24/gcamp_ros2_ws/install/aws_robomaker_small_warehouse_world/share/aws_robomaker_small_warehouse_world/models/aws_robomaker_warehouse_ShelfF_01/meshes/aws_robomaker_warehouse_ShelfF_01_collision.DAE
[3.185s] -- Up-to-date: /home/winter24/gcamp_ros2_ws/install/aws_robomaker_small_warehouse_world/share/aws_robomaker_small_warehouse_world/models/aws_robomaker_warehouse_ShelfF_01/meshes/aws_robomaker_warehouse_ShelfF_01_visual.DAE
[3.185s] -- Up-to-date: /home/winter24/gcamp_ros2_ws/install/aws_robomaker_small_warehouse_world/share/aws_robomaker_small_warehouse_world/models/aws_robomaker_warehouse_ShelfF_01/materials
[3.185s] -- Up-to-date: /home/winter24/gcamp_ros2_ws/install/aws_robomaker_small_warehouse_world/share/aws_robomaker_small_warehouse_world/models/aws_robomaker_warehouse_ShelfF_01/materials/textures
[3.185s] -- Up-to-date: /home/winter24/gcamp_ros2_ws/install/aws_robomaker_small_warehouse_world/share/aws_robomaker_small_warehouse_world/models/aws_robomaker_warehouse_ShelfF_01/materials/textures/aws_robomaker_warehouse_ShelfF_02.png
[3.185s] -- Up-to-date: /home/winter24/gcamp_ros2_ws/install/aws_robomaker_small_warehouse_world/share/aws_robomaker_small_warehouse_world/models/aws_robomaker_warehouse_ShelfF_01/materials/textures/aws_robomaker_warehouse_ShelfF_03.png
[3.185s] -- Up-to-date: /home/winter24/gcamp_ros2_ws/install/aws_robomaker_small_warehouse_world/share/aws_robomaker_small_warehouse_world/models/aws_robomaker_warehouse_ShelfF_01/materials/textures/aws_robomaker_warehouse_ShelfF_01.png
[3.186s] -- Up-to-date: /home/winter24/gcamp_ros2_ws/install/aws_robomaker_small_warehouse_world/share/aws_robomaker_small_warehouse_world/worlds
[3.186s] -- Up-to-date: /home/winter24/gcamp_ros2_ws/install/aws_robomaker_small_warehouse_world/share/aws_robomaker_small_warehouse_world/worlds/small_warehouse
[3.186s] -- Up-to-date: /home/winter24/gcamp_ros2_ws/install/aws_robomaker_small_warehouse_world/share/aws_robomaker_small_warehouse_world/worlds/small_warehouse/small_warehouse.world
[3.186s] -- Up-to-date: /home/winter24/gcamp_ros2_ws/install/aws_robomaker_small_warehouse_world/share/aws_robomaker_small_warehouse_world/worlds/no_roof_small_warehouse
[3.186s] -- Up-to-date: /home/winter24/gcamp_ros2_ws/install/aws_robomaker_small_warehouse_world/share/aws_robomaker_small_warehouse_world/worlds/no_roof_small_warehouse/no_roof_small_warehouse.world
[3.186s] -- Up-to-date: /home/winter24/gcamp_ros2_ws/install/aws_robomaker_small_warehouse_world/share/aws_robomaker_small_warehouse_world/maps
[3.186s] -- Up-to-date: /home/winter24/gcamp_ros2_ws/install/aws_robomaker_small_warehouse_world/share/aws_robomaker_small_warehouse_world/maps/002
[3.186s] -- Up-to-date: /home/winter24/gcamp_ros2_ws/install/aws_robomaker_small_warehouse_world/share/aws_robomaker_small_warehouse_world/maps/002/map.pgm
[3.186s] -- Up-to-date: /home/winter24/gcamp_ros2_ws/install/aws_robomaker_small_warehouse_world/share/aws_robomaker_small_warehouse_world/maps/002/map.yaml
[3.186s] -- Up-to-date: /home/winter24/gcamp_ros2_ws/install/aws_robomaker_small_warehouse_world/share/aws_robomaker_small_warehouse_world/maps/005
[3.186s] -- Up-to-date: /home/winter24/gcamp_ros2_ws/install/aws_robomaker_small_warehouse_world/share/aws_robomaker_small_warehouse_world/maps/005/map.pgm
[3.186s] -- Up-to-date: /home/winter24/gcamp_ros2_ws/install/aws_robomaker_small_warehouse_world/share/aws_robomaker_small_warehouse_world/maps/005/map.yaml
[3.186s] -- Up-to-date: /home/winter24/gcamp_ros2_ws/install/aws_robomaker_small_warehouse_world/share/aws_robomaker_small_warehouse_world/maps/005/map_rotated.png
[3.186s] -- Up-to-date: /home/winter24/gcamp_ros2_ws/install/aws_robomaker_small_warehouse_world/share/aws_robomaker_small_warehouse_world/maps/005/map_rotated.pgm
[3.187s] -- Up-to-date: /home/winter24/gcamp_ros2_ws/install/aws_robomaker_small_warehouse_world/share/aws_robomaker_small_warehouse_world/maps/.DS_Store
[3.187s] -- Up-to-date: /home/winter24/gcamp_ros2_ws/install/aws_robomaker_small_warehouse_world/share/aws_robomaker_small_warehouse_world/rviz
[3.187s] -- Up-to-date: /home/winter24/gcamp_ros2_ws/install/aws_robomaker_small_warehouse_world/share/aws_robomaker_small_warehouse_world/rviz/basic_data.rviz
[3.187s] -- Up-to-date: /home/winter24/gcamp_ros2_ws/install/aws_robomaker_small_warehouse_world/share/aws_robomaker_small_warehouse_world/environment/aws_robomaker_small_warehouse_world.dsv
[3.187s] -- Up-to-date: /home/winter24/gcamp_ros2_ws/install/aws_robomaker_small_warehouse_world/share/ament_index/resource_index/package_run_dependencies/aws_robomaker_small_warehouse_world
[3.187s] -- Up-to-date: /home/winter24/gcamp_ros2_ws/install/aws_robomaker_small_warehouse_world/share/ament_index/resource_index/parent_prefix_path/aws_robomaker_small_warehouse_world
[3.187s] -- Up-to-date: /home/winter24/gcamp_ros2_ws/install/aws_robomaker_small_warehouse_world/share/aws_robomaker_small_warehouse_world/environment/ament_prefix_path.sh
[3.187s] -- Up-to-date: /home/winter24/gcamp_ros2_ws/install/aws_robomaker_small_warehouse_world/share/aws_robomaker_small_warehouse_world/environment/ament_prefix_path.dsv
[3.187s] -- Up-to-date: /home/winter24/gcamp_ros2_ws/install/aws_robomaker_small_warehouse_world/share/aws_robomaker_small_warehouse_world/environment/path.sh
[3.187s] -- Up-to-date: /home/winter24/gcamp_ros2_ws/install/aws_robomaker_small_warehouse_world/share/aws_robomaker_small_warehouse_world/environment/path.dsv
[3.187s] -- Up-to-date: /home/winter24/gcamp_ros2_ws/install/aws_robomaker_small_warehouse_world/share/aws_robomaker_small_warehouse_world/local_setup.bash
[3.187s] -- Up-to-date: /home/winter24/gcamp_ros2_ws/install/aws_robomaker_small_warehouse_world/share/aws_robomaker_small_warehouse_world/local_setup.sh
[3.187s] -- Up-to-date: /home/winter24/gcamp_ros2_ws/install/aws_robomaker_small_warehouse_world/share/aws_robomaker_small_warehouse_world/local_setup.zsh
[3.187s] -- Up-to-date: /home/winter24/gcamp_ros2_ws/install/aws_robomaker_small_warehouse_world/share/aws_robomaker_small_warehouse_world/local_setup.dsv
[3.187s] -- Installing: /home/winter24/gcamp_ros2_ws/install/aws_robomaker_small_warehouse_world/share/aws_robomaker_small_warehouse_world/package.dsv
[3.187s] -- Up-to-date: /home/winter24/gcamp_ros2_ws/install/aws_robomaker_small_warehouse_world/share/ament_index/resource_index/packages/aws_robomaker_small_warehouse_world
[3.188s] -- Up-to-date: /home/winter24/gcamp_ros2_ws/install/aws_robomaker_small_warehouse_world/share/aws_robomaker_small_warehouse_world/cmake/ament_cmake_export_dependencies-extras.cmake
[3.188s] -- Up-to-date: /home/winter24/gcamp_ros2_ws/install/aws_robomaker_small_warehouse_world/share/aws_robomaker_small_warehouse_world/cmake/aws_robomaker_small_warehouse_worldConfig.cmake
[3.188s] -- Up-to-date: /home/winter24/gcamp_ros2_ws/install/aws_robomaker_small_warehouse_world/share/aws_robomaker_small_warehouse_world/cmake/aws_robomaker_small_warehouse_worldConfig-version.cmake
[3.188s] -- Up-to-date: /home/winter24/gcamp_ros2_ws/install/aws_robomaker_small_warehouse_world/share/aws_robomaker_small_warehouse_world/package.xml
[3.563s] Invoked command in '/home/winter24/gcamp_ros2_ws/build/aws_robomaker_small_warehouse_world' returned '0': CMAKE_PREFIX_PATH=${CMAKE_PREFIX_PATH}:/home/winter24/gcamp_ros2_ws/install/yolov8_ros:/home/winter24/gcamp_ros2_ws/install/tf2_web_republisher_py:/home/winter24/gcamp_ros2_ws/install/ball_tracker:/opt/ros/foxy /home/winter24/.local/bin/cmake --install /home/winter24/gcamp_ros2_ws/build/aws_robomaker_small_warehouse_world
