[1.173s] Invoking command in '/home/winter24/gcamp_ros2_ws/build/tarkbot_description': CMAKE_PREFIX_PATH=${CMAKE_PREFIX_PATH}:/home/winter24/gcamp_ros2_ws/install/yolov8_ros:/home/winter24/gcamp_ros2_ws/install/tf2_web_republisher_py:/home/winter24/gcamp_ros2_ws/install/ball_tracker:/opt/ros/foxy /home/winter24/.local/bin/cmake /home/winter24/gcamp_ros2_ws/tarkbot_description -DCMAKE_INSTALL_PREFIX=/home/winter24/gcamp_ros2_ws/install/tarkbot_description
[1.454s] -- The C compiler identification is GNU 11.4.0
[1.454s] -- The CXX compiler identification is GNU 9.4.0
[1.454s] -- Detecting C compiler ABI info
[1.454s] -- Detecting C compiler ABI info - done
[1.454s] -- Check for working C compiler: /usr/bin/cc - skipped
[1.454s] -- Detecting C compile features
[1.454s] -- Detecting C compile features - done
[1.454s] -- Detecting CXX compiler ABI info
[1.496s] -- Detecting CXX compiler ABI info - done
[1.507s] -- Check for working CXX compiler: /usr/bin/c++ - skipped
[1.507s] -- Detecting CXX compile features
[1.508s] -- Detecting CXX compile features - done
[1.512s] -- Found ament_cmake: 0.9.12 (/opt/ros/foxy/share/ament_cmake/cmake)
[1.516s] [33mCMake Warning (dev) at /opt/ros/foxy/share/ament_cmake_core/cmake/core/python.cmake:22 (find_package):
[1.516s]   Policy CMP0148 is not set: The FindPythonInterp and FindPythonLibs modules
[1.516s]   are removed.  Run "cmake --help-policy CMP0148" for policy details.  Use
[1.516s]   the cmake_policy command to set the policy and suppress this warning.
[1.516s] 
[1.517s] Call Stack (most recent call first):
[1.517s]   /opt/ros/foxy/share/ament_cmake_core/cmake/core/all.cmake:53 (include)
[1.517s]   /opt/ros/foxy/share/ament_cmake_core/cmake/ament_cmake_core-extras.cmake:17 (include)
[1.517s]   /opt/ros/foxy/share/ament_cmake_core/cmake/ament_cmake_coreConfig.cmake:41 (include)
[1.517s]   /opt/ros/foxy/share/ament_cmake/cmake/ament_cmake_export_dependencies-extras.cmake:15 (find_package)
[1.517s]   /opt/ros/foxy/share/ament_cmake/cmake/ament_cmakeConfig.cmake:41 (include)
[1.517s]   CMakeLists.txt:19 (find_package)
[1.517s] This warning is for project developers.  Use -Wno-dev to suppress it.
[1.517s] [0m
[1.534s] -- Found PythonInterp: /usr/bin/python3 (found suitable version "3.8.10", minimum required is "3") 
[1.534s] -- Using PYTHON_EXECUTABLE: /usr/bin/python3
[1.701s] -- Found ament_lint_auto: 0.9.8 (/opt/ros/foxy/share/ament_lint_auto/cmake)
[1.773s] -- Added test 'copyright' to check source files copyright and LICENSE
[1.776s] -- Added test 'flake8' to check Python code syntax and style conventions
[1.777s] -- Added test 'lint_cmake' to check CMake code style
[1.777s] -- Added test 'pep257' to check Python code against some of the style conventions in PEP 257
[1.780s] -- Added test 'xmllint' to check XML markup files
[1.781s] -- Configuring done (0.6s)
[1.785s] -- Generating done (0.0s)
[1.786s] -- Build files have been written to: /home/winter24/gcamp_ros2_ws/build/tarkbot_description
[2.536s] Invoked command in '/home/winter24/gcamp_ros2_ws/build/tarkbot_description' returned '0': CMAKE_PREFIX_PATH=${CMAKE_PREFIX_PATH}:/home/winter24/gcamp_ros2_ws/install/yolov8_ros:/home/winter24/gcamp_ros2_ws/install/tf2_web_republisher_py:/home/winter24/gcamp_ros2_ws/install/ball_tracker:/opt/ros/foxy /home/winter24/.local/bin/cmake /home/winter24/gcamp_ros2_ws/tarkbot_description -DCMAKE_INSTALL_PREFIX=/home/winter24/gcamp_ros2_ws/install/tarkbot_description
[2.538s] Invoking command in '/home/winter24/gcamp_ros2_ws/build/tarkbot_description': CMAKE_PREFIX_PATH=${CMAKE_PREFIX_PATH}:/home/winter24/gcamp_ros2_ws/install/yolov8_ros:/home/winter24/gcamp_ros2_ws/install/tf2_web_republisher_py:/home/winter24/gcamp_ros2_ws/install/ball_tracker:/opt/ros/foxy /home/winter24/.local/bin/cmake --build /home/winter24/gcamp_ros2_ws/build/tarkbot_description -- -j16 -l16
[3.664s] Invoked command in '/home/winter24/gcamp_ros2_ws/build/tarkbot_description' returned '0': CMAKE_PREFIX_PATH=${CMAKE_PREFIX_PATH}:/home/winter24/gcamp_ros2_ws/install/yolov8_ros:/home/winter24/gcamp_ros2_ws/install/tf2_web_republisher_py:/home/winter24/gcamp_ros2_ws/install/ball_tracker:/opt/ros/foxy /home/winter24/.local/bin/cmake --build /home/winter24/gcamp_ros2_ws/build/tarkbot_description -- -j16 -l16
[4.203s] Invoking command in '/home/winter24/gcamp_ros2_ws/build/tarkbot_description': CMAKE_PREFIX_PATH=${CMAKE_PREFIX_PATH}:/home/winter24/gcamp_ros2_ws/install/yolov8_ros:/home/winter24/gcamp_ros2_ws/install/tf2_web_republisher_py:/home/winter24/gcamp_ros2_ws/install/ball_tracker:/opt/ros/foxy /home/winter24/.local/bin/cmake --install /home/winter24/gcamp_ros2_ws/build/tarkbot_description
[4.221s] -- Install configuration: ""
[4.221s] -- Installing: /home/winter24/gcamp_ros2_ws/install/tarkbot_description/share/tarkbot_description/launch
[4.221s] -- Installing: /home/winter24/gcamp_ros2_ws/install/tarkbot_description/share/tarkbot_description/launch/model.launch.py
[4.221s] -- Installing: /home/winter24/gcamp_ros2_ws/install/tarkbot_description/share/tarkbot_description/urdf
[4.221s] -- Installing: /home/winter24/gcamp_ros2_ws/install/tarkbot_description/share/tarkbot_description/urdf/tarkbot_r10_mec.urdf
[4.221s] -- Installing: /home/winter24/gcamp_ros2_ws/install/tarkbot_description/share/tarkbot_description/urdf/tarkbot_r20_fwd.urdf
[4.221s] -- Installing: /home/winter24/gcamp_ros2_ws/install/tarkbot_description/share/tarkbot_description/urdf/tarkbot_r20_mec.urdf
[4.221s] -- Installing: /home/winter24/gcamp_ros2_ws/install/tarkbot_description/share/tarkbot_description/urdf/tarkbot_r20_akm.urdf
[4.221s] -- Installing: /home/winter24/gcamp_ros2_ws/install/tarkbot_description/share/tarkbot_description/urdf/tarkbot_r10_akm.urdf
[4.221s] -- Installing: /home/winter24/gcamp_ros2_ws/install/tarkbot_description/share/tarkbot_description/urdf/tarkbot_r10_fwd.urdf
[4.221s] -- Installing: /home/winter24/gcamp_ros2_ws/install/tarkbot_description/share/tarkbot_description/urdf/tarkbot_r10_omni.urdf
[4.221s] -- Installing: /home/winter24/gcamp_ros2_ws/install/tarkbot_description/share/tarkbot_description/urdf/tarkbot_r10_twd.urdf
[4.221s] -- Installing: /home/winter24/gcamp_ros2_ws/install/tarkbot_description/share/tarkbot_description/meshes
[4.221s] -- Installing: /home/winter24/gcamp_ros2_ws/install/tarkbot_description/share/tarkbot_description/meshes/base_r20_fwd.stl
[4.222s] -- Installing: /home/winter24/gcamp_ros2_ws/install/tarkbot_description/share/tarkbot_description/meshes/laser.stl
[4.222s] -- Installing: /home/winter24/gcamp_ros2_ws/install/tarkbot_description/share/tarkbot_description/meshes/depthcamera.stl
[4.222s] -- Installing: /home/winter24/gcamp_ros2_ws/install/tarkbot_description/share/tarkbot_description/meshes/base_r10_akm.stl
[4.223s] -- Installing: /home/winter24/gcamp_ros2_ws/install/tarkbot_description/share/tarkbot_description/meshes/base_r20_akm.stl
[4.224s] -- Installing: /home/winter24/gcamp_ros2_ws/install/tarkbot_description/share/tarkbot_description/meshes/base_r20_mec.stl
[4.231s] -- Installing: /home/winter24/gcamp_ros2_ws/install/tarkbot_description/share/tarkbot_description/meshes/base_r10_twd.stl
[4.232s] -- Installing: /home/winter24/gcamp_ros2_ws/install/tarkbot_description/share/tarkbot_description/meshes/base_r10_omni.stl
[4.241s] -- Installing: /home/winter24/gcamp_ros2_ws/install/tarkbot_description/share/tarkbot_description/meshes/base_r10_mec.stl
[4.248s] -- Installing: /home/winter24/gcamp_ros2_ws/install/tarkbot_description/share/tarkbot_description/meshes/base_r10_fwd.stl
[4.249s] -- Installing: /home/winter24/gcamp_ros2_ws/install/tarkbot_description/share/ament_index/resource_index/package_run_dependencies/tarkbot_description
[4.249s] -- Installing: /home/winter24/gcamp_ros2_ws/install/tarkbot_description/share/ament_index/resource_index/parent_prefix_path/tarkbot_description
[4.249s] -- Installing: /home/winter24/gcamp_ros2_ws/install/tarkbot_description/share/tarkbot_description/environment/ament_prefix_path.sh
[4.249s] -- Installing: /home/winter24/gcamp_ros2_ws/install/tarkbot_description/share/tarkbot_description/environment/ament_prefix_path.dsv
[4.249s] -- Installing: /home/winter24/gcamp_ros2_ws/install/tarkbot_description/share/tarkbot_description/environment/path.sh
[4.249s] -- Installing: /home/winter24/gcamp_ros2_ws/install/tarkbot_description/share/tarkbot_description/environment/path.dsv
[4.249s] -- Installing: /home/winter24/gcamp_ros2_ws/install/tarkbot_description/share/tarkbot_description/local_setup.bash
[4.249s] -- Installing: /home/winter24/gcamp_ros2_ws/install/tarkbot_description/share/tarkbot_description/local_setup.sh
[4.249s] -- Installing: /home/winter24/gcamp_ros2_ws/install/tarkbot_description/share/tarkbot_description/local_setup.zsh
[4.250s] -- Installing: /home/winter24/gcamp_ros2_ws/install/tarkbot_description/share/tarkbot_description/local_setup.dsv
[4.250s] -- Installing: /home/winter24/gcamp_ros2_ws/install/tarkbot_description/share/tarkbot_description/package.dsv
[4.250s] -- Installing: /home/winter24/gcamp_ros2_ws/install/tarkbot_description/share/ament_index/resource_index/packages/tarkbot_description
[4.250s] -- Installing: /home/winter24/gcamp_ros2_ws/install/tarkbot_description/share/tarkbot_description/cmake/tarkbot_descriptionConfig.cmake
[4.250s] -- Installing: /home/winter24/gcamp_ros2_ws/install/tarkbot_description/share/tarkbot_description/cmake/tarkbot_descriptionConfig-version.cmake
[4.250s] -- Installing: /home/winter24/gcamp_ros2_ws/install/tarkbot_description/share/tarkbot_description/package.xml
[4.253s] Invoked command in '/home/winter24/gcamp_ros2_ws/build/tarkbot_description' returned '0': CMAKE_PREFIX_PATH=${CMAKE_PREFIX_PATH}:/home/winter24/gcamp_ros2_ws/install/yolov8_ros:/home/winter24/gcamp_ros2_ws/install/tf2_web_republisher_py:/home/winter24/gcamp_ros2_ws/install/ball_tracker:/opt/ros/foxy /home/winter24/.local/bin/cmake --install /home/winter24/gcamp_ros2_ws/build/tarkbot_description
