[1.097s] Invoking command in '/home/winter24/gcamp_ros2_ws/tf2_web_republisher_py/tf2_web_republisher_py': PYTHONPATH=/home/winter24/gcamp_ros2_ws/build/tf2_web_republisher_py/prefix_override:/home/winter24/gcamp_ros2_ws/install/tf2_web_republisher_py/lib/python3.8/site-packages:${PYTHONPATH} /usr/bin/python3 -W ignore:setup.py install is deprecated setup.py egg_info --egg-base ../../build/tf2_web_republisher_py build --build-base /home/winter24/gcamp_ros2_ws/build/tf2_web_republisher_py/build install --record /home/winter24/gcamp_ros2_ws/build/tf2_web_republisher_py/install.log --install-scripts $base/lib/tf2_web_republisher_py --single-version-externally-managed install_data
[1.306s] running egg_info
[1.306s] writing ../../build/tf2_web_republisher_py/tf2_web_republisher_py.egg-info/PKG-INFO
[1.307s] writing dependency_links to ../../build/tf2_web_republisher_py/tf2_web_republisher_py.egg-info/dependency_links.txt
[1.307s] writing entry points to ../../build/tf2_web_republisher_py/tf2_web_republisher_py.egg-info/entry_points.txt
[1.307s] writing requirements to ../../build/tf2_web_republisher_py/tf2_web_republisher_py.egg-info/requires.txt
[1.307s] writing top-level names to ../../build/tf2_web_republisher_py/tf2_web_republisher_py.egg-info/top_level.txt
[1.326s] reading manifest file '../../build/tf2_web_republisher_py/tf2_web_republisher_py.egg-info/SOURCES.txt'
[1.327s] writing manifest file '../../build/tf2_web_republisher_py/tf2_web_republisher_py.egg-info/SOURCES.txt'
[1.327s] running build
[1.327s] running build_py
[1.327s] running install
[1.328s] running install_lib
[1.329s] running install_data
[1.329s] running install_egg_info
[1.330s] removing '/home/winter24/gcamp_ros2_ws/install/tf2_web_republisher_py/lib/python3.8/site-packages/tf2_web_republisher_py-0.0.0-py3.8.egg-info' (and everything under it)
[1.330s] Copying ../../build/tf2_web_republisher_py/tf2_web_republisher_py.egg-info to /home/winter24/gcamp_ros2_ws/install/tf2_web_republisher_py/lib/python3.8/site-packages/tf2_web_republisher_py-0.0.0-py3.8.egg-info
[1.331s] running install_scripts
[1.343s] Installing tf2_web_republisher script to /home/winter24/gcamp_ros2_ws/install/tf2_web_republisher_py/lib/tf2_web_republisher_py
[1.343s] writing list of installed files to '/home/winter24/gcamp_ros2_ws/build/tf2_web_republisher_py/install.log'
[1.361s] Invoked command in '/home/winter24/gcamp_ros2_ws/tf2_web_republisher_py/tf2_web_republisher_py' returned '0': PYTHONPATH=/home/winter24/gcamp_ros2_ws/build/tf2_web_republisher_py/prefix_override:/home/winter24/gcamp_ros2_ws/install/tf2_web_republisher_py/lib/python3.8/site-packages:${PYTHONPATH} /usr/bin/python3 -W ignore:setup.py install is deprecated setup.py egg_info --egg-base ../../build/tf2_web_republisher_py build --build-base /home/winter24/gcamp_ros2_ws/build/tf2_web_republisher_py/build install --record /home/winter24/gcamp_ros2_ws/build/tf2_web_republisher_py/install.log --install-scripts $base/lib/tf2_web_republisher_py --single-version-externally-managed install_data
