[0.389s] Invoking command in '/home/winter24/gcamp_ros2_ws/build/robot_pose_publisher_ros2': CMAKE_PREFIX_PATH=${CMAKE_PREFIX_PATH}:/home/winter24/gcamp_ros2_ws/install/yolov8_ros:/home/winter24/gcamp_ros2_ws/install/tf2_web_republisher_py:/home/winter24/gcamp_ros2_ws/install/ball_tracker:/opt/ros/foxy /home/winter24/.local/bin/cmake --build /home/winter24/gcamp_ros2_ws/build/robot_pose_publisher_ros2 -- -j16 -l16
[0.908s] [ 50%] [32mBuilding CXX object CMakeFiles/robot_pose_publisher.dir/src/robot_pose_publisher.cpp.o[0m
[4.395s] [100%] [32m[1mLinking CXX executable robot_pose_publisher[0m
[4.628s] [100%] Built target robot_pose_publisher
[4.637s] Invoked command in '/home/winter24/gcamp_ros2_ws/build/robot_pose_publisher_ros2' returned '0': CMAKE_PREFIX_PATH=${CMAKE_PREFIX_PATH}:/home/winter24/gcamp_ros2_ws/install/yolov8_ros:/home/winter24/gcamp_ros2_ws/install/tf2_web_republisher_py:/home/winter24/gcamp_ros2_ws/install/ball_tracker:/opt/ros/foxy /home/winter24/.local/bin/cmake --build /home/winter24/gcamp_ros2_ws/build/robot_pose_publisher_ros2 -- -j16 -l16
[4.690s] Invoking command in '/home/winter24/gcamp_ros2_ws/build/robot_pose_publisher_ros2': CMAKE_PREFIX_PATH=${CMAKE_PREFIX_PATH}:/home/winter24/gcamp_ros2_ws/install/yolov8_ros:/home/winter24/gcamp_ros2_ws/install/tf2_web_republisher_py:/home/winter24/gcamp_ros2_ws/install/ball_tracker:/opt/ros/foxy /home/winter24/.local/bin/cmake --install /home/winter24/gcamp_ros2_ws/build/robot_pose_publisher_ros2
[4.713s] -- Install configuration: ""
[4.713s] -- Installing: /home/winter24/gcamp_ros2_ws/install/robot_pose_publisher_ros2/lib/robot_pose_publisher_ros2/robot_pose_publisher
[4.715s] -- Set runtime path of "/home/winter24/gcamp_ros2_ws/install/robot_pose_publisher_ros2/lib/robot_pose_publisher_ros2/robot_pose_publisher" to ""
[4.715s] -- Up-to-date: /home/winter24/gcamp_ros2_ws/install/robot_pose_publisher_ros2/share/robot_pose_publisher_ros2/launch
[4.715s] -- Up-to-date: /home/winter24/gcamp_ros2_ws/install/robot_pose_publisher_ros2/share/robot_pose_publisher_ros2/launch/robot_pose_publisher_launch.py
[4.715s] -- Up-to-date: /home/winter24/gcamp_ros2_ws/install/robot_pose_publisher_ros2/share/robot_pose_publisher_ros2/launch/__pycache__
[4.715s] -- Up-to-date: /home/winter24/gcamp_ros2_ws/install/robot_pose_publisher_ros2/share/robot_pose_publisher_ros2/launch/__pycache__/robot_pose_publisher_launch.cpython-38.pyc
[4.715s] -- Up-to-date: /home/winter24/gcamp_ros2_ws/install/robot_pose_publisher_ros2/share/ament_index/resource_index/package_run_dependencies/robot_pose_publisher_ros2
[4.715s] -- Up-to-date: /home/winter24/gcamp_ros2_ws/install/robot_pose_publisher_ros2/share/ament_index/resource_index/parent_prefix_path/robot_pose_publisher_ros2
[4.715s] -- Up-to-date: /home/winter24/gcamp_ros2_ws/install/robot_pose_publisher_ros2/share/robot_pose_publisher_ros2/environment/ament_prefix_path.sh
[4.715s] -- Up-to-date: /home/winter24/gcamp_ros2_ws/install/robot_pose_publisher_ros2/share/robot_pose_publisher_ros2/environment/ament_prefix_path.dsv
[4.715s] -- Up-to-date: /home/winter24/gcamp_ros2_ws/install/robot_pose_publisher_ros2/share/robot_pose_publisher_ros2/environment/path.sh
[4.715s] -- Up-to-date: /home/winter24/gcamp_ros2_ws/install/robot_pose_publisher_ros2/share/robot_pose_publisher_ros2/environment/path.dsv
[4.715s] -- Up-to-date: /home/winter24/gcamp_ros2_ws/install/robot_pose_publisher_ros2/share/robot_pose_publisher_ros2/local_setup.bash
[4.715s] -- Up-to-date: /home/winter24/gcamp_ros2_ws/install/robot_pose_publisher_ros2/share/robot_pose_publisher_ros2/local_setup.sh
[4.715s] -- Up-to-date: /home/winter24/gcamp_ros2_ws/install/robot_pose_publisher_ros2/share/robot_pose_publisher_ros2/local_setup.zsh
[4.715s] -- Up-to-date: /home/winter24/gcamp_ros2_ws/install/robot_pose_publisher_ros2/share/robot_pose_publisher_ros2/local_setup.dsv
[4.715s] -- Installing: /home/winter24/gcamp_ros2_ws/install/robot_pose_publisher_ros2/share/robot_pose_publisher_ros2/package.dsv
[4.716s] -- Up-to-date: /home/winter24/gcamp_ros2_ws/install/robot_pose_publisher_ros2/share/ament_index/resource_index/packages/robot_pose_publisher_ros2
[4.716s] -- Up-to-date: /home/winter24/gcamp_ros2_ws/install/robot_pose_publisher_ros2/share/robot_pose_publisher_ros2/cmake/robot_pose_publisher_ros2Config.cmake
[4.716s] -- Up-to-date: /home/winter24/gcamp_ros2_ws/install/robot_pose_publisher_ros2/share/robot_pose_publisher_ros2/cmake/robot_pose_publisher_ros2Config-version.cmake
[4.716s] -- Up-to-date: /home/winter24/gcamp_ros2_ws/install/robot_pose_publisher_ros2/share/robot_pose_publisher_ros2/package.xml
[4.720s] Invoked command in '/home/winter24/gcamp_ros2_ws/build/robot_pose_publisher_ros2' returned '0': CMAKE_PREFIX_PATH=${CMAKE_PREFIX_PATH}:/home/winter24/gcamp_ros2_ws/install/yolov8_ros:/home/winter24/gcamp_ros2_ws/install/tf2_web_republisher_py:/home/winter24/gcamp_ros2_ws/install/ball_tracker:/opt/ros/foxy /home/winter24/.local/bin/cmake --install /home/winter24/gcamp_ros2_ws/build/robot_pose_publisher_ros2
