[2.871s] Invoking command in '/home/winter24/gcamp_ros2_ws/ball_tracker': PYTHONPATH=/home/winter24/gcamp_ros2_ws/build/ball_tracker/prefix_override:/home/winter24/gcamp_ros2_ws/install/ball_tracker/lib/python3.8/site-packages:${PYTHONPATH} /usr/bin/python3 setup.py egg_info --egg-base ../build/ball_tracker build --build-base /home/winter24/gcamp_ros2_ws/build/ball_tracker/build install --record /home/winter24/gcamp_ros2_ws/build/ball_tracker/install.log --install-scripts $base/lib/ball_tracker --single-version-externally-managed
[3.194s] running egg_info
[3.194s] writing ../build/ball_tracker/ball_tracker.egg-info/PKG-INFO
[3.194s] writing dependency_links to ../build/ball_tracker/ball_tracker.egg-info/dependency_links.txt
[3.194s] writing entry points to ../build/ball_tracker/ball_tracker.egg-info/entry_points.txt
[3.194s] writing requirements to ../build/ball_tracker/ball_tracker.egg-info/requires.txt
[3.194s] writing top-level names to ../build/ball_tracker/ball_tracker.egg-info/top_level.txt
[3.194s] reading manifest file '../build/ball_tracker/ball_tracker.egg-info/SOURCES.txt'
[3.195s] writing manifest file '../build/ball_tracker/ball_tracker.egg-info/SOURCES.txt'
[3.195s] running build
[3.195s] running build_py
[3.195s] running install
[3.195s] running install_lib
[3.195s] running install_data
[3.195s] running install_egg_info
[3.195s] removing '/home/winter24/gcamp_ros2_ws/install/ball_tracker/lib/python3.8/site-packages/ball_tracker-0.0.0-py3.8.egg-info' (and everything under it)
[3.195s] Copying ../build/ball_tracker/ball_tracker.egg-info to /home/winter24/gcamp_ros2_ws/install/ball_tracker/lib/python3.8/site-packages/ball_tracker-0.0.0-py3.8.egg-info
[3.195s] running install_scripts
[3.196s] Installing detect_ball script to /home/winter24/gcamp_ros2_ws/install/ball_tracker/lib/ball_tracker
[3.196s] Installing detect_ball_3d script to /home/winter24/gcamp_ros2_ws/install/ball_tracker/lib/ball_tracker
[3.196s] Installing follow_ball script to /home/winter24/gcamp_ros2_ws/install/ball_tracker/lib/ball_tracker
[3.196s] writing list of installed files to '/home/winter24/gcamp_ros2_ws/build/ball_tracker/install.log'
[4.197s] Invoked command in '/home/winter24/gcamp_ros2_ws/ball_tracker' returned '0': PYTHONPATH=/home/winter24/gcamp_ros2_ws/build/ball_tracker/prefix_override:/home/winter24/gcamp_ros2_ws/install/ball_tracker/lib/python3.8/site-packages:${PYTHONPATH} /usr/bin/python3 setup.py egg_info --egg-base ../build/ball_tracker build --build-base /home/winter24/gcamp_ros2_ws/build/ball_tracker/build install --record /home/winter24/gcamp_ros2_ws/build/ball_tracker/install.log --install-scripts $base/lib/ball_tracker --single-version-externally-managed
