[0.522s] Invoking command in '/home/winter24/gcamp_ros2_ws/build/yolov8_bringup': AMENT_PREFIX_PATH=/home/winter24/gcamp_ros2_ws/install/yolov8_ros:/home/winter24/gcamp_ros2_ws/install/yolov8_bringup:/home/winter24/gcamp_ros2_ws/install/yolov8_msgs:/home/winter24/gcamp_ros2_ws/install/yolobot_recognition:/home/winter24/gcamp_ros2_ws/install/yolobot_gazebo:/home/winter24/gcamp_ros2_ws/install/yolobot_description:/home/winter24/gcamp_ros2_ws/install/yolobot_control:/home/winter24/gcamp_ros2_ws/install/tf2_web_republisher_py:/home/winter24/gcamp_ros2_ws/install/tf2_web_republisher:/home/winter24/gcamp_ros2_ws/install/slam_gmapping:/home/winter24/gcamp_ros2_ws/install/robot_pose_publisher_ros2:/home/winter24/gcamp_ros2_ws/install/openslam_gmapping:/home/winter24/gcamp_ros2_ws/install/mpu6050driver:/home/winter24/gcamp_ros2_ws/install/gcamp_gazebo:/home/winter24/gcamp_ros2_ws/install/gazebo_mecanum_plugins:/home/winter24/gcamp_ros2_ws/install/ball_tracker:/home/winter24/gcamp_ros2_ws/install/aws_robomaker_small_warehouse_world:/opt/ros/foxy CMAKE_PREFIX_PATH=${CMAKE_PREFIX_PATH}:/home/winter24/gcamp_ros2_ws/install/yolov8_ros:/home/winter24/gcamp_ros2_ws/install/tf2_web_republisher_py:/home/winter24/gcamp_ros2_ws/install/ball_tracker:/opt/ros/foxy /home/winter24/.local/bin/cmake /home/winter24/gcamp_ros2_ws/yolov8_bringup -DCMAKE_INSTALL_PREFIX=/home/winter24/gcamp_ros2_ws/install/yolov8_bringup
[0.606s] -- The C compiler identification is GNU 11.4.0
[0.659s] -- The CXX compiler identification is GNU 9.4.0
[0.680s] -- Detecting C compiler ABI info
[0.727s] -- Detecting C compiler ABI info - done
[0.743s] -- Check for working C compiler: /usr/bin/cc - skipped
[0.743s] -- Detecting C compile features
[0.743s] -- Detecting C compile features - done
[0.752s] -- Detecting CXX compiler ABI info
[0.833s] -- Detecting CXX compiler ABI info - done
[0.849s] -- Check for working CXX compiler: /usr/bin/c++ - skipped
[0.850s] -- Detecting CXX compile features
[0.850s] -- Detecting CXX compile features - done
[0.853s] -- Found ament_cmake: 0.9.12 (/opt/ros/foxy/share/ament_cmake/cmake)
[0.860s] [33mCMake Warning (dev) at /opt/ros/foxy/share/ament_cmake_core/cmake/core/python.cmake:22 (find_package):
[0.860s]   Policy CMP0148 is not set: The FindPythonInterp and FindPythonLibs modules
[0.860s]   are removed.  Run "cmake --help-policy CMP0148" for policy details.  Use
[0.860s]   the cmake_policy command to set the policy and suppress this warning.
[0.860s] 
[0.860s] Call Stack (most recent call first):
[0.860s]   /opt/ros/foxy/share/ament_cmake_core/cmake/core/all.cmake:53 (include)
[0.860s]   /opt/ros/foxy/share/ament_cmake_core/cmake/ament_cmake_core-extras.cmake:17 (include)
[0.860s]   /opt/ros/foxy/share/ament_cmake_core/cmake/ament_cmake_coreConfig.cmake:41 (include)
[0.860s]   /opt/ros/foxy/share/ament_cmake/cmake/ament_cmake_export_dependencies-extras.cmake:15 (find_package)
[0.861s]   /opt/ros/foxy/share/ament_cmake/cmake/ament_cmakeConfig.cmake:41 (include)
[0.861s]   CMakeLists.txt:9 (find_package)
[0.861s] This warning is for project developers.  Use -Wno-dev to suppress it.
[0.861s] [0m
[0.886s] -- Found PythonInterp: /usr/bin/python3 (found suitable version "3.8.10", minimum required is "3") 
[0.886s] -- Using PYTHON_EXECUTABLE: /usr/bin/python3
[1.225s] -- Configuring done (0.7s)
[1.241s] -- Generating done (0.0s)
[1.242s] -- Build files have been written to: /home/winter24/gcamp_ros2_ws/build/yolov8_bringup
[2.123s] Invoked command in '/home/winter24/gcamp_ros2_ws/build/yolov8_bringup' returned '0': AMENT_PREFIX_PATH=/home/winter24/gcamp_ros2_ws/install/yolov8_ros:/home/winter24/gcamp_ros2_ws/install/yolov8_bringup:/home/winter24/gcamp_ros2_ws/install/yolov8_msgs:/home/winter24/gcamp_ros2_ws/install/yolobot_recognition:/home/winter24/gcamp_ros2_ws/install/yolobot_gazebo:/home/winter24/gcamp_ros2_ws/install/yolobot_description:/home/winter24/gcamp_ros2_ws/install/yolobot_control:/home/winter24/gcamp_ros2_ws/install/tf2_web_republisher_py:/home/winter24/gcamp_ros2_ws/install/tf2_web_republisher:/home/winter24/gcamp_ros2_ws/install/slam_gmapping:/home/winter24/gcamp_ros2_ws/install/robot_pose_publisher_ros2:/home/winter24/gcamp_ros2_ws/install/openslam_gmapping:/home/winter24/gcamp_ros2_ws/install/mpu6050driver:/home/winter24/gcamp_ros2_ws/install/gcamp_gazebo:/home/winter24/gcamp_ros2_ws/install/gazebo_mecanum_plugins:/home/winter24/gcamp_ros2_ws/install/ball_tracker:/home/winter24/gcamp_ros2_ws/install/aws_robomaker_small_warehouse_world:/opt/ros/foxy CMAKE_PREFIX_PATH=${CMAKE_PREFIX_PATH}:/home/winter24/gcamp_ros2_ws/install/yolov8_ros:/home/winter24/gcamp_ros2_ws/install/tf2_web_republisher_py:/home/winter24/gcamp_ros2_ws/install/ball_tracker:/opt/ros/foxy /home/winter24/.local/bin/cmake /home/winter24/gcamp_ros2_ws/yolov8_bringup -DCMAKE_INSTALL_PREFIX=/home/winter24/gcamp_ros2_ws/install/yolov8_bringup
[2.125s] Invoking command in '/home/winter24/gcamp_ros2_ws/build/yolov8_bringup': AMENT_PREFIX_PATH=/home/winter24/gcamp_ros2_ws/install/yolov8_ros:/home/winter24/gcamp_ros2_ws/install/yolov8_bringup:/home/winter24/gcamp_ros2_ws/install/yolov8_msgs:/home/winter24/gcamp_ros2_ws/install/yolobot_recognition:/home/winter24/gcamp_ros2_ws/install/yolobot_gazebo:/home/winter24/gcamp_ros2_ws/install/yolobot_description:/home/winter24/gcamp_ros2_ws/install/yolobot_control:/home/winter24/gcamp_ros2_ws/install/tf2_web_republisher_py:/home/winter24/gcamp_ros2_ws/install/tf2_web_republisher:/home/winter24/gcamp_ros2_ws/install/slam_gmapping:/home/winter24/gcamp_ros2_ws/install/robot_pose_publisher_ros2:/home/winter24/gcamp_ros2_ws/install/openslam_gmapping:/home/winter24/gcamp_ros2_ws/install/mpu6050driver:/home/winter24/gcamp_ros2_ws/install/gcamp_gazebo:/home/winter24/gcamp_ros2_ws/install/gazebo_mecanum_plugins:/home/winter24/gcamp_ros2_ws/install/ball_tracker:/home/winter24/gcamp_ros2_ws/install/aws_robomaker_small_warehouse_world:/opt/ros/foxy CMAKE_PREFIX_PATH=${CMAKE_PREFIX_PATH}:/home/winter24/gcamp_ros2_ws/install/yolov8_ros:/home/winter24/gcamp_ros2_ws/install/tf2_web_republisher_py:/home/winter24/gcamp_ros2_ws/install/ball_tracker:/opt/ros/foxy /home/winter24/.local/bin/cmake --build /home/winter24/gcamp_ros2_ws/build/yolov8_bringup -- -j16 -l16
[2.477s] Invoked command in '/home/winter24/gcamp_ros2_ws/build/yolov8_bringup' returned '0': AMENT_PREFIX_PATH=/home/winter24/gcamp_ros2_ws/install/yolov8_ros:/home/winter24/gcamp_ros2_ws/install/yolov8_bringup:/home/winter24/gcamp_ros2_ws/install/yolov8_msgs:/home/winter24/gcamp_ros2_ws/install/yolobot_recognition:/home/winter24/gcamp_ros2_ws/install/yolobot_gazebo:/home/winter24/gcamp_ros2_ws/install/yolobot_description:/home/winter24/gcamp_ros2_ws/install/yolobot_control:/home/winter24/gcamp_ros2_ws/install/tf2_web_republisher_py:/home/winter24/gcamp_ros2_ws/install/tf2_web_republisher:/home/winter24/gcamp_ros2_ws/install/slam_gmapping:/home/winter24/gcamp_ros2_ws/install/robot_pose_publisher_ros2:/home/winter24/gcamp_ros2_ws/install/openslam_gmapping:/home/winter24/gcamp_ros2_ws/install/mpu6050driver:/home/winter24/gcamp_ros2_ws/install/gcamp_gazebo:/home/winter24/gcamp_ros2_ws/install/gazebo_mecanum_plugins:/home/winter24/gcamp_ros2_ws/install/ball_tracker:/home/winter24/gcamp_ros2_ws/install/aws_robomaker_small_warehouse_world:/opt/ros/foxy CMAKE_PREFIX_PATH=${CMAKE_PREFIX_PATH}:/home/winter24/gcamp_ros2_ws/install/yolov8_ros:/home/winter24/gcamp_ros2_ws/install/tf2_web_republisher_py:/home/winter24/gcamp_ros2_ws/install/ball_tracker:/opt/ros/foxy /home/winter24/.local/bin/cmake --build /home/winter24/gcamp_ros2_ws/build/yolov8_bringup -- -j16 -l16
[2.539s] Invoking command in '/home/winter24/gcamp_ros2_ws/build/yolov8_bringup': AMENT_PREFIX_PATH=/home/winter24/gcamp_ros2_ws/install/yolov8_ros:/home/winter24/gcamp_ros2_ws/install/yolov8_bringup:/home/winter24/gcamp_ros2_ws/install/yolov8_msgs:/home/winter24/gcamp_ros2_ws/install/yolobot_recognition:/home/winter24/gcamp_ros2_ws/install/yolobot_gazebo:/home/winter24/gcamp_ros2_ws/install/yolobot_description:/home/winter24/gcamp_ros2_ws/install/yolobot_control:/home/winter24/gcamp_ros2_ws/install/tf2_web_republisher_py:/home/winter24/gcamp_ros2_ws/install/tf2_web_republisher:/home/winter24/gcamp_ros2_ws/install/slam_gmapping:/home/winter24/gcamp_ros2_ws/install/robot_pose_publisher_ros2:/home/winter24/gcamp_ros2_ws/install/openslam_gmapping:/home/winter24/gcamp_ros2_ws/install/mpu6050driver:/home/winter24/gcamp_ros2_ws/install/gcamp_gazebo:/home/winter24/gcamp_ros2_ws/install/gazebo_mecanum_plugins:/home/winter24/gcamp_ros2_ws/install/ball_tracker:/home/winter24/gcamp_ros2_ws/install/aws_robomaker_small_warehouse_world:/opt/ros/foxy CMAKE_PREFIX_PATH=${CMAKE_PREFIX_PATH}:/home/winter24/gcamp_ros2_ws/install/yolov8_ros:/home/winter24/gcamp_ros2_ws/install/tf2_web_republisher_py:/home/winter24/gcamp_ros2_ws/install/ball_tracker:/opt/ros/foxy /home/winter24/.local/bin/cmake --install /home/winter24/gcamp_ros2_ws/build/yolov8_bringup
[2.605s] -- Install configuration: ""
[2.605s] -- Installing: /home/winter24/gcamp_ros2_ws/install/yolov8_bringup/share/yolov8_bringup//launch
[2.605s] -- Installing: /home/winter24/gcamp_ros2_ws/install/yolov8_bringup/share/yolov8_bringup//launch/yolov8_3d.launch.py
[2.605s] -- Installing: /home/winter24/gcamp_ros2_ws/install/yolov8_bringup/share/yolov8_bringup//launch/yolov8.launch.py
[2.605s] -- Installing: /home/winter24/gcamp_ros2_ws/install/yolov8_bringup/share/ament_index/resource_index/package_run_dependencies/yolov8_bringup
[2.605s] -- Installing: /home/winter24/gcamp_ros2_ws/install/yolov8_bringup/share/ament_index/resource_index/parent_prefix_path/yolov8_bringup
[2.605s] -- Installing: /home/winter24/gcamp_ros2_ws/install/yolov8_bringup/share/yolov8_bringup/environment/ament_prefix_path.sh
[2.606s] -- Installing: /home/winter24/gcamp_ros2_ws/install/yolov8_bringup/share/yolov8_bringup/environment/ament_prefix_path.dsv
[2.608s] -- Installing: /home/winter24/gcamp_ros2_ws/install/yolov8_bringup/share/yolov8_bringup/environment/path.sh
[2.609s] -- Installing: /home/winter24/gcamp_ros2_ws/install/yolov8_bringup/share/yolov8_bringup/environment/path.dsv
[2.610s] -- Installing: /home/winter24/gcamp_ros2_ws/install/yolov8_bringup/share/yolov8_bringup/local_setup.bash
[2.611s] -- Installing: /home/winter24/gcamp_ros2_ws/install/yolov8_bringup/share/yolov8_bringup/local_setup.sh
[2.612s] -- Installing: /home/winter24/gcamp_ros2_ws/install/yolov8_bringup/share/yolov8_bringup/local_setup.zsh
[2.613s] -- Installing: /home/winter24/gcamp_ros2_ws/install/yolov8_bringup/share/yolov8_bringup/local_setup.dsv
[2.615s] -- Installing: /home/winter24/gcamp_ros2_ws/install/yolov8_bringup/share/yolov8_bringup/package.dsv
[2.616s] -- Installing: /home/winter24/gcamp_ros2_ws/install/yolov8_bringup/share/ament_index/resource_index/packages/yolov8_bringup
[2.617s] -- Installing: /home/winter24/gcamp_ros2_ws/install/yolov8_bringup/share/yolov8_bringup/cmake/yolov8_bringupConfig.cmake
[2.619s] -- Installing: /home/winter24/gcamp_ros2_ws/install/yolov8_bringup/share/yolov8_bringup/cmake/yolov8_bringupConfig-version.cmake
[2.620s] -- Installing: /home/winter24/gcamp_ros2_ws/install/yolov8_bringup/share/yolov8_bringup/package.xml
[3.097s] Invoked command in '/home/winter24/gcamp_ros2_ws/build/yolov8_bringup' returned '0': AMENT_PREFIX_PATH=/home/winter24/gcamp_ros2_ws/install/yolov8_ros:/home/winter24/gcamp_ros2_ws/install/yolov8_bringup:/home/winter24/gcamp_ros2_ws/install/yolov8_msgs:/home/winter24/gcamp_ros2_ws/install/yolobot_recognition:/home/winter24/gcamp_ros2_ws/install/yolobot_gazebo:/home/winter24/gcamp_ros2_ws/install/yolobot_description:/home/winter24/gcamp_ros2_ws/install/yolobot_control:/home/winter24/gcamp_ros2_ws/install/tf2_web_republisher_py:/home/winter24/gcamp_ros2_ws/install/tf2_web_republisher:/home/winter24/gcamp_ros2_ws/install/slam_gmapping:/home/winter24/gcamp_ros2_ws/install/robot_pose_publisher_ros2:/home/winter24/gcamp_ros2_ws/install/openslam_gmapping:/home/winter24/gcamp_ros2_ws/install/mpu6050driver:/home/winter24/gcamp_ros2_ws/install/gcamp_gazebo:/home/winter24/gcamp_ros2_ws/install/gazebo_mecanum_plugins:/home/winter24/gcamp_ros2_ws/install/ball_tracker:/home/winter24/gcamp_ros2_ws/install/aws_robomaker_small_warehouse_world:/opt/ros/foxy CMAKE_PREFIX_PATH=${CMAKE_PREFIX_PATH}:/home/winter24/gcamp_ros2_ws/install/yolov8_ros:/home/winter24/gcamp_ros2_ws/install/tf2_web_republisher_py:/home/winter24/gcamp_ros2_ws/install/ball_tracker:/opt/ros/foxy /home/winter24/.local/bin/cmake --install /home/winter24/gcamp_ros2_ws/build/yolov8_bringup
