[1.149s] Invoking command in '/home/winter24/gcamp_ros2_ws/build/tarkbot_description': CMAKE_PREFIX_PATH=${CMAKE_PREFIX_PATH}:/home/winter24/gcamp_ros2_ws/install/yolov8_ros:/home/winter24/gcamp_ros2_ws/install/tf2_web_republisher_py:/home/winter24/gcamp_ros2_ws/install/ball_tracker:/opt/ros/foxy /home/winter24/.local/bin/cmake --build /home/winter24/gcamp_ros2_ws/build/tarkbot_description -- -j16 -l16
[1.415s] Invoked command in '/home/winter24/gcamp_ros2_ws/build/tarkbot_description' returned '0': CMAKE_PREFIX_PATH=${CMAKE_PREFIX_PATH}:/home/winter24/gcamp_ros2_ws/install/yolov8_ros:/home/winter24/gcamp_ros2_ws/install/tf2_web_republisher_py:/home/winter24/gcamp_ros2_ws/install/ball_tracker:/opt/ros/foxy /home/winter24/.local/bin/cmake --build /home/winter24/gcamp_ros2_ws/build/tarkbot_description -- -j16 -l16
[1.522s] Invoking command in '/home/winter24/gcamp_ros2_ws/build/tarkbot_description': CMAKE_PREFIX_PATH=${CMAKE_PREFIX_PATH}:/home/winter24/gcamp_ros2_ws/install/yolov8_ros:/home/winter24/gcamp_ros2_ws/install/tf2_web_republisher_py:/home/winter24/gcamp_ros2_ws/install/ball_tracker:/opt/ros/foxy /home/winter24/.local/bin/cmake --install /home/winter24/gcamp_ros2_ws/build/tarkbot_description
[1.588s] -- Install configuration: ""
[1.589s] -- Up-to-date: /home/winter24/gcamp_ros2_ws/install/tarkbot_description/share/tarkbot_description/launch
[1.606s] -- Up-to-date: /home/winter24/gcamp_ros2_ws/install/tarkbot_description/share/tarkbot_description/launch/model.launch.py
[1.607s] -- Up-to-date: /home/winter24/gcamp_ros2_ws/install/tarkbot_description/share/tarkbot_description/urdf
[1.607s] -- Up-to-date: /home/winter24/gcamp_ros2_ws/install/tarkbot_description/share/tarkbot_description/urdf/tarkbot_r10_mec.urdf
[1.607s] -- Up-to-date: /home/winter24/gcamp_ros2_ws/install/tarkbot_description/share/tarkbot_description/urdf/tarkbot_r20_fwd.urdf
[1.607s] -- Up-to-date: /home/winter24/gcamp_ros2_ws/install/tarkbot_description/share/tarkbot_description/urdf/tarkbot_r20_mec.urdf
[1.607s] -- Up-to-date: /home/winter24/gcamp_ros2_ws/install/tarkbot_description/share/tarkbot_description/urdf/tarkbot_r20_akm.urdf
[1.607s] -- Up-to-date: /home/winter24/gcamp_ros2_ws/install/tarkbot_description/share/tarkbot_description/urdf/tarkbot_r10_akm.urdf
[1.607s] -- Up-to-date: /home/winter24/gcamp_ros2_ws/install/tarkbot_description/share/tarkbot_description/urdf/tarkbot_r10_fwd.urdf
[1.607s] -- Up-to-date: /home/winter24/gcamp_ros2_ws/install/tarkbot_description/share/tarkbot_description/urdf/tarkbot_r10_omni.urdf
[1.607s] -- Up-to-date: /home/winter24/gcamp_ros2_ws/install/tarkbot_description/share/tarkbot_description/urdf/tarkbot_r10_twd.urdf
[1.607s] -- Up-to-date: /home/winter24/gcamp_ros2_ws/install/tarkbot_description/share/tarkbot_description/meshes
[1.607s] -- Up-to-date: /home/winter24/gcamp_ros2_ws/install/tarkbot_description/share/tarkbot_description/meshes/base_r20_fwd.stl
[1.607s] -- Up-to-date: /home/winter24/gcamp_ros2_ws/install/tarkbot_description/share/tarkbot_description/meshes/laser.stl
[1.607s] -- Up-to-date: /home/winter24/gcamp_ros2_ws/install/tarkbot_description/share/tarkbot_description/meshes/depthcamera.stl
[1.607s] -- Up-to-date: /home/winter24/gcamp_ros2_ws/install/tarkbot_description/share/tarkbot_description/meshes/base_r10_akm.stl
[1.607s] -- Up-to-date: /home/winter24/gcamp_ros2_ws/install/tarkbot_description/share/tarkbot_description/meshes/base_r20_akm.stl
[1.608s] -- Up-to-date: /home/winter24/gcamp_ros2_ws/install/tarkbot_description/share/tarkbot_description/meshes/base_r20_mec.stl
[1.608s] -- Up-to-date: /home/winter24/gcamp_ros2_ws/install/tarkbot_description/share/tarkbot_description/meshes/base_r10_twd.stl
[1.608s] -- Up-to-date: /home/winter24/gcamp_ros2_ws/install/tarkbot_description/share/tarkbot_description/meshes/base_r10_omni.stl
[1.608s] -- Up-to-date: /home/winter24/gcamp_ros2_ws/install/tarkbot_description/share/tarkbot_description/meshes/base_r10_mec.stl
[1.608s] -- Up-to-date: /home/winter24/gcamp_ros2_ws/install/tarkbot_description/share/tarkbot_description/meshes/base_r10_fwd.stl
[1.608s] -- Up-to-date: /home/winter24/gcamp_ros2_ws/install/tarkbot_description/share/ament_index/resource_index/package_run_dependencies/tarkbot_description
[1.608s] -- Up-to-date: /home/winter24/gcamp_ros2_ws/install/tarkbot_description/share/ament_index/resource_index/parent_prefix_path/tarkbot_description
[1.608s] -- Up-to-date: /home/winter24/gcamp_ros2_ws/install/tarkbot_description/share/tarkbot_description/environment/ament_prefix_path.sh
[1.609s] -- Up-to-date: /home/winter24/gcamp_ros2_ws/install/tarkbot_description/share/tarkbot_description/environment/ament_prefix_path.dsv
[1.609s] -- Up-to-date: /home/winter24/gcamp_ros2_ws/install/tarkbot_description/share/tarkbot_description/environment/path.sh
[1.609s] -- Up-to-date: /home/winter24/gcamp_ros2_ws/install/tarkbot_description/share/tarkbot_description/environment/path.dsv
[1.609s] -- Up-to-date: /home/winter24/gcamp_ros2_ws/install/tarkbot_description/share/tarkbot_description/local_setup.bash
[1.609s] -- Up-to-date: /home/winter24/gcamp_ros2_ws/install/tarkbot_description/share/tarkbot_description/local_setup.sh
[1.609s] -- Up-to-date: /home/winter24/gcamp_ros2_ws/install/tarkbot_description/share/tarkbot_description/local_setup.zsh
[1.609s] -- Up-to-date: /home/winter24/gcamp_ros2_ws/install/tarkbot_description/share/tarkbot_description/local_setup.dsv
[1.609s] -- Installing: /home/winter24/gcamp_ros2_ws/install/tarkbot_description/share/tarkbot_description/package.dsv
[1.610s] -- Up-to-date: /home/winter24/gcamp_ros2_ws/install/tarkbot_description/share/ament_index/resource_index/packages/tarkbot_description
[1.610s] -- Up-to-date: /home/winter24/gcamp_ros2_ws/install/tarkbot_description/share/tarkbot_description/cmake/tarkbot_descriptionConfig.cmake
[1.610s] -- Up-to-date: /home/winter24/gcamp_ros2_ws/install/tarkbot_description/share/tarkbot_description/cmake/tarkbot_descriptionConfig-version.cmake
[1.610s] -- Up-to-date: /home/winter24/gcamp_ros2_ws/install/tarkbot_description/share/tarkbot_description/package.xml
[1.788s] Invoked command in '/home/winter24/gcamp_ros2_ws/build/tarkbot_description' returned '0': CMAKE_PREFIX_PATH=${CMAKE_PREFIX_PATH}:/home/winter24/gcamp_ros2_ws/install/yolov8_ros:/home/winter24/gcamp_ros2_ws/install/tf2_web_republisher_py:/home/winter24/gcamp_ros2_ws/install/ball_tracker:/opt/ros/foxy /home/winter24/.local/bin/cmake --install /home/winter24/gcamp_ros2_ws/build/tarkbot_description
