[0.453s] Invoking command in '/home/winter24/gcamp_ros2_ws/build/yolobot_control': CMAKE_PREFIX_PATH=${CMAKE_PREFIX_PATH}:/home/winter24/gcamp_ros2_ws/install/yolov8_ros:/home/winter24/gcamp_ros2_ws/install/tf2_web_republisher_py:/home/winter24/gcamp_ros2_ws/install/ball_tracker:/opt/ros/foxy /home/winter24/.local/bin/cmake --build /home/winter24/gcamp_ros2_ws/build/yolobot_control -- -j16 -l16
[0.515s] Invoked command in '/home/winter24/gcamp_ros2_ws/build/yolobot_control' returned '0': CMAKE_PREFIX_PATH=${CMAKE_PREFIX_PATH}:/home/winter24/gcamp_ros2_ws/install/yolov8_ros:/home/winter24/gcamp_ros2_ws/install/tf2_web_republisher_py:/home/winter24/gcamp_ros2_ws/install/ball_tracker:/opt/ros/foxy /home/winter24/.local/bin/cmake --build /home/winter24/gcamp_ros2_ws/build/yolobot_control -- -j16 -l16
[0.642s] Invoking command in '/home/winter24/gcamp_ros2_ws/build/yolobot_control': CMAKE_PREFIX_PATH=${CMAKE_PREFIX_PATH}:/home/winter24/gcamp_ros2_ws/install/yolov8_ros:/home/winter24/gcamp_ros2_ws/install/tf2_web_republisher_py:/home/winter24/gcamp_ros2_ws/install/ball_tracker:/opt/ros/foxy /home/winter24/.local/bin/cmake --install /home/winter24/gcamp_ros2_ws/build/yolobot_control
[0.700s] -- Install configuration: ""
[0.700s] -- Up-to-date: /home/winter24/gcamp_ros2_ws/install/yolobot_control/share/yolobot_control//scripts
[0.700s] -- Up-to-date: /home/winter24/gcamp_ros2_ws/install/yolobot_control/share/yolobot_control//scripts/robot_control.py
[0.701s] -- Up-to-date: /home/winter24/gcamp_ros2_ws/install/yolobot_control/share/yolobot_control//launch
[0.701s] -- Up-to-date: /home/winter24/gcamp_ros2_ws/install/yolobot_control/share/yolobot_control//launch/yolobot_control.launch.py
[0.701s] -- Up-to-date: /home/winter24/gcamp_ros2_ws/install/yolobot_control/lib/yolobot_control/robot_control.py
[0.701s] -- Up-to-date: /home/winter24/gcamp_ros2_ws/install/yolobot_control/lib/yolobot_control/yolobot_control.launch.py
[0.701s] -- Up-to-date: /home/winter24/gcamp_ros2_ws/install/yolobot_control/share/ament_index/resource_index/package_run_dependencies/yolobot_control
[0.701s] -- Up-to-date: /home/winter24/gcamp_ros2_ws/install/yolobot_control/share/ament_index/resource_index/parent_prefix_path/yolobot_control
[0.701s] -- Up-to-date: /home/winter24/gcamp_ros2_ws/install/yolobot_control/share/yolobot_control/environment/ament_prefix_path.sh
[0.701s] -- Up-to-date: /home/winter24/gcamp_ros2_ws/install/yolobot_control/share/yolobot_control/environment/ament_prefix_path.dsv
[0.702s] -- Up-to-date: /home/winter24/gcamp_ros2_ws/install/yolobot_control/share/yolobot_control/environment/path.sh
[0.702s] -- Up-to-date: /home/winter24/gcamp_ros2_ws/install/yolobot_control/share/yolobot_control/environment/path.dsv
[0.702s] -- Up-to-date: /home/winter24/gcamp_ros2_ws/install/yolobot_control/share/yolobot_control/local_setup.bash
[0.702s] -- Up-to-date: /home/winter24/gcamp_ros2_ws/install/yolobot_control/share/yolobot_control/local_setup.sh
[0.703s] -- Up-to-date: /home/winter24/gcamp_ros2_ws/install/yolobot_control/share/yolobot_control/local_setup.zsh
[0.703s] -- Up-to-date: /home/winter24/gcamp_ros2_ws/install/yolobot_control/share/yolobot_control/local_setup.dsv
[0.703s] -- Installing: /home/winter24/gcamp_ros2_ws/install/yolobot_control/share/yolobot_control/package.dsv
[0.704s] -- Up-to-date: /home/winter24/gcamp_ros2_ws/install/yolobot_control/share/ament_index/resource_index/packages/yolobot_control
[0.704s] -- Up-to-date: /home/winter24/gcamp_ros2_ws/install/yolobot_control/share/yolobot_control/cmake/yolobot_controlConfig.cmake
[0.704s] -- Up-to-date: /home/winter24/gcamp_ros2_ws/install/yolobot_control/share/yolobot_control/cmake/yolobot_controlConfig-version.cmake
[0.704s] -- Up-to-date: /home/winter24/gcamp_ros2_ws/install/yolobot_control/share/yolobot_control/package.xml
[0.753s] Invoked command in '/home/winter24/gcamp_ros2_ws/build/yolobot_control' returned '0': CMAKE_PREFIX_PATH=${CMAKE_PREFIX_PATH}:/home/winter24/gcamp_ros2_ws/install/yolov8_ros:/home/winter24/gcamp_ros2_ws/install/tf2_web_republisher_py:/home/winter24/gcamp_ros2_ws/install/ball_tracker:/opt/ros/foxy /home/winter24/.local/bin/cmake --install /home/winter24/gcamp_ros2_ws/build/yolobot_control
