[0.015s] Invoking command in '/home/winter24/gcamp_ros2_ws/build/slam_gmapping': CMAKE_PREFIX_PATH=/home/winter24/gcamp_ros2_ws/install/openslam_gmapping:/home/winter24/gcamp_ros2_ws/install/yolov8_bringup:/home/winter24/gcamp_ros2_ws/install/yolov8_msgs:/home/winter24/gcamp_ros2_ws/install/yolobot_recognition:/home/winter24/gcamp_ros2_ws/install/yolobot_gazebo:/home/winter24/gcamp_ros2_ws/install/yolobot_description:/home/winter24/gcamp_ros2_ws/install/yolobot_control:/home/winter24/gcamp_ros2_ws/install/tf2_web_republisher:/home/winter24/gcamp_ros2_ws/install/tarkbot_description:/home/winter24/gcamp_ros2_ws/install/slam_gmapping:/home/winter24/gcamp_ros2_ws/install/robot_pose_publisher_ros2:/home/winter24/gcamp_ros2_ws/install/mpu6050driver:/home/winter24/gcamp_ros2_ws/install/gcamp_gazebo:/home/winter24/gcamp_ros2_ws/install/gazebo_mecanum_plugins:/home/winter24/gcamp_ros2_ws/install/aws_robomaker_small_warehouse_world:/home/winter24/gcamp_ros2_ws/install/yolov8_ros:/home/winter24/gcamp_ros2_ws/install/tf2_web_republisher_py:/home/winter24/gcamp_ros2_ws/install/ball_tracker:/opt/ros/foxy /home/winter24/.local/bin/cmake --build /home/winter24/gcamp_ros2_ws/build/slam_gmapping -- -j16 -l16
[0.063s] [ 50%] [32mBuilding CXX object CMakeFiles/slam_gmapping.dir/src/slam_gmapping.cpp.o[0m
[1.095s] In file included from [01m[K/home/winter24/gcamp_ros2_ws/install/openslam_gmapping/include/gmapping/gridfastslam/gridslamprocessor.h:9[m[K,
[1.095s]                  from [01m[K/home/winter24/gcamp_ros2_ws/slam_gmapping/slam_gmapping/include/slam_gmapping/slam_gmapping.h:45[m[K,
[1.095s]                  from [01m[K/home/winter24/gcamp_ros2_ws/slam_gmapping/slam_gmapping/src/slam_gmapping.cpp:24[m[K:
[1.095s] [01m[K/home/winter24/gcamp_ros2_ws/install/openslam_gmapping/include/gmapping/particlefilter/particlefilter.h:[m[K In function ‘[01m[Kvoid rle(OutputIterator&, const Iterator&, const Iterator&)[m[K’:
[1.095s] [01m[K/home/winter24/gcamp_ros2_ws/install/openslam_gmapping/include/gmapping/particlefilter/particlefilter.h:140:2:[m[K [01;35m[Kwarning: [m[Kthis ‘[01m[Kif[m[K’ clause does not guard... [[01;35m[K-Wmisleading-indentation[m[K]
[1.095s]   140 |  [01;35m[Kif[m[K (count>0)
[1.095s]       |  [01;35m[K^~[m[K
[1.095s] [01m[K/home/winter24/gcamp_ros2_ws/install/openslam_gmapping/include/gmapping/particlefilter/particlefilter.h:142:3:[m[K [01;36m[Knote: [m[K...this statement, but the latter is misleadingly indented as if it were guarded by the ‘[01m[Kif[m[K’
[1.095s]   142 |   [01;36m[Kout[m[K++;
[1.095s]       |   [01;36m[K^~~[m[K
[1.098s] In file included from [01m[K/home/winter24/gcamp_ros2_ws/install/openslam_gmapping/include/gmapping/gridfastslam/gridslamprocessor.h:10[m[K,
[1.099s]                  from [01m[K/home/winter24/gcamp_ros2_ws/slam_gmapping/slam_gmapping/include/slam_gmapping/slam_gmapping.h:45[m[K,
[1.099s]                  from [01m[K/home/winter24/gcamp_ros2_ws/slam_gmapping/slam_gmapping/src/slam_gmapping.cpp:24[m[K:
[1.099s] [01m[K/home/winter24/gcamp_ros2_ws/install/openslam_gmapping/include/gmapping/utils/point.h:[m[K At global scope:
[1.099s] [01m[K/home/winter24/gcamp_ros2_ws/install/openslam_gmapping/include/gmapping/utils/point.h:205:2:[m[K [01;35m[Kwarning: [m[Kextra ‘[01m[K;[m[K’ [[01;35m[K-Wpedantic[m[K]
[1.099s]   205 | }[01;35m[K;[m[K //end namespace
[1.099s]       |  [01;35m[K^[m[K
[1.099s] In file included from [01m[K/home/winter24/gcamp_ros2_ws/install/openslam_gmapping/include/gmapping/sensor/sensor_base/sensorreading.h:4[m[K,
[1.099s]                  from [01m[K/home/winter24/gcamp_ros2_ws/install/openslam_gmapping/include/gmapping/log/sensorlog.h:6[m[K,
[1.099s]                  from [01m[K/home/winter24/gcamp_ros2_ws/install/openslam_gmapping/include/gmapping/gridfastslam/gridslamprocessor.h:12[m[K,
[1.099s]                  from [01m[K/home/winter24/gcamp_ros2_ws/slam_gmapping/slam_gmapping/include/slam_gmapping/slam_gmapping.h:45[m[K,
[1.099s]                  from [01m[K/home/winter24/gcamp_ros2_ws/slam_gmapping/slam_gmapping/src/slam_gmapping.cpp:24[m[K:
[1.099s] [01m[K/home/winter24/gcamp_ros2_ws/install/openslam_gmapping/include/gmapping/sensor/sensor_base/sensor.h:21:2:[m[K [01;35m[Kwarning: [m[Kextra ‘[01m[K;[m[K’ [[01;35m[K-Wpedantic[m[K]
[1.100s]    21 | }[01;35m[K;[m[K //end namespace
[1.100s]       |  [01;35m[K^[m[K
[1.100s] In file included from [01m[K/home/winter24/gcamp_ros2_ws/install/openslam_gmapping/include/gmapping/log/sensorlog.h:6[m[K,
[1.100s]                  from [01m[K/home/winter24/gcamp_ros2_ws/install/openslam_gmapping/include/gmapping/gridfastslam/gridslamprocessor.h:12[m[K,
[1.100s]                  from [01m[K/home/winter24/gcamp_ros2_ws/slam_gmapping/slam_gmapping/include/slam_gmapping/slam_gmapping.h:45[m[K,
[1.100s]                  from [01m[K/home/winter24/gcamp_ros2_ws/slam_gmapping/slam_gmapping/src/slam_gmapping.cpp:24[m[K:
[1.100s] [01m[K/home/winter24/gcamp_ros2_ws/install/openslam_gmapping/include/gmapping/sensor/sensor_base/sensorreading.h:23:2:[m[K [01;35m[Kwarning: [m[Kextra ‘[01m[K;[m[K’ [[01;35m[K-Wpedantic[m[K]
[1.100s]    23 | }[01;35m[K;[m[K //end namespace
[1.100s]       |  [01;35m[K^[m[K
[1.100s] In file included from [01m[K/home/winter24/gcamp_ros2_ws/install/openslam_gmapping/include/gmapping/log/sensorlog.h:7[m[K,
[1.100s]                  from [01m[K/home/winter24/gcamp_ros2_ws/install/openslam_gmapping/include/gmapping/gridfastslam/gridslamprocessor.h:12[m[K,
[1.100s]                  from [01m[K/home/winter24/gcamp_ros2_ws/slam_gmapping/slam_gmapping/include/slam_gmapping/slam_gmapping.h:45[m[K,
[1.100s]                  from [01m[K/home/winter24/gcamp_ros2_ws/slam_gmapping/slam_gmapping/src/slam_gmapping.cpp:24[m[K:
[1.101s] [01m[K/home/winter24/gcamp_ros2_ws/install/openslam_gmapping/include/gmapping/sensor/sensor_odometry/odometrysensor.h:17:2:[m[K [01;35m[Kwarning: [m[Kextra ‘[01m[K;[m[K’ [[01;35m[K-Wpedantic[m[K]
[1.101s]    17 | }[01;35m[K;[m[K
[1.101s]       |  [01;35m[K^[m[K
[1.101s] In file included from [01m[K/home/winter24/gcamp_ros2_ws/install/openslam_gmapping/include/gmapping/log/sensorlog.h:8[m[K,
[1.101s]                  from [01m[K/home/winter24/gcamp_ros2_ws/install/openslam_gmapping/include/gmapping/gridfastslam/gridslamprocessor.h:12[m[K,
[1.101s]                  from [01m[K/home/winter24/gcamp_ros2_ws/slam_gmapping/slam_gmapping/include/slam_gmapping/slam_gmapping.h:45[m[K,
[1.101s]                  from [01m[K/home/winter24/gcamp_ros2_ws/slam_gmapping/slam_gmapping/src/slam_gmapping.cpp:24[m[K:
[1.101s] [01m[K/home/winter24/gcamp_ros2_ws/install/openslam_gmapping/include/gmapping/sensor/sensor_range/rangesensor.h:33:2:[m[K [01;35m[Kwarning: [m[Kextra ‘[01m[K;[m[K’ [[01;35m[K-Wpedantic[m[K]
[1.101s]    33 | }[01;35m[K;[m[K
[1.101s]       |  [01;35m[K^[m[K
[1.101s] In file included from [01m[K/home/winter24/gcamp_ros2_ws/install/openslam_gmapping/include/gmapping/log/sensorlog.h:9[m[K,
[1.101s]                  from [01m[K/home/winter24/gcamp_ros2_ws/install/openslam_gmapping/include/gmapping/gridfastslam/gridslamprocessor.h:12[m[K,
[1.102s]                  from [01m[K/home/winter24/gcamp_ros2_ws/slam_gmapping/slam_gmapping/include/slam_gmapping/slam_gmapping.h:45[m[K,
[1.102s]                  from [01m[K/home/winter24/gcamp_ros2_ws/slam_gmapping/slam_gmapping/src/slam_gmapping.cpp:24[m[K:
[1.102s] [01m[K/home/winter24/gcamp_ros2_ws/install/openslam_gmapping/include/gmapping/sensor/sensor_odometry/odometryreading.h:27:2:[m[K [01;35m[Kwarning: [m[Kextra ‘[01m[K;[m[K’ [[01;35m[K-Wpedantic[m[K]
[1.102s]    27 | }[01;35m[K;[m[K
[1.102s]       |  [01;35m[K^[m[K
[1.102s] In file included from [01m[K/home/winter24/gcamp_ros2_ws/install/openslam_gmapping/include/gmapping/log/sensorlog.h:10[m[K,
[1.102s]                  from [01m[K/home/winter24/gcamp_ros2_ws/install/openslam_gmapping/include/gmapping/gridfastslam/gridslamprocessor.h:12[m[K,
[1.102s]                  from [01m[K/home/winter24/gcamp_ros2_ws/slam_gmapping/slam_gmapping/include/slam_gmapping/slam_gmapping.h:45[m[K,
[1.102s]                  from [01m[K/home/winter24/gcamp_ros2_ws/slam_gmapping/slam_gmapping/src/slam_gmapping.cpp:24[m[K:
[1.102s] [01m[K/home/winter24/gcamp_ros2_ws/install/openslam_gmapping/include/gmapping/sensor/sensor_range/rangereading.h:24:2:[m[K [01;35m[Kwarning: [m[Kextra ‘[01m[K;[m[K’ [[01;35m[K-Wpedantic[m[K]
[1.102s]    24 | }[01;35m[K;[m[K
[1.102s]       |  [01;35m[K^[m[K
[1.102s] In file included from [01m[K/home/winter24/gcamp_ros2_ws/install/openslam_gmapping/include/gmapping/log/sensorlog.h:11[m[K,
[1.102s]                  from [01m[K/home/winter24/gcamp_ros2_ws/install/openslam_gmapping/include/gmapping/gridfastslam/gridslamprocessor.h:12[m[K,
[1.102s]                  from [01m[K/home/winter24/gcamp_ros2_ws/slam_gmapping/slam_gmapping/include/slam_gmapping/slam_gmapping.h:45[m[K,
[1.103s]                  from [01m[K/home/winter24/gcamp_ros2_ws/slam_gmapping/slam_gmapping/src/slam_gmapping.cpp:24[m[K:
[1.103s] [01m[K/home/winter24/gcamp_ros2_ws/install/openslam_gmapping/include/gmapping/log/configuration.h:15:2:[m[K [01;35m[Kwarning: [m[Kextra ‘[01m[K;[m[K’ [[01;35m[K-Wpedantic[m[K]
[1.103s]    15 | }[01;35m[K;[m[K
[1.103s]       |  [01;35m[K^[m[K
[1.103s] In file included from [01m[K/home/winter24/gcamp_ros2_ws/install/openslam_gmapping/include/gmapping/gridfastslam/gridslamprocessor.h:12[m[K,
[1.103s]                  from [01m[K/home/winter24/gcamp_ros2_ws/slam_gmapping/slam_gmapping/include/slam_gmapping/slam_gmapping.h:45[m[K,
[1.103s]                  from [01m[K/home/winter24/gcamp_ros2_ws/slam_gmapping/slam_gmapping/src/slam_gmapping.cpp:24[m[K:
[1.103s] [01m[K/home/winter24/gcamp_ros2_ws/install/openslam_gmapping/include/gmapping/log/sensorlog.h:27:2:[m[K [01;35m[Kwarning: [m[Kextra ‘[01m[K;[m[K’ [[01;35m[K-Wpedantic[m[K]
[1.103s]    27 | }[01;35m[K;[m[K
[1.103s]       |  [01;35m[K^[m[K
[1.104s] In file included from [01m[K/home/winter24/gcamp_ros2_ws/install/openslam_gmapping/include/gmapping/grid/map.h:5[m[K,
[1.105s]                  from [01m[K/home/winter24/gcamp_ros2_ws/install/openslam_gmapping/include/gmapping/scanmatcher/smmap.h:3[m[K,
[1.105s]                  from [01m[K/home/winter24/gcamp_ros2_ws/install/openslam_gmapping/include/gmapping/scanmatcher/scanmatcher.h:5[m[K,
[1.105s]                  from [01m[K/home/winter24/gcamp_ros2_ws/install/openslam_gmapping/include/gmapping/gridfastslam/gridslamprocessor.h:15[m[K,
[1.105s]                  from [01m[K/home/winter24/gcamp_ros2_ws/slam_gmapping/slam_gmapping/include/slam_gmapping/slam_gmapping.h:45[m[K,
[1.105s]                  from [01m[K/home/winter24/gcamp_ros2_ws/slam_gmapping/slam_gmapping/src/slam_gmapping.cpp:24[m[K:
[1.105s] [01m[K/home/winter24/gcamp_ros2_ws/install/openslam_gmapping/include/gmapping/grid/accessstate.h:6:2:[m[K [01;35m[Kwarning: [m[Kextra ‘[01m[K;[m[K’ [[01;35m[K-Wpedantic[m[K]
[1.105s]     6 | }[01;35m[K;[m[K
[1.105s]       |  [01;35m[K^[m[K
[1.106s] In file included from [01m[K/home/winter24/gcamp_ros2_ws/install/openslam_gmapping/include/gmapping/grid/map.h:6[m[K,
[1.106s]                  from [01m[K/home/winter24/gcamp_ros2_ws/install/openslam_gmapping/include/gmapping/scanmatcher/smmap.h:3[m[K,
[1.106s]                  from [01m[K/home/winter24/gcamp_ros2_ws/install/openslam_gmapping/include/gmapping/scanmatcher/scanmatcher.h:5[m[K,
[1.107s]                  from [01m[K/home/winter24/gcamp_ros2_ws/install/openslam_gmapping/include/gmapping/gridfastslam/gridslamprocessor.h:15[m[K,
[1.107s]                  from [01m[K/home/winter24/gcamp_ros2_ws/slam_gmapping/slam_gmapping/include/slam_gmapping/slam_gmapping.h:45[m[K,
[1.107s]                  from [01m[K/home/winter24/gcamp_ros2_ws/slam_gmapping/slam_gmapping/src/slam_gmapping.cpp:24[m[K:
[1.107s] [01m[K/home/winter24/gcamp_ros2_ws/install/openslam_gmapping/include/gmapping/grid/array2d.h:185:2:[m[K [01;35m[Kwarning: [m[Kextra ‘[01m[K;[m[K’ [[01;35m[K-Wpedantic[m[K]
[1.107s]   185 | }[01;35m[K;[m[K
[1.107s]       |  [01;35m[K^[m[K
[1.108s] In file included from [01m[K/home/winter24/gcamp_ros2_ws/install/openslam_gmapping/include/gmapping/scanmatcher/smmap.h:3[m[K,
[1.108s]                  from [01m[K/home/winter24/gcamp_ros2_ws/install/openslam_gmapping/include/gmapping/scanmatcher/scanmatcher.h:5[m[K,
[1.108s]                  from [01m[K/home/winter24/gcamp_ros2_ws/install/openslam_gmapping/include/gmapping/gridfastslam/gridslamprocessor.h:15[m[K,
[1.108s]                  from [01m[K/home/winter24/gcamp_ros2_ws/slam_gmapping/slam_gmapping/include/slam_gmapping/slam_gmapping.h:45[m[K,
[1.108s]                  from [01m[K/home/winter24/gcamp_ros2_ws/slam_gmapping/slam_gmapping/src/slam_gmapping.cpp:24[m[K:
[1.108s] [01m[K/home/winter24/gcamp_ros2_ws/install/openslam_gmapping/include/gmapping/grid/map.h:262:2:[m[K [01;35m[Kwarning: [m[Kextra ‘[01m[K;[m[K’ [[01;35m[K-Wpedantic[m[K]
[1.108s]   262 | }[01;35m[K;[m[K
[1.109s]       |  [01;35m[K^[m[K
[1.109s] In file included from [01m[K/home/winter24/gcamp_ros2_ws/install/openslam_gmapping/include/gmapping/grid/harray2d.h:5[m[K,
[1.109s]                  from [01m[K/home/winter24/gcamp_ros2_ws/install/openslam_gmapping/include/gmapping/scanmatcher/smmap.h:4[m[K,
[1.109s]                  from [01m[K/home/winter24/gcamp_ros2_ws/install/openslam_gmapping/include/gmapping/scanmatcher/scanmatcher.h:5[m[K,
[1.109s]                  from [01m[K/home/winter24/gcamp_ros2_ws/install/openslam_gmapping/include/gmapping/gridfastslam/gridslamprocessor.h:15[m[K,
[1.109s]                  from [01m[K/home/winter24/gcamp_ros2_ws/slam_gmapping/slam_gmapping/include/slam_gmapping/slam_gmapping.h:45[m[K,
[1.109s]                  from [01m[K/home/winter24/gcamp_ros2_ws/slam_gmapping/slam_gmapping/src/slam_gmapping.cpp:24[m[K:
[1.109s] [01m[K/home/winter24/gcamp_ros2_ws/install/openslam_gmapping/include/gmapping/utils/autoptr.h:96:2:[m[K [01;35m[Kwarning: [m[Kextra ‘[01m[K;[m[K’ [[01;35m[K-Wpedantic[m[K]
[1.109s]    96 | }[01;35m[K;[m[K
[1.109s]       |  [01;35m[K^[m[K
[1.113s] In file included from [01m[K/home/winter24/gcamp_ros2_ws/install/openslam_gmapping/include/gmapping/scanmatcher/smmap.h:4[m[K,
[1.113s]                  from [01m[K/home/winter24/gcamp_ros2_ws/install/openslam_gmapping/include/gmapping/scanmatcher/scanmatcher.h:5[m[K,
[1.113s]                  from [01m[K/home/winter24/gcamp_ros2_ws/install/openslam_gmapping/include/gmapping/gridfastslam/gridslamprocessor.h:15[m[K,
[1.113s]                  from [01m[K/home/winter24/gcamp_ros2_ws/slam_gmapping/slam_gmapping/include/slam_gmapping/slam_gmapping.h:45[m[K,
[1.113s]                  from [01m[K/home/winter24/gcamp_ros2_ws/slam_gmapping/slam_gmapping/src/slam_gmapping.cpp:24[m[K:
[1.113s] [01m[K/home/winter24/gcamp_ros2_ws/install/openslam_gmapping/include/gmapping/grid/harray2d.h:197:2:[m[K [01;35m[Kwarning: [m[Kextra ‘[01m[K;[m[K’ [[01;35m[K-Wpedantic[m[K]
[1.113s]   197 | }[01;35m[K;[m[K
[1.113s]       |  [01;35m[K^[m[K
[1.113s] In file included from [01m[K/home/winter24/gcamp_ros2_ws/install/openslam_gmapping/include/gmapping/scanmatcher/scanmatcher.h:5[m[K,
[1.113s]                  from [01m[K/home/winter24/gcamp_ros2_ws/install/openslam_gmapping/include/gmapping/gridfastslam/gridslamprocessor.h:15[m[K,
[1.113s]                  from [01m[K/home/winter24/gcamp_ros2_ws/slam_gmapping/slam_gmapping/include/slam_gmapping/slam_gmapping.h:45[m[K,
[1.113s]                  from [01m[K/home/winter24/gcamp_ros2_ws/slam_gmapping/slam_gmapping/src/slam_gmapping.cpp:24[m[K:
[1.113s] [01m[K/home/winter24/gcamp_ros2_ws/install/openslam_gmapping/include/gmapping/scanmatcher/smmap.h:52:2:[m[K [01;35m[Kwarning: [m[Kextra ‘[01m[K;[m[K’ [[01;35m[K-Wpedantic[m[K]
[1.114s]    52 | }[01;35m[K;[m[K
[1.114s]       |  [01;35m[K^[m[K
[1.114s] In file included from [01m[K/home/winter24/gcamp_ros2_ws/install/openslam_gmapping/include/gmapping/scanmatcher/scanmatcher.h:7[m[K,
[1.114s]                  from [01m[K/home/winter24/gcamp_ros2_ws/install/openslam_gmapping/include/gmapping/gridfastslam/gridslamprocessor.h:15[m[K,
[1.114s]                  from [01m[K/home/winter24/gcamp_ros2_ws/slam_gmapping/slam_gmapping/include/slam_gmapping/slam_gmapping.h:45[m[K,
[1.114s]                  from [01m[K/home/winter24/gcamp_ros2_ws/slam_gmapping/slam_gmapping/src/slam_gmapping.cpp:24[m[K:
[1.114s] [01m[K/home/winter24/gcamp_ros2_ws/install/openslam_gmapping/include/gmapping/utils/stat.h:145:2:[m[K [01;35m[Kwarning: [m[Kextra ‘[01m[K;[m[K’ [[01;35m[K-Wpedantic[m[K]
[1.114s]   145 | }[01;35m[K;[m[K //end namespace
[1.114s]       |  [01;35m[K^[m[K
[1.121s] In file included from [01m[K/home/winter24/gcamp_ros2_ws/install/openslam_gmapping/include/gmapping/gridfastslam/gridslamprocessor.h:15[m[K,
[1.121s]                  from [01m[K/home/winter24/gcamp_ros2_ws/slam_gmapping/slam_gmapping/include/slam_gmapping/slam_gmapping.h:45[m[K,
[1.121s]                  from [01m[K/home/winter24/gcamp_ros2_ws/slam_gmapping/slam_gmapping/src/slam_gmapping.cpp:24[m[K:
[1.121s] [01m[K/home/winter24/gcamp_ros2_ws/install/openslam_gmapping/include/gmapping/scanmatcher/scanmatcher.h:250:2:[m[K [01;35m[Kwarning: [m[Kextra ‘[01m[K;[m[K’ [[01;35m[K-Wpedantic[m[K]
[1.121s]   250 | }[01;35m[K;[m[K
[1.121s]       |  [01;35m[K^[m[K
[1.121s] In file included from [01m[K/home/winter24/gcamp_ros2_ws/install/openslam_gmapping/include/gmapping/gridfastslam/gridslamprocessor.h:16[m[K,
[1.121s]                  from [01m[K/home/winter24/gcamp_ros2_ws/slam_gmapping/slam_gmapping/include/slam_gmapping/slam_gmapping.h:45[m[K,
[1.121s]                  from [01m[K/home/winter24/gcamp_ros2_ws/slam_gmapping/slam_gmapping/src/slam_gmapping.cpp:24[m[K:
[1.121s] [01m[K/home/winter24/gcamp_ros2_ws/install/openslam_gmapping/include/gmapping/gridfastslam/motionmodel.h:17:2:[m[K [01;35m[Kwarning: [m[Kextra ‘[01m[K;[m[K’ [[01;35m[K-Wpedantic[m[K]
[1.121s]    17 | }[01;35m[K;[m[K
[1.121s]       |  [01;35m[K^[m[K
[1.132s] In file included from [01m[K/home/winter24/gcamp_ros2_ws/slam_gmapping/slam_gmapping/include/slam_gmapping/slam_gmapping.h:45[m[K,
[1.132s]                  from [01m[K/home/winter24/gcamp_ros2_ws/slam_gmapping/slam_gmapping/src/slam_gmapping.cpp:24[m[K:
[1.132s] [01m[K/home/winter24/gcamp_ros2_ws/install/openslam_gmapping/include/gmapping/gridfastslam/gridslamprocessor.h:335:2:[m[K [01;35m[Kwarning: [m[Kextra ‘[01m[K;[m[K’ [[01;35m[K-Wpedantic[m[K]
[1.132s]   335 | }[01;35m[K;[m[K
[1.132s]       |  [01;35m[K^[m[K
[5.564s] [100%] [32m[1mLinking CXX executable slam_gmapping[0m
[5.871s] [100%] Built target slam_gmapping
[5.880s] Invoked command in '/home/winter24/gcamp_ros2_ws/build/slam_gmapping' returned '0': CMAKE_PREFIX_PATH=/home/winter24/gcamp_ros2_ws/install/openslam_gmapping:/home/winter24/gcamp_ros2_ws/install/yolov8_bringup:/home/winter24/gcamp_ros2_ws/install/yolov8_msgs:/home/winter24/gcamp_ros2_ws/install/yolobot_recognition:/home/winter24/gcamp_ros2_ws/install/yolobot_gazebo:/home/winter24/gcamp_ros2_ws/install/yolobot_description:/home/winter24/gcamp_ros2_ws/install/yolobot_control:/home/winter24/gcamp_ros2_ws/install/tf2_web_republisher:/home/winter24/gcamp_ros2_ws/install/tarkbot_description:/home/winter24/gcamp_ros2_ws/install/slam_gmapping:/home/winter24/gcamp_ros2_ws/install/robot_pose_publisher_ros2:/home/winter24/gcamp_ros2_ws/install/mpu6050driver:/home/winter24/gcamp_ros2_ws/install/gcamp_gazebo:/home/winter24/gcamp_ros2_ws/install/gazebo_mecanum_plugins:/home/winter24/gcamp_ros2_ws/install/aws_robomaker_small_warehouse_world:/home/winter24/gcamp_ros2_ws/install/yolov8_ros:/home/winter24/gcamp_ros2_ws/install/tf2_web_republisher_py:/home/winter24/gcamp_ros2_ws/install/ball_tracker:/opt/ros/foxy /home/winter24/.local/bin/cmake --build /home/winter24/gcamp_ros2_ws/build/slam_gmapping -- -j16 -l16
[5.923s] Invoking command in '/home/winter24/gcamp_ros2_ws/build/slam_gmapping': CMAKE_PREFIX_PATH=/home/winter24/gcamp_ros2_ws/install/openslam_gmapping:/home/winter24/gcamp_ros2_ws/install/yolov8_bringup:/home/winter24/gcamp_ros2_ws/install/yolov8_msgs:/home/winter24/gcamp_ros2_ws/install/yolobot_recognition:/home/winter24/gcamp_ros2_ws/install/yolobot_gazebo:/home/winter24/gcamp_ros2_ws/install/yolobot_description:/home/winter24/gcamp_ros2_ws/install/yolobot_control:/home/winter24/gcamp_ros2_ws/install/tf2_web_republisher:/home/winter24/gcamp_ros2_ws/install/tarkbot_description:/home/winter24/gcamp_ros2_ws/install/slam_gmapping:/home/winter24/gcamp_ros2_ws/install/robot_pose_publisher_ros2:/home/winter24/gcamp_ros2_ws/install/mpu6050driver:/home/winter24/gcamp_ros2_ws/install/gcamp_gazebo:/home/winter24/gcamp_ros2_ws/install/gazebo_mecanum_plugins:/home/winter24/gcamp_ros2_ws/install/aws_robomaker_small_warehouse_world:/home/winter24/gcamp_ros2_ws/install/yolov8_ros:/home/winter24/gcamp_ros2_ws/install/tf2_web_republisher_py:/home/winter24/gcamp_ros2_ws/install/ball_tracker:/opt/ros/foxy /home/winter24/.local/bin/cmake --install /home/winter24/gcamp_ros2_ws/build/slam_gmapping
[5.946s] -- Install configuration: ""
[5.946s] -- Installing: /home/winter24/gcamp_ros2_ws/install/slam_gmapping/lib/slam_gmapping/slam_gmapping
[5.949s] -- Set runtime path of "/home/winter24/gcamp_ros2_ws/install/slam_gmapping/lib/slam_gmapping/slam_gmapping" to ""
[5.949s] -- Up-to-date: /home/winter24/gcamp_ros2_ws/install/slam_gmapping/share/slam_gmapping/launch
[5.949s] -- Up-to-date: /home/winter24/gcamp_ros2_ws/install/slam_gmapping/share/slam_gmapping/launch/slam_gmapping.launch.py
[5.949s] -- Up-to-date: /home/winter24/gcamp_ros2_ws/install/slam_gmapping/share/ament_index/resource_index/package_run_dependencies/slam_gmapping
[5.949s] -- Up-to-date: /home/winter24/gcamp_ros2_ws/install/slam_gmapping/share/ament_index/resource_index/parent_prefix_path/slam_gmapping
[5.949s] -- Up-to-date: /home/winter24/gcamp_ros2_ws/install/slam_gmapping/share/slam_gmapping/environment/ament_prefix_path.sh
[5.950s] -- Up-to-date: /home/winter24/gcamp_ros2_ws/install/slam_gmapping/share/slam_gmapping/environment/ament_prefix_path.dsv
[5.950s] -- Up-to-date: /home/winter24/gcamp_ros2_ws/install/slam_gmapping/share/slam_gmapping/environment/path.sh
[5.950s] -- Up-to-date: /home/winter24/gcamp_ros2_ws/install/slam_gmapping/share/slam_gmapping/environment/path.dsv
[5.950s] -- Up-to-date: /home/winter24/gcamp_ros2_ws/install/slam_gmapping/share/slam_gmapping/local_setup.bash
[5.950s] -- Up-to-date: /home/winter24/gcamp_ros2_ws/install/slam_gmapping/share/slam_gmapping/local_setup.sh
[5.950s] -- Up-to-date: /home/winter24/gcamp_ros2_ws/install/slam_gmapping/share/slam_gmapping/local_setup.zsh
[5.950s] -- Up-to-date: /home/winter24/gcamp_ros2_ws/install/slam_gmapping/share/slam_gmapping/local_setup.dsv
[5.950s] -- Installing: /home/winter24/gcamp_ros2_ws/install/slam_gmapping/share/slam_gmapping/package.dsv
[5.950s] -- Up-to-date: /home/winter24/gcamp_ros2_ws/install/slam_gmapping/share/ament_index/resource_index/packages/slam_gmapping
[5.950s] -- Up-to-date: /home/winter24/gcamp_ros2_ws/install/slam_gmapping/share/slam_gmapping/cmake/slam_gmappingConfig.cmake
[5.950s] -- Up-to-date: /home/winter24/gcamp_ros2_ws/install/slam_gmapping/share/slam_gmapping/cmake/slam_gmappingConfig-version.cmake
[5.951s] -- Up-to-date: /home/winter24/gcamp_ros2_ws/install/slam_gmapping/share/slam_gmapping/package.xml
[5.955s] Invoked command in '/home/winter24/gcamp_ros2_ws/build/slam_gmapping' returned '0': CMAKE_PREFIX_PATH=/home/winter24/gcamp_ros2_ws/install/openslam_gmapping:/home/winter24/gcamp_ros2_ws/install/yolov8_bringup:/home/winter24/gcamp_ros2_ws/install/yolov8_msgs:/home/winter24/gcamp_ros2_ws/install/yolobot_recognition:/home/winter24/gcamp_ros2_ws/install/yolobot_gazebo:/home/winter24/gcamp_ros2_ws/install/yolobot_description:/home/winter24/gcamp_ros2_ws/install/yolobot_control:/home/winter24/gcamp_ros2_ws/install/tf2_web_republisher:/home/winter24/gcamp_ros2_ws/install/tarkbot_description:/home/winter24/gcamp_ros2_ws/install/slam_gmapping:/home/winter24/gcamp_ros2_ws/install/robot_pose_publisher_ros2:/home/winter24/gcamp_ros2_ws/install/mpu6050driver:/home/winter24/gcamp_ros2_ws/install/gcamp_gazebo:/home/winter24/gcamp_ros2_ws/install/gazebo_mecanum_plugins:/home/winter24/gcamp_ros2_ws/install/aws_robomaker_small_warehouse_world:/home/winter24/gcamp_ros2_ws/install/yolov8_ros:/home/winter24/gcamp_ros2_ws/install/tf2_web_republisher_py:/home/winter24/gcamp_ros2_ws/install/ball_tracker:/opt/ros/foxy /home/winter24/.local/bin/cmake --install /home/winter24/gcamp_ros2_ws/build/slam_gmapping
