[1.540s] Invoking command in '/home/winter24/gcamp_ros2_ws/build/yolobot_gazebo': CMAKE_PREFIX_PATH=${CMAKE_PREFIX_PATH}:/home/winter24/gcamp_ros2_ws/install/yolov8_ros:/home/winter24/gcamp_ros2_ws/install/tf2_web_republisher_py:/home/winter24/gcamp_ros2_ws/install/ball_tracker:/opt/ros/foxy /home/winter24/.local/bin/cmake --build /home/winter24/gcamp_ros2_ws/build/yolobot_gazebo -- -j16 -l16
[1.634s] Invoked command in '/home/winter24/gcamp_ros2_ws/build/yolobot_gazebo' returned '0': CMAKE_PREFIX_PATH=${CMAKE_PREFIX_PATH}:/home/winter24/gcamp_ros2_ws/install/yolov8_ros:/home/winter24/gcamp_ros2_ws/install/tf2_web_republisher_py:/home/winter24/gcamp_ros2_ws/install/ball_tracker:/opt/ros/foxy /home/winter24/.local/bin/cmake --build /home/winter24/gcamp_ros2_ws/build/yolobot_gazebo -- -j16 -l16
[1.778s] Invoking command in '/home/winter24/gcamp_ros2_ws/build/yolobot_gazebo': CMAKE_PREFIX_PATH=${CMAKE_PREFIX_PATH}:/home/winter24/gcamp_ros2_ws/install/yolov8_ros:/home/winter24/gcamp_ros2_ws/install/tf2_web_republisher_py:/home/winter24/gcamp_ros2_ws/install/ball_tracker:/opt/ros/foxy /home/winter24/.local/bin/cmake --install /home/winter24/gcamp_ros2_ws/build/yolobot_gazebo
[2.069s] -- Install configuration: ""
[2.069s] -- Up-to-date: /home/winter24/gcamp_ros2_ws/install/yolobot_gazebo/share/yolobot_gazebo//launch
[2.070s] -- Up-to-date: /home/winter24/gcamp_ros2_ws/install/yolobot_gazebo/share/yolobot_gazebo//launch/yolobot_launch.py
[2.070s] -- Up-to-date: /home/winter24/gcamp_ros2_ws/install/yolobot_gazebo/share/yolobot_gazebo//launch/start_world_launch.py
[2.071s] -- Up-to-date: /home/winter24/gcamp_ros2_ws/install/yolobot_gazebo/share/yolobot_gazebo//worlds
[2.071s] -- Up-to-date: /home/winter24/gcamp_ros2_ws/install/yolobot_gazebo/share/yolobot_gazebo//worlds/yolo_test.world
[2.071s] -- Up-to-date: /home/winter24/gcamp_ros2_ws/install/yolobot_gazebo/share/ament_index/resource_index/package_run_dependencies/yolobot_gazebo
[2.071s] -- Up-to-date: /home/winter24/gcamp_ros2_ws/install/yolobot_gazebo/share/ament_index/resource_index/parent_prefix_path/yolobot_gazebo
[2.071s] -- Up-to-date: /home/winter24/gcamp_ros2_ws/install/yolobot_gazebo/share/yolobot_gazebo/environment/ament_prefix_path.sh
[2.071s] -- Up-to-date: /home/winter24/gcamp_ros2_ws/install/yolobot_gazebo/share/yolobot_gazebo/environment/ament_prefix_path.dsv
[2.071s] -- Up-to-date: /home/winter24/gcamp_ros2_ws/install/yolobot_gazebo/share/yolobot_gazebo/environment/path.sh
[2.071s] -- Up-to-date: /home/winter24/gcamp_ros2_ws/install/yolobot_gazebo/share/yolobot_gazebo/environment/path.dsv
[2.071s] -- Up-to-date: /home/winter24/gcamp_ros2_ws/install/yolobot_gazebo/share/yolobot_gazebo/local_setup.bash
[2.072s] -- Up-to-date: /home/winter24/gcamp_ros2_ws/install/yolobot_gazebo/share/yolobot_gazebo/local_setup.sh
[2.072s] -- Up-to-date: /home/winter24/gcamp_ros2_ws/install/yolobot_gazebo/share/yolobot_gazebo/local_setup.zsh
[2.072s] -- Up-to-date: /home/winter24/gcamp_ros2_ws/install/yolobot_gazebo/share/yolobot_gazebo/local_setup.dsv
[2.072s] -- Installing: /home/winter24/gcamp_ros2_ws/install/yolobot_gazebo/share/yolobot_gazebo/package.dsv
[2.072s] -- Up-to-date: /home/winter24/gcamp_ros2_ws/install/yolobot_gazebo/share/ament_index/resource_index/packages/yolobot_gazebo
[2.072s] -- Up-to-date: /home/winter24/gcamp_ros2_ws/install/yolobot_gazebo/share/yolobot_gazebo/cmake/yolobot_gazeboConfig.cmake
[2.072s] -- Up-to-date: /home/winter24/gcamp_ros2_ws/install/yolobot_gazebo/share/yolobot_gazebo/cmake/yolobot_gazeboConfig-version.cmake
[2.072s] -- Up-to-date: /home/winter24/gcamp_ros2_ws/install/yolobot_gazebo/share/yolobot_gazebo/package.xml
[2.384s] Invoked command in '/home/winter24/gcamp_ros2_ws/build/yolobot_gazebo' returned '0': CMAKE_PREFIX_PATH=${CMAKE_PREFIX_PATH}:/home/winter24/gcamp_ros2_ws/install/yolov8_ros:/home/winter24/gcamp_ros2_ws/install/tf2_web_republisher_py:/home/winter24/gcamp_ros2_ws/install/ball_tracker:/opt/ros/foxy /home/winter24/.local/bin/cmake --install /home/winter24/gcamp_ros2_ws/build/yolobot_gazebo
