[0.073s] Invoking command in '/home/winter24/gcamp_ros2_ws/build/velodyne_description': CMAKE_PREFIX_PATH=${CMAKE_PREFIX_PATH}:/home/winter24/gcamp_ros2_ws/install/yolov8_ros:/home/winter24/gcamp_ros2_ws/install/tf2_web_republisher_py:/home/winter24/gcamp_ros2_ws/install/ball_tracker:/opt/ros/foxy /home/winter24/.local/bin/cmake --build /home/winter24/gcamp_ros2_ws/build/velodyne_description -- -j16 -l16
[0.529s] Invoked command in '/home/winter24/gcamp_ros2_ws/build/velodyne_description' returned '0': CMAKE_PREFIX_PATH=${CMAKE_PREFIX_PATH}:/home/winter24/gcamp_ros2_ws/install/yolov8_ros:/home/winter24/gcamp_ros2_ws/install/tf2_web_republisher_py:/home/winter24/gcamp_ros2_ws/install/ball_tracker:/opt/ros/foxy /home/winter24/.local/bin/cmake --build /home/winter24/gcamp_ros2_ws/build/velodyne_description -- -j16 -l16
[0.617s] Invoking command in '/home/winter24/gcamp_ros2_ws/build/velodyne_description': CMAKE_PREFIX_PATH=${CMAKE_PREFIX_PATH}:/home/winter24/gcamp_ros2_ws/install/yolov8_ros:/home/winter24/gcamp_ros2_ws/install/tf2_web_republisher_py:/home/winter24/gcamp_ros2_ws/install/ball_tracker:/opt/ros/foxy /home/winter24/.local/bin/cmake --install /home/winter24/gcamp_ros2_ws/build/velodyne_description
[0.681s] -- Install configuration: ""
[0.685s] -- Up-to-date: /home/winter24/gcamp_ros2_ws/install/velodyne_description/share/ament_index/resource_index/package_run_dependencies/velodyne_description
[0.685s] -- Up-to-date: /home/winter24/gcamp_ros2_ws/install/velodyne_description/share/ament_index/resource_index/parent_prefix_path/velodyne_description
[0.685s] -- Up-to-date: /home/winter24/gcamp_ros2_ws/install/velodyne_description/share/velodyne_description/environment/ament_prefix_path.sh
[0.685s] -- Up-to-date: /home/winter24/gcamp_ros2_ws/install/velodyne_description/share/velodyne_description/environment/ament_prefix_path.dsv
[0.685s] -- Up-to-date: /home/winter24/gcamp_ros2_ws/install/velodyne_description/share/velodyne_description/environment/path.sh
[0.687s] -- Up-to-date: /home/winter24/gcamp_ros2_ws/install/velodyne_description/share/velodyne_description/environment/path.dsv
[0.688s] -- Up-to-date: /home/winter24/gcamp_ros2_ws/install/velodyne_description/share/velodyne_description/local_setup.bash
[0.688s] -- Up-to-date: /home/winter24/gcamp_ros2_ws/install/velodyne_description/share/velodyne_description/local_setup.sh
[0.688s] -- Up-to-date: /home/winter24/gcamp_ros2_ws/install/velodyne_description/share/velodyne_description/local_setup.zsh
[0.688s] -- Up-to-date: /home/winter24/gcamp_ros2_ws/install/velodyne_description/share/velodyne_description/local_setup.dsv
[0.688s] -- Installing: /home/winter24/gcamp_ros2_ws/install/velodyne_description/share/velodyne_description/package.dsv
[0.688s] -- Up-to-date: /home/winter24/gcamp_ros2_ws/install/velodyne_description/share/ament_index/resource_index/packages/velodyne_description
[0.688s] -- Up-to-date: /home/winter24/gcamp_ros2_ws/install/velodyne_description/share/velodyne_description/cmake/ament_cmake_export_dependencies-extras.cmake
[0.688s] -- Up-to-date: /home/winter24/gcamp_ros2_ws/install/velodyne_description/share/velodyne_description/cmake/velodyne_descriptionConfig.cmake
[0.689s] -- Up-to-date: /home/winter24/gcamp_ros2_ws/install/velodyne_description/share/velodyne_description/cmake/velodyne_descriptionConfig-version.cmake
[0.689s] -- Up-to-date: /home/winter24/gcamp_ros2_ws/install/velodyne_description/share/velodyne_description/package.xml
[0.692s] -- Up-to-date: /home/winter24/gcamp_ros2_ws/install/velodyne_description/share/velodyne_description/launch
[0.692s] -- Up-to-date: /home/winter24/gcamp_ros2_ws/install/velodyne_description/share/velodyne_description/launch/example-launch.py
[0.692s] -- Up-to-date: /home/winter24/gcamp_ros2_ws/install/velodyne_description/share/velodyne_description/meshes
[0.692s] -- Up-to-date: /home/winter24/gcamp_ros2_ws/install/velodyne_description/share/velodyne_description/meshes/VLP16_base_2.dae
[0.692s] -- Up-to-date: /home/winter24/gcamp_ros2_ws/install/velodyne_description/share/velodyne_description/meshes/HDL32E_base.dae
[0.692s] -- Up-to-date: /home/winter24/gcamp_ros2_ws/install/velodyne_description/share/velodyne_description/meshes/VLP16_base_1.stl
[0.692s] -- Up-to-date: /home/winter24/gcamp_ros2_ws/install/velodyne_description/share/velodyne_description/meshes/VLP16_scan.stl
[0.693s] -- Up-to-date: /home/winter24/gcamp_ros2_ws/install/velodyne_description/share/velodyne_description/meshes/VLP16_base_1.dae
[0.693s] -- Up-to-date: /home/winter24/gcamp_ros2_ws/install/velodyne_description/share/velodyne_description/meshes/HDL32E_scan.stl
[0.693s] -- Up-to-date: /home/winter24/gcamp_ros2_ws/install/velodyne_description/share/velodyne_description/meshes/HDL32E_base.stl
[0.693s] -- Up-to-date: /home/winter24/gcamp_ros2_ws/install/velodyne_description/share/velodyne_description/meshes/VLP16_scan.dae
[0.693s] -- Up-to-date: /home/winter24/gcamp_ros2_ws/install/velodyne_description/share/velodyne_description/meshes/VLP16_base_2.stl
[0.693s] -- Up-to-date: /home/winter24/gcamp_ros2_ws/install/velodyne_description/share/velodyne_description/meshes/HDL32E_scan.dae
[0.693s] -- Up-to-date: /home/winter24/gcamp_ros2_ws/install/velodyne_description/share/velodyne_description/rviz
[0.693s] -- Up-to-date: /home/winter24/gcamp_ros2_ws/install/velodyne_description/share/velodyne_description/rviz/example.rviz
[0.693s] -- Up-to-date: /home/winter24/gcamp_ros2_ws/install/velodyne_description/share/velodyne_description/urdf
[0.694s] -- Up-to-date: /home/winter24/gcamp_ros2_ws/install/velodyne_description/share/velodyne_description/urdf/example.urdf.xacro
[0.694s] -- Up-to-date: /home/winter24/gcamp_ros2_ws/install/velodyne_description/share/velodyne_description/urdf/HDL-32E.urdf.xacro
[0.694s] -- Up-to-date: /home/winter24/gcamp_ros2_ws/install/velodyne_description/share/velodyne_description/urdf/VLP-16.urdf.xacro
[0.694s] -- Up-to-date: /home/winter24/gcamp_ros2_ws/install/velodyne_description/share/velodyne_description/urdf/VLP-32C.urdf.xacro
[0.701s] -- Up-to-date: /home/winter24/gcamp_ros2_ws/install/velodyne_description/share/velodyne_description/world
[0.701s] -- Up-to-date: /home/winter24/gcamp_ros2_ws/install/velodyne_description/share/velodyne_description/world/lio_sam.model
[0.701s] -- Up-to-date: /home/winter24/gcamp_ros2_ws/install/velodyne_description/share/velodyne_description/world/example.world
[0.702s] -- Up-to-date: /home/winter24/gcamp_ros2_ws/install/velodyne_description/share/velodyne_description/models
[0.702s] -- Up-to-date: /home/winter24/gcamp_ros2_ws/install/velodyne_description/share/velodyne_description/models/rs_robot
[0.703s] -- Up-to-date: /home/winter24/gcamp_ros2_ws/install/velodyne_description/share/velodyne_description/models/rs_robot/rs_robot.sdf
[0.703s] -- Up-to-date: /home/winter24/gcamp_ros2_ws/install/velodyne_description/share/velodyne_description/models/rs_robot/model.config
[0.704s] -- Up-to-date: /home/winter24/gcamp_ros2_ws/install/velodyne_description/share/velodyne_description/models/rs_robot/meshes
[0.704s] -- Up-to-date: /home/winter24/gcamp_ros2_ws/install/velodyne_description/share/velodyne_description/models/rs_robot/meshes/STL
[0.704s] -- Up-to-date: /home/winter24/gcamp_ros2_ws/install/velodyne_description/share/velodyne_description/models/rs_robot/meshes/STL/lidar_base
[0.704s] -- Up-to-date: /home/winter24/gcamp_ros2_ws/install/velodyne_description/share/velodyne_description/models/rs_robot/meshes/STL/lidar_base/YDlidar_base.stl
[0.704s] -- Up-to-date: /home/winter24/gcamp_ros2_ws/install/velodyne_description/share/velodyne_description/models/rs_robot/meshes/STL/sensors
[0.705s] -- Up-to-date: /home/winter24/gcamp_ros2_ws/install/velodyne_description/share/velodyne_description/models/rs_robot/meshes/STL/sensors/rear_lrf
[0.705s] -- Up-to-date: /home/winter24/gcamp_ros2_ws/install/velodyne_description/share/velodyne_description/models/rs_robot/meshes/STL/sensors/rear_lrf/rear_lrf.stl
[0.705s] -- Up-to-date: /home/winter24/gcamp_ros2_ws/install/velodyne_description/share/velodyne_description/models/rs_robot/meshes/STL/sensors/gim30
[0.706s] -- Up-to-date: /home/winter24/gcamp_ros2_ws/install/velodyne_description/share/velodyne_description/models/rs_robot/meshes/STL/sensors/gim30/gim30.stl
[0.706s] -- Up-to-date: /home/winter24/gcamp_ros2_ws/install/velodyne_description/share/velodyne_description/models/rs_robot/meshes/STL/sensors/front_lrf
[0.706s] -- Up-to-date: /home/winter24/gcamp_ros2_ws/install/velodyne_description/share/velodyne_description/models/rs_robot/meshes/STL/sensors/front_lrf/front_lrf.stl
[0.706s] -- Up-to-date: /home/winter24/gcamp_ros2_ws/install/velodyne_description/share/velodyne_description/models/rs_robot/meshes/STL/sensors/gps
[0.706s] -- Up-to-date: /home/winter24/gcamp_ros2_ws/install/velodyne_description/share/velodyne_description/models/rs_robot/meshes/STL/sensors/gps/gps.stl
[0.706s] -- Up-to-date: /home/winter24/gcamp_ros2_ws/install/velodyne_description/share/velodyne_description/models/rs_robot/meshes/STL/lidar_head
[0.706s] -- Up-to-date: /home/winter24/gcamp_ros2_ws/install/velodyne_description/share/velodyne_description/models/rs_robot/meshes/STL/lidar_head/YDlidar_head v4.stl
[0.706s] -- Up-to-date: /home/winter24/gcamp_ros2_ws/install/velodyne_description/share/velodyne_description/models/rs_robot/meshes/STL/suspension
[0.706s] -- Up-to-date: /home/winter24/gcamp_ros2_ws/install/velodyne_description/share/velodyne_description/models/rs_robot/meshes/STL/suspension/FRONT_RIGHT_LINKSTL.stl
[0.707s] -- Up-to-date: /home/winter24/gcamp_ros2_ws/install/velodyne_description/share/velodyne_description/models/rs_robot/meshes/STL/suspension/sus_link.stl
[0.707s] -- Up-to-date: /home/winter24/gcamp_ros2_ws/install/velodyne_description/share/velodyne_description/models/rs_robot/meshes/STL/suspension/REAR_LEFT_LINKSTL.stl
[0.707s] -- Up-to-date: /home/winter24/gcamp_ros2_ws/install/velodyne_description/share/velodyne_description/models/rs_robot/meshes/STL/suspension/REAR_RIGHT_LINKSTL.stl
[0.707s] -- Up-to-date: /home/winter24/gcamp_ros2_ws/install/velodyne_description/share/velodyne_description/models/rs_robot/meshes/STL/suspension/FRONT_LEFT_LINKSTL.stl
[0.707s] -- Up-to-date: /home/winter24/gcamp_ros2_ws/install/velodyne_description/share/velodyne_description/models/rs_robot/meshes/STL/wheel
[0.708s] -- Up-to-date: /home/winter24/gcamp_ros2_ws/install/velodyne_description/share/velodyne_description/models/rs_robot/meshes/STL/wheel/robot_wheel.stl
[0.709s] -- Up-to-date: /home/winter24/gcamp_ros2_ws/install/velodyne_description/share/velodyne_description/models/rs_robot/meshes/STL/base
[0.709s] -- Up-to-date: /home/winter24/gcamp_ros2_ws/install/velodyne_description/share/velodyne_description/models/rs_robot/meshes/STL/base/base_link_old.stl
[0.710s] -- Up-to-date: /home/winter24/gcamp_ros2_ws/install/velodyne_description/share/velodyne_description/models/rs_robot/meshes/STL/base/base_link.stl
[0.710s] -- Up-to-date: /home/winter24/gcamp_ros2_ws/install/velodyne_description/share/velodyne_description/models/rs_robot/meshes/DAE
[0.710s] -- Up-to-date: /home/winter24/gcamp_ros2_ws/install/velodyne_description/share/velodyne_description/models/rs_robot/meshes/DAE/lidar_base
[0.711s] -- Up-to-date: /home/winter24/gcamp_ros2_ws/install/velodyne_description/share/velodyne_description/models/rs_robot/meshes/DAE/lidar_base/YDlidar_base.dae
[0.712s] -- Up-to-date: /home/winter24/gcamp_ros2_ws/install/velodyne_description/share/velodyne_description/models/rs_robot/meshes/DAE/sensors
[0.715s] -- Up-to-date: /home/winter24/gcamp_ros2_ws/install/velodyne_description/share/velodyne_description/models/rs_robot/meshes/DAE/sensors/rear_lrf
[0.715s] -- Up-to-date: /home/winter24/gcamp_ros2_ws/install/velodyne_description/share/velodyne_description/models/rs_robot/meshes/DAE/sensors/rear_lrf/urg_texture.png
[0.716s] -- Up-to-date: /home/winter24/gcamp_ros2_ws/install/velodyne_description/share/velodyne_description/models/rs_robot/meshes/DAE/sensors/rear_lrf/rear_lrf.dae
[0.716s] -- Up-to-date: /home/winter24/gcamp_ros2_ws/install/velodyne_description/share/velodyne_description/models/rs_robot/meshes/DAE/sensors/camera
[0.716s] -- Up-to-date: /home/winter24/gcamp_ros2_ws/install/velodyne_description/share/velodyne_description/models/rs_robot/meshes/DAE/sensors/camera/camera.dae
[0.716s] -- Up-to-date: /home/winter24/gcamp_ros2_ws/install/velodyne_description/share/velodyne_description/models/rs_robot/meshes/DAE/sensors/gim30
[0.716s] -- Up-to-date: /home/winter24/gcamp_ros2_ws/install/velodyne_description/share/velodyne_description/models/rs_robot/meshes/DAE/sensors/gim30/gim30.dae
[0.716s] -- Up-to-date: /home/winter24/gcamp_ros2_ws/install/velodyne_description/share/velodyne_description/models/rs_robot/meshes/DAE/sensors/gim30/gim30_lrf_texture.png
[0.716s] -- Up-to-date: /home/winter24/gcamp_ros2_ws/install/velodyne_description/share/velodyne_description/models/rs_robot/meshes/DAE/sensors/front_lrf
[0.716s] -- Up-to-date: /home/winter24/gcamp_ros2_ws/install/velodyne_description/share/velodyne_description/models/rs_robot/meshes/DAE/sensors/front_lrf/lrf_texture.png
[0.716s] -- Up-to-date: /home/winter24/gcamp_ros2_ws/install/velodyne_description/share/velodyne_description/models/rs_robot/meshes/DAE/sensors/front_lrf/front_lrf.dae
[0.717s] -- Up-to-date: /home/winter24/gcamp_ros2_ws/install/velodyne_description/share/velodyne_description/models/rs_robot/meshes/DAE/sensors/gps
[0.717s] -- Up-to-date: /home/winter24/gcamp_ros2_ws/install/velodyne_description/share/velodyne_description/models/rs_robot/meshes/DAE/sensors/gps/gps_texture.png
[0.717s] -- Up-to-date: /home/winter24/gcamp_ros2_ws/install/velodyne_description/share/velodyne_description/models/rs_robot/meshes/DAE/sensors/gps/gps.dae
[0.717s] -- Up-to-date: /home/winter24/gcamp_ros2_ws/install/velodyne_description/share/velodyne_description/models/rs_robot/meshes/DAE/lidar_head
[0.720s] -- Up-to-date: /home/winter24/gcamp_ros2_ws/install/velodyne_description/share/velodyne_description/models/rs_robot/meshes/DAE/lidar_head/YDlidar_head.dae
[0.720s] -- Up-to-date: /home/winter24/gcamp_ros2_ws/install/velodyne_description/share/velodyne_description/models/rs_robot/meshes/DAE/suspension
[0.720s] -- Up-to-date: /home/winter24/gcamp_ros2_ws/install/velodyne_description/share/velodyne_description/models/rs_robot/meshes/DAE/suspension/rear_right_link.dae
[0.720s] -- Up-to-date: /home/winter24/gcamp_ros2_ws/install/velodyne_description/share/velodyne_description/models/rs_robot/meshes/DAE/suspension/front_left_link.dae
[0.720s] -- Up-to-date: /home/winter24/gcamp_ros2_ws/install/velodyne_description/share/velodyne_description/models/rs_robot/meshes/DAE/suspension/front_right_link.dae
[0.720s] -- Up-to-date: /home/winter24/gcamp_ros2_ws/install/velodyne_description/share/velodyne_description/models/rs_robot/meshes/DAE/suspension/rear_left_link.dae
[0.721s] -- Up-to-date: /home/winter24/gcamp_ros2_ws/install/velodyne_description/share/velodyne_description/models/rs_robot/meshes/DAE/wheel
[0.721s] -- Up-to-date: /home/winter24/gcamp_ros2_ws/install/velodyne_description/share/velodyne_description/models/rs_robot/meshes/DAE/wheel/wheel_link.dae
[0.721s] -- Up-to-date: /home/winter24/gcamp_ros2_ws/install/velodyne_description/share/velodyne_description/models/rs_robot/meshes/DAE/base
[0.721s] -- Up-to-date: /home/winter24/gcamp_ros2_ws/install/velodyne_description/share/velodyne_description/models/rs_robot/meshes/DAE/base/base_link.dae
[0.721s] -- Up-to-date: /home/winter24/gcamp_ros2_ws/install/velodyne_description/share/velodyne_description/models/rs_robot/meshes/DAE/base/base_linkOLD.dae
[0.781s] Invoked command in '/home/winter24/gcamp_ros2_ws/build/velodyne_description' returned '0': CMAKE_PREFIX_PATH=${CMAKE_PREFIX_PATH}:/home/winter24/gcamp_ros2_ws/install/yolov8_ros:/home/winter24/gcamp_ros2_ws/install/tf2_web_republisher_py:/home/winter24/gcamp_ros2_ws/install/ball_tracker:/opt/ros/foxy /home/winter24/.local/bin/cmake --install /home/winter24/gcamp_ros2_ws/build/velodyne_description
