[2.775s] Invoking command in '/home/winter24/gcamp_ros2_ws/yolov8_ros/yolov8_ros': PYTHONPATH=/home/winter24/gcamp_ros2_ws/build/yolov8_ros/prefix_override:/home/winter24/gcamp_ros2_ws/install/yolov8_ros/lib/python3.8/site-packages:${PYTHONPATH} /usr/bin/python3 setup.py egg_info --egg-base ../../build/yolov8_ros build --build-base /home/winter24/gcamp_ros2_ws/build/yolov8_ros/build install --record /home/winter24/gcamp_ros2_ws/build/yolov8_ros/install.log --single-version-externally-managed
[2.975s] running egg_info
[2.975s] writing ../../build/yolov8_ros/yolov8_ros.egg-info/PKG-INFO
[2.975s] writing dependency_links to ../../build/yolov8_ros/yolov8_ros.egg-info/dependency_links.txt
[2.975s] writing entry points to ../../build/yolov8_ros/yolov8_ros.egg-info/entry_points.txt
[2.975s] writing requirements to ../../build/yolov8_ros/yolov8_ros.egg-info/requires.txt
[2.975s] writing top-level names to ../../build/yolov8_ros/yolov8_ros.egg-info/top_level.txt
[2.975s] reading manifest file '../../build/yolov8_ros/yolov8_ros.egg-info/SOURCES.txt'
[2.975s] writing manifest file '../../build/yolov8_ros/yolov8_ros.egg-info/SOURCES.txt'
[2.975s] running build
[2.975s] running build_py
[2.975s] running install
[2.975s] running install_lib
[2.975s] running install_data
[2.975s] running install_egg_info
[2.975s] removing '/home/winter24/gcamp_ros2_ws/install/yolov8_ros/lib/python3.8/site-packages/yolov8_ros-0.0.0-py3.8.egg-info' (and everything under it)
[2.976s] Copying ../../build/yolov8_ros/yolov8_ros.egg-info to /home/winter24/gcamp_ros2_ws/install/yolov8_ros/lib/python3.8/site-packages/yolov8_ros-0.0.0-py3.8.egg-info
[2.976s] running install_scripts
[2.976s] Installing debug_node script to /home/winter24/gcamp_ros2_ws/install/yolov8_ros/lib/yolov8_ros
[2.976s] Installing detect_3d_node script to /home/winter24/gcamp_ros2_ws/install/yolov8_ros/lib/yolov8_ros
[2.976s] Installing tracking_node script to /home/winter24/gcamp_ros2_ws/install/yolov8_ros/lib/yolov8_ros
[2.976s] Installing yolov8_node script to /home/winter24/gcamp_ros2_ws/install/yolov8_ros/lib/yolov8_ros
[2.976s] writing list of installed files to '/home/winter24/gcamp_ros2_ws/build/yolov8_ros/install.log'
[3.880s] Invoked command in '/home/winter24/gcamp_ros2_ws/yolov8_ros/yolov8_ros' returned '0': PYTHONPATH=/home/winter24/gcamp_ros2_ws/build/yolov8_ros/prefix_override:/home/winter24/gcamp_ros2_ws/install/yolov8_ros/lib/python3.8/site-packages:${PYTHONPATH} /usr/bin/python3 setup.py egg_info --egg-base ../../build/yolov8_ros build --build-base /home/winter24/gcamp_ros2_ws/build/yolov8_ros/build install --record /home/winter24/gcamp_ros2_ws/build/yolov8_ros/install.log --single-version-externally-managed
