[0.385s] Invoking command in '/home/winter24/gcamp_ros2_ws/build/gazebo_mecanum_plugins': CMAKE_PREFIX_PATH=${CMAKE_PREFIX_PATH}:/home/winter24/gcamp_ros2_ws/install/yolov8_ros:/home/winter24/gcamp_ros2_ws/install/tf2_web_republisher_py:/home/winter24/gcamp_ros2_ws/install/ball_tracker:/opt/ros/foxy /home/winter24/.local/bin/cmake --build /home/winter24/gcamp_ros2_ws/build/gazebo_mecanum_plugins -- -j16 -l16
[0.909s] -- Found ament_cmake: 0.9.12 (/opt/ros/foxy/share/ament_cmake/cmake)
[0.909s] -- Using PYTHON_EXECUTABLE: /usr/bin/python3
[0.909s] -- Found gazebo_dev: 3.5.3 (/opt/ros/foxy/share/gazebo_dev/cmake)
[0.909s] -- Found DART: /usr/include (Required is at least version "6.6") found components: dart 
[0.910s] [33mCMake Warning (dev) at /opt/ros/foxy/share/ament_cmake_core/cmake/core/python.cmake:22 (find_package):
[0.910s]   Policy CMP0148 is not set: The FindPythonInterp and FindPythonLibs modules
[0.910s]   are removed.  Run "cmake --help-policy CMP0148" for policy details.  Use
[0.910s]   the cmake_policy command to set the policy and suppress this warning.
[0.910s] 
[0.910s] Call Stack (most recent call first):
[0.910s]   /opt/ros/foxy/share/ament_cmake_core/cmake/core/all.cmake:53 (include)
[0.910s]   /opt/ros/foxy/share/ament_cmake_core/cmake/ament_cmake_core-extras.cmake:17 (include)
[0.910s]   /opt/ros/foxy/share/ament_cmake_core/cmake/ament_cmake_coreConfig.cmake:41 (include)
[0.910s]   /opt/ros/foxy/share/ament_cmake/cmake/ament_cmake_export_dependencies-extras.cmake:15 (find_package)
[0.910s]   /opt/ros/foxy/share/ament_cmake/cmake/ament_cmakeConfig.cmake:41 (include)
[0.911s]   CMakeLists.txt:19 (find_package)
[0.911s] This warning is for project developers.  Use -Wno-dev to suppress it.
[0.911s] [0m
[0.982s] -- Found Protobuf: /usr/lib/x86_64-linux-gnu/libprotobuf.so;-lpthread (found version "3.6.1") 
[0.985s] -- Looking for ignition-math6 -- found version 6.15.1
[1.004s] -- Searching for dependencies of ignition-math6
[1.008s] -- Looking for OGRE...
[1.019s] -- Found Ogre Ghadamon (1.9.0)
[1.020s] -- Found OGRE: optimized;/usr/lib/x86_64-linux-gnu/libOgreMain.so;debug;/usr/lib/x86_64-linux-gnu/libOgreMain.so
[1.037s] -- Looking for OGRE_Paging...
[1.038s] -- Found OGRE_Paging: optimized;/usr/lib/x86_64-linux-gnu/libOgrePaging.so;debug;/usr/lib/x86_64-linux-gnu/libOgrePaging.so
[1.038s] -- Looking for OGRE_Terrain...
[1.039s] -- Found OGRE_Terrain: optimized;/usr/lib/x86_64-linux-gnu/libOgreTerrain.so;debug;/usr/lib/x86_64-linux-gnu/libOgreTerrain.so
[1.039s] -- Looking for OGRE_Property...
[1.042s] -- Found OGRE_Property: optimized;/usr/lib/x86_64-linux-gnu/libOgreProperty.so;debug;/usr/lib/x86_64-linux-gnu/libOgreProperty.so
[1.043s] -- Looking for OGRE_RTShaderSystem...
[1.043s] -- Found OGRE_RTShaderSystem: optimized;/usr/lib/x86_64-linux-gnu/libOgreRTShaderSystem.so;debug;/usr/lib/x86_64-linux-gnu/libOgreRTShaderSystem.so
[1.044s] -- Looking for OGRE_Volume...
[1.045s] -- Found OGRE_Volume: optimized;/usr/lib/x86_64-linux-gnu/libOgreVolume.so;debug;/usr/lib/x86_64-linux-gnu/libOgreVolume.so
[1.045s] -- Looking for OGRE_Overlay...
[1.047s] -- Found OGRE_Overlay: optimized;/usr/lib/x86_64-linux-gnu/libOgreOverlay.so;debug;/usr/lib/x86_64-linux-gnu/libOgreOverlay.so
[1.571s] -- Looking for ignition-math6 -- found version 6.15.1
[1.573s] -- Looking for ignition-transport8 -- found version 8.5.0
[1.573s] -- Searching for dependencies of ignition-transport8
[1.630s] -- Config-file not installed for ZeroMQ -- checking for pkg-config
[1.636s] -- Checking for module 'libzmq >= 4'
[1.723s] --   Found libzmq , version 4.3.2
[2.021s] -- Checking for module 'uuid'
[2.042s] --   Found uuid, version 2.34.0
[2.095s] -- Looking for ignition-msgs5 -- found version 5.11.0
[2.095s] -- Searching for dependencies of ignition-msgs5
[2.118s] -- Found Protobuf: /usr/lib/x86_64-linux-gnu/libprotobuf.so;-lpthread (found suitable version "3.6.1", minimum required is "3") 
[2.120s] -- Looking for ignition-math6 -- found version 6.15.1
[2.127s] -- Checking for module 'tinyxml2'
[2.148s] --   Found tinyxml2, version 6.2.0
[2.195s] -- Looking for ignition-msgs5 -- found version 5.11.0
[2.196s] -- Looking for ignition-common3 -- found version 3.17.0
[2.198s] -- Searching for dependencies of ignition-common3
[2.198s] -- Looking for dlfcn.h - found
[2.199s] -- Looking for libdl - found
[2.217s] -- Searching for <ignition-common3> component [graphics]
[2.221s] -- Looking for ignition-common3-graphics -- found version 3.17.0
[2.222s] -- Searching for dependencies of ignition-common3-graphics
[2.227s] -- Looking for ignition-math6 -- found version 6.15.1
[2.230s] -- Looking for ignition-fuel_tools4 -- found version 4.9.1
[2.231s] -- Searching for dependencies of ignition-fuel_tools4
[2.287s] -- Checking for module 'jsoncpp'
[2.311s] --   Found jsoncpp, version 1.7.4
[2.359s] -- Checking for module 'libzip'
[2.383s] --   Found libzip, version 1.5.1
[2.414s] -- Looking for ignition-common3 -- found version 3.17.0
[2.415s] -- Looking for ignition-math6 -- found version 6.15.1
[2.416s] -- Looking for ignition-msgs5 -- found version 5.11.0
[2.417s] -- Gazebo version: 11.14
[2.418s] -- Found gazebo_msgs: 3.5.3 (/opt/ros/foxy/share/gazebo_msgs/cmake)
[2.441s] -- Using all available rosidl_typesupport_c: rosidl_typesupport_fastrtps_c;rosidl_typesupport_introspection_c
[2.446s] -- Found rosidl_adapter: 1.3.1 (/opt/ros/foxy/share/rosidl_adapter/cmake)
[2.613s] -- Using all available rosidl_typesupport_cpp: rosidl_typesupport_fastrtps_cpp;rosidl_typesupport_introspection_cpp
[2.909s] -- Found gazebo_ros: 3.5.3 (/opt/ros/foxy/share/gazebo_ros/cmake)
[2.946s] -- Found rmw_implementation_cmake: 1.0.4 (/opt/ros/foxy/share/rmw_implementation_cmake/cmake)
[2.949s] -- Using RMW implementation 'rmw_fastrtps_cpp' as default
[3.088s] -- Found nav_msgs: 2.0.5 (/opt/ros/foxy/share/nav_msgs/cmake)
[3.174s] -- Found tf2: 0.13.14 (/opt/ros/foxy/share/tf2/cmake)
[3.187s] -- Found tf2_geometry_msgs: 0.13.14 (/opt/ros/foxy/share/tf2_geometry_msgs/cmake)
[3.197s] -- Found eigen3_cmake_module: 0.1.1 (/opt/ros/foxy/share/eigen3_cmake_module/cmake)
[3.596s] -- Found ament_lint_auto: 0.9.8 (/opt/ros/foxy/share/ament_lint_auto/cmake)
[3.741s] -- Added test 'copyright' to check source files copyright and LICENSE
[3.746s] -- Added test 'cppcheck' to perform static code analysis on C / C++ code
[3.746s] -- Configured cppcheck include dirs: /home/winter24/gcamp_ros2_ws/zm_robot-ros2/gazebo_mecanum_plugins/include
[3.747s] -- Configured cppcheck exclude dirs and/or files: 
[3.749s] -- Added test 'cpplint' to check C / C++ code against the Google style
[3.749s] -- Configured cpplint exclude dirs and/or files: 
[3.751s] -- Added test 'lint_cmake' to check CMake code style
[3.754s] -- Added test 'uncrustify' to check C / C++ code style
[3.754s] -- Configured uncrustify additional arguments: 
[3.754s] -- Added test 'xmllint' to check XML markup files
[3.755s] -- Configuring done (3.3s)
[3.807s] -- Generating done (0.0s)
[3.810s] -- Build files have been written to: /home/winter24/gcamp_ros2_ws/build/gazebo_mecanum_plugins
[3.880s] [ 50%] [32mBuilding CXX object CMakeFiles/gazebo_mecanum_pid_drive.dir/src/gazebo_mecanum_pid_drive.cpp.o[0m
[3.880s] [ 50%] [32mBuilding CXX object CMakeFiles/gazebo_mecanum_drive.dir/src/gazebo_mecanum_drive.cpp.o[0m
[13.881s] [ 75%] [32m[1mLinking CXX shared library libgazebo_mecanum_pid_drive.so[0m
[14.180s] [100%] [32m[1mLinking CXX shared library libgazebo_mecanum_drive.so[0m
[14.465s] [100%] Built target gazebo_mecanum_pid_drive
[14.727s] [100%] Built target gazebo_mecanum_drive
[14.735s] Invoked command in '/home/winter24/gcamp_ros2_ws/build/gazebo_mecanum_plugins' returned '0': CMAKE_PREFIX_PATH=${CMAKE_PREFIX_PATH}:/home/winter24/gcamp_ros2_ws/install/yolov8_ros:/home/winter24/gcamp_ros2_ws/install/tf2_web_republisher_py:/home/winter24/gcamp_ros2_ws/install/ball_tracker:/opt/ros/foxy /home/winter24/.local/bin/cmake --build /home/winter24/gcamp_ros2_ws/build/gazebo_mecanum_plugins -- -j16 -l16
[14.777s] Invoking command in '/home/winter24/gcamp_ros2_ws/build/gazebo_mecanum_plugins': CMAKE_PREFIX_PATH=${CMAKE_PREFIX_PATH}:/home/winter24/gcamp_ros2_ws/install/yolov8_ros:/home/winter24/gcamp_ros2_ws/install/tf2_web_republisher_py:/home/winter24/gcamp_ros2_ws/install/ball_tracker:/opt/ros/foxy /home/winter24/.local/bin/cmake --install /home/winter24/gcamp_ros2_ws/build/gazebo_mecanum_plugins
[14.798s] -- Install configuration: ""
[14.799s] -- Up-to-date: /home/winter24/gcamp_ros2_ws/install/gazebo_mecanum_plugins/share/ament_index/resource_index/package_run_dependencies/gazebo_mecanum_plugins
[14.799s] -- Installing: /home/winter24/gcamp_ros2_ws/install/gazebo_mecanum_plugins/share/ament_index/resource_index/parent_prefix_path/gazebo_mecanum_plugins
[14.800s] -- Up-to-date: /home/winter24/gcamp_ros2_ws/install/gazebo_mecanum_plugins/share/gazebo_mecanum_plugins/environment/ament_prefix_path.sh
[14.800s] -- Installing: /home/winter24/gcamp_ros2_ws/install/gazebo_mecanum_plugins/share/gazebo_mecanum_plugins/environment/ament_prefix_path.dsv
[14.800s] -- Up-to-date: /home/winter24/gcamp_ros2_ws/install/gazebo_mecanum_plugins/share/gazebo_mecanum_plugins/environment/path.sh
[14.800s] -- Installing: /home/winter24/gcamp_ros2_ws/install/gazebo_mecanum_plugins/share/gazebo_mecanum_plugins/environment/path.dsv
[14.800s] -- Up-to-date: /home/winter24/gcamp_ros2_ws/install/gazebo_mecanum_plugins/share/gazebo_mecanum_plugins/local_setup.bash
[14.800s] -- Up-to-date: /home/winter24/gcamp_ros2_ws/install/gazebo_mecanum_plugins/share/gazebo_mecanum_plugins/local_setup.sh
[14.800s] -- Up-to-date: /home/winter24/gcamp_ros2_ws/install/gazebo_mecanum_plugins/share/gazebo_mecanum_plugins/local_setup.zsh
[14.800s] -- Installing: /home/winter24/gcamp_ros2_ws/install/gazebo_mecanum_plugins/share/gazebo_mecanum_plugins/local_setup.dsv
[14.801s] -- Installing: /home/winter24/gcamp_ros2_ws/install/gazebo_mecanum_plugins/share/gazebo_mecanum_plugins/package.dsv
[14.801s] -- Up-to-date: /home/winter24/gcamp_ros2_ws/install/gazebo_mecanum_plugins/share/ament_index/resource_index/packages/gazebo_mecanum_plugins
[14.801s] -- Up-to-date: /home/winter24/gcamp_ros2_ws/install/gazebo_mecanum_plugins/share/gazebo_mecanum_plugins/cmake/gazebo_mecanum_pluginsConfig.cmake
[14.801s] -- Up-to-date: /home/winter24/gcamp_ros2_ws/install/gazebo_mecanum_plugins/share/gazebo_mecanum_plugins/cmake/gazebo_mecanum_pluginsConfig-version.cmake
[14.801s] -- Up-to-date: /home/winter24/gcamp_ros2_ws/install/gazebo_mecanum_plugins/share/gazebo_mecanum_plugins/package.xml
[14.801s] -- Up-to-date: /home/winter24/gcamp_ros2_ws/install/gazebo_mecanum_plugins/include
[14.801s] -- Up-to-date: /home/winter24/gcamp_ros2_ws/install/gazebo_mecanum_plugins/include/gazebo_mecanum_plugins
[14.801s] -- Up-to-date: /home/winter24/gcamp_ros2_ws/install/gazebo_mecanum_plugins/include/gazebo_mecanum_plugins/gazebo_mecanum_drive_private.h
[14.801s] -- Up-to-date: /home/winter24/gcamp_ros2_ws/install/gazebo_mecanum_plugins/include/gazebo_mecanum_plugins/gazebo_mecanum_drive.h
[14.801s] -- Installing: /home/winter24/gcamp_ros2_ws/install/gazebo_mecanum_plugins/lib/libgazebo_mecanum_drive.so
[14.804s] -- Set runtime path of "/home/winter24/gcamp_ros2_ws/install/gazebo_mecanum_plugins/lib/libgazebo_mecanum_drive.so" to ""
[14.804s] -- Installing: /home/winter24/gcamp_ros2_ws/install/gazebo_mecanum_plugins/lib/libgazebo_mecanum_pid_drive.so
[14.808s] -- Set runtime path of "/home/winter24/gcamp_ros2_ws/install/gazebo_mecanum_plugins/lib/libgazebo_mecanum_pid_drive.so" to ""
[14.808s] -- Up-to-date: /home/winter24/gcamp_ros2_ws/install/gazebo_mecanum_plugins/share/gazebo_mecanum_plugins/
[14.813s] Invoked command in '/home/winter24/gcamp_ros2_ws/build/gazebo_mecanum_plugins' returned '0': CMAKE_PREFIX_PATH=${CMAKE_PREFIX_PATH}:/home/winter24/gcamp_ros2_ws/install/yolov8_ros:/home/winter24/gcamp_ros2_ws/install/tf2_web_republisher_py:/home/winter24/gcamp_ros2_ws/install/ball_tracker:/opt/ros/foxy /home/winter24/.local/bin/cmake --install /home/winter24/gcamp_ros2_ws/build/gazebo_mecanum_plugins
