[2.476s] Invoking command in '/home/winter24/gcamp_ros2_ws/ball_tracker': PYTHONPATH=/home/winter24/gcamp_ros2_ws/build/ball_tracker/prefix_override:/home/winter24/gcamp_ros2_ws/install/ball_tracker/lib/python3.8/site-packages:${PYTHONPATH} /usr/bin/python3 setup.py egg_info --egg-base ../build/ball_tracker build --build-base /home/winter24/gcamp_ros2_ws/build/ball_tracker/build install --record /home/winter24/gcamp_ros2_ws/build/ball_tracker/install.log --install-scripts $base/lib/ball_tracker --single-version-externally-managed
[2.886s] running egg_info
[2.887s] writing ../build/ball_tracker/ball_tracker.egg-info/PKG-INFO
[2.887s] writing dependency_links to ../build/ball_tracker/ball_tracker.egg-info/dependency_links.txt
[2.888s] writing entry points to ../build/ball_tracker/ball_tracker.egg-info/entry_points.txt
[2.888s] writing requirements to ../build/ball_tracker/ball_tracker.egg-info/requires.txt
[2.889s] writing top-level names to ../build/ball_tracker/ball_tracker.egg-info/top_level.txt
[2.889s] reading manifest file '../build/ball_tracker/ball_tracker.egg-info/SOURCES.txt'
[2.890s] writing manifest file '../build/ball_tracker/ball_tracker.egg-info/SOURCES.txt'
[2.890s] running build
[2.891s] running build_py
[2.891s] running install
[2.892s] running install_lib
[2.892s] running install_data
[2.893s] running install_egg_info
[2.894s] removing '/home/winter24/gcamp_ros2_ws/install/ball_tracker/lib/python3.8/site-packages/ball_tracker-0.0.0-py3.8.egg-info' (and everything under it)
[2.894s] Copying ../build/ball_tracker/ball_tracker.egg-info to /home/winter24/gcamp_ros2_ws/install/ball_tracker/lib/python3.8/site-packages/ball_tracker-0.0.0-py3.8.egg-info
[2.895s] running install_scripts
[2.895s] Installing detect_ball script to /home/winter24/gcamp_ros2_ws/install/ball_tracker/lib/ball_tracker
[2.895s] Installing detect_ball_3d script to /home/winter24/gcamp_ros2_ws/install/ball_tracker/lib/ball_tracker
[2.896s] Installing follow_ball script to /home/winter24/gcamp_ros2_ws/install/ball_tracker/lib/ball_tracker
[2.896s] writing list of installed files to '/home/winter24/gcamp_ros2_ws/build/ball_tracker/install.log'
[3.528s] Invoked command in '/home/winter24/gcamp_ros2_ws/ball_tracker' returned '0': PYTHONPATH=/home/winter24/gcamp_ros2_ws/build/ball_tracker/prefix_override:/home/winter24/gcamp_ros2_ws/install/ball_tracker/lib/python3.8/site-packages:${PYTHONPATH} /usr/bin/python3 setup.py egg_info --egg-base ../build/ball_tracker build --build-base /home/winter24/gcamp_ros2_ws/build/ball_tracker/build install --record /home/winter24/gcamp_ros2_ws/build/ball_tracker/install.log --install-scripts $base/lib/ball_tracker --single-version-externally-managed
