[1.077s] Invoking command in '/home/winter24/gcamp_ros2_ws/build/yolobot_control': CMAKE_PREFIX_PATH=${CMAKE_PREFIX_PATH}:/home/winter24/gcamp_ros2_ws/install/yolov8_ros:/home/winter24/gcamp_ros2_ws/install/tf2_web_republisher_py:/home/winter24/gcamp_ros2_ws/install/ball_tracker:/opt/ros/foxy /home/winter24/.local/bin/cmake /home/winter24/gcamp_ros2_ws/yolobot_control -DCMAKE_INSTALL_PREFIX=/home/winter24/gcamp_ros2_ws/install/yolobot_control
[1.167s] -- The C compiler identification is GNU 11.4.0
[1.256s] -- The CXX compiler identification is GNU 9.4.0
[1.304s] -- Detecting C compiler ABI info
[1.409s] -- Detecting C compiler ABI info - done
[1.428s] -- Check for working C compiler: /usr/bin/cc - skipped
[1.428s] -- Detecting C compile features
[1.434s] -- Detecting C compile features - done
[1.447s] -- Detecting CXX compiler ABI info
[1.572s] -- Detecting CXX compiler ABI info - done
[1.587s] -- Check for working CXX compiler: /usr/bin/c++ - skipped
[1.588s] -- Detecting CXX compile features
[1.588s] -- Detecting CXX compile features - done
[1.591s] -- Found ament_cmake: 0.9.12 (/opt/ros/foxy/share/ament_cmake/cmake)
[1.597s] [33mCMake Warning (dev) at /opt/ros/foxy/share/ament_cmake_core/cmake/core/python.cmake:22 (find_package):
[1.597s]   Policy CMP0148 is not set: The FindPythonInterp and FindPythonLibs modules
[1.597s]   are removed.  Run "cmake --help-policy CMP0148" for policy details.  Use
[1.597s]   the cmake_policy command to set the policy and suppress this warning.
[1.597s] 
[1.597s] Call Stack (most recent call first):
[1.597s]   /opt/ros/foxy/share/ament_cmake_core/cmake/core/all.cmake:53 (include)
[1.597s]   /opt/ros/foxy/share/ament_cmake_core/cmake/ament_cmake_core-extras.cmake:17 (include)
[1.598s]   /opt/ros/foxy/share/ament_cmake_core/cmake/ament_cmake_coreConfig.cmake:41 (include)
[1.598s]   /opt/ros/foxy/share/ament_cmake/cmake/ament_cmake_export_dependencies-extras.cmake:15 (find_package)
[1.598s]   /opt/ros/foxy/share/ament_cmake/cmake/ament_cmakeConfig.cmake:41 (include)
[1.598s]   CMakeLists.txt:19 (find_package)
[1.598s] This warning is for project developers.  Use -Wno-dev to suppress it.
[1.598s] [0m
[1.623s] -- Found PythonInterp: /usr/bin/python3 (found suitable version "3.8.10", minimum required is "3") 
[1.624s] -- Using PYTHON_EXECUTABLE: /usr/bin/python3
[1.881s] -- Found ament_lint_auto: 0.9.8 (/opt/ros/foxy/share/ament_lint_auto/cmake)
[1.997s] -- Added test 'copyright' to check source files copyright and LICENSE
[1.999s] -- Added test 'flake8' to check Python code syntax and style conventions
[2.001s] -- Added test 'lint_cmake' to check CMake code style
[2.002s] -- Added test 'pep257' to check Python code against some of the style conventions in PEP 257
[2.004s] -- Added test 'xmllint' to check XML markup files
[2.006s] -- Configuring done (0.9s)
[2.010s] -- Generating done (0.0s)
[2.011s] -- Build files have been written to: /home/winter24/gcamp_ros2_ws/build/yolobot_control
[2.021s] Invoked command in '/home/winter24/gcamp_ros2_ws/build/yolobot_control' returned '0': CMAKE_PREFIX_PATH=${CMAKE_PREFIX_PATH}:/home/winter24/gcamp_ros2_ws/install/yolov8_ros:/home/winter24/gcamp_ros2_ws/install/tf2_web_republisher_py:/home/winter24/gcamp_ros2_ws/install/ball_tracker:/opt/ros/foxy /home/winter24/.local/bin/cmake /home/winter24/gcamp_ros2_ws/yolobot_control -DCMAKE_INSTALL_PREFIX=/home/winter24/gcamp_ros2_ws/install/yolobot_control
[2.027s] Invoking command in '/home/winter24/gcamp_ros2_ws/build/yolobot_control': CMAKE_PREFIX_PATH=${CMAKE_PREFIX_PATH}:/home/winter24/gcamp_ros2_ws/install/yolov8_ros:/home/winter24/gcamp_ros2_ws/install/tf2_web_republisher_py:/home/winter24/gcamp_ros2_ws/install/ball_tracker:/opt/ros/foxy /home/winter24/.local/bin/cmake --build /home/winter24/gcamp_ros2_ws/build/yolobot_control -- -j16 -l16
[2.652s] Invoked command in '/home/winter24/gcamp_ros2_ws/build/yolobot_control' returned '0': CMAKE_PREFIX_PATH=${CMAKE_PREFIX_PATH}:/home/winter24/gcamp_ros2_ws/install/yolov8_ros:/home/winter24/gcamp_ros2_ws/install/tf2_web_republisher_py:/home/winter24/gcamp_ros2_ws/install/ball_tracker:/opt/ros/foxy /home/winter24/.local/bin/cmake --build /home/winter24/gcamp_ros2_ws/build/yolobot_control -- -j16 -l16
[2.834s] Invoking command in '/home/winter24/gcamp_ros2_ws/build/yolobot_control': CMAKE_PREFIX_PATH=${CMAKE_PREFIX_PATH}:/home/winter24/gcamp_ros2_ws/install/yolov8_ros:/home/winter24/gcamp_ros2_ws/install/tf2_web_republisher_py:/home/winter24/gcamp_ros2_ws/install/ball_tracker:/opt/ros/foxy /home/winter24/.local/bin/cmake --install /home/winter24/gcamp_ros2_ws/build/yolobot_control
[2.877s] -- Install configuration: ""
[2.878s] -- Installing: /home/winter24/gcamp_ros2_ws/install/yolobot_control/share/yolobot_control//scripts
[2.878s] -- Installing: /home/winter24/gcamp_ros2_ws/install/yolobot_control/share/yolobot_control//scripts/robot_control.py
[2.879s] -- Installing: /home/winter24/gcamp_ros2_ws/install/yolobot_control/share/yolobot_control//launch
[2.888s] -- Installing: /home/winter24/gcamp_ros2_ws/install/yolobot_control/share/yolobot_control//launch/yolobot_control.launch.py
[2.889s] -- Installing: /home/winter24/gcamp_ros2_ws/install/yolobot_control/lib/yolobot_control/robot_control.py
[2.889s] -- Installing: /home/winter24/gcamp_ros2_ws/install/yolobot_control/lib/yolobot_control/yolobot_control.launch.py
[2.889s] -- Installing: /home/winter24/gcamp_ros2_ws/install/yolobot_control/share/ament_index/resource_index/package_run_dependencies/yolobot_control
[2.889s] -- Installing: /home/winter24/gcamp_ros2_ws/install/yolobot_control/share/ament_index/resource_index/parent_prefix_path/yolobot_control
[2.889s] -- Installing: /home/winter24/gcamp_ros2_ws/install/yolobot_control/share/yolobot_control/environment/ament_prefix_path.sh
[2.889s] -- Installing: /home/winter24/gcamp_ros2_ws/install/yolobot_control/share/yolobot_control/environment/ament_prefix_path.dsv
[2.889s] -- Installing: /home/winter24/gcamp_ros2_ws/install/yolobot_control/share/yolobot_control/environment/path.sh
[2.889s] -- Installing: /home/winter24/gcamp_ros2_ws/install/yolobot_control/share/yolobot_control/environment/path.dsv
[2.889s] -- Installing: /home/winter24/gcamp_ros2_ws/install/yolobot_control/share/yolobot_control/local_setup.bash
[2.889s] -- Installing: /home/winter24/gcamp_ros2_ws/install/yolobot_control/share/yolobot_control/local_setup.sh
[2.889s] -- Installing: /home/winter24/gcamp_ros2_ws/install/yolobot_control/share/yolobot_control/local_setup.zsh
[2.889s] -- Installing: /home/winter24/gcamp_ros2_ws/install/yolobot_control/share/yolobot_control/local_setup.dsv
[2.890s] -- Installing: /home/winter24/gcamp_ros2_ws/install/yolobot_control/share/yolobot_control/package.dsv
[2.890s] -- Installing: /home/winter24/gcamp_ros2_ws/install/yolobot_control/share/ament_index/resource_index/packages/yolobot_control
[2.890s] -- Installing: /home/winter24/gcamp_ros2_ws/install/yolobot_control/share/yolobot_control/cmake/yolobot_controlConfig.cmake
[2.890s] -- Installing: /home/winter24/gcamp_ros2_ws/install/yolobot_control/share/yolobot_control/cmake/yolobot_controlConfig-version.cmake
[2.891s] -- Installing: /home/winter24/gcamp_ros2_ws/install/yolobot_control/share/yolobot_control/package.xml
[3.183s] Invoked command in '/home/winter24/gcamp_ros2_ws/build/yolobot_control' returned '0': CMAKE_PREFIX_PATH=${CMAKE_PREFIX_PATH}:/home/winter24/gcamp_ros2_ws/install/yolov8_ros:/home/winter24/gcamp_ros2_ws/install/tf2_web_republisher_py:/home/winter24/gcamp_ros2_ws/install/ball_tracker:/opt/ros/foxy /home/winter24/.local/bin/cmake --install /home/winter24/gcamp_ros2_ws/build/yolobot_control
