[1.285s] Invoking command in '/home/winter24/gcamp_ros2_ws/build/yolov8_msgs': CMAKE_PREFIX_PATH=${CMAKE_PREFIX_PATH}:/home/winter24/gcamp_ros2_ws/install/yolov8_ros:/home/winter24/gcamp_ros2_ws/install/tf2_web_republisher_py:/home/winter24/gcamp_ros2_ws/install/ball_tracker:/opt/ros/foxy /home/winter24/.local/bin/cmake --build /home/winter24/gcamp_ros2_ws/build/yolov8_msgs -- -j16 -l16
[1.338s] [  2%] Built target yolov8_msgs__cpp
[1.341s] [ 12%] Built target yolov8_msgs__rosidl_generator_c
[1.350s] [ 23%] Built target yolov8_msgs__rosidl_typesupport_introspection_cpp
[1.351s] [ 33%] Built target yolov8_msgs__rosidl_typesupport_cpp
[1.351s] [ 43%] Built target yolov8_msgs__rosidl_typesupport_c
[1.352s] [ 53%] Built target yolov8_msgs__rosidl_typesupport_introspection_c
[1.359s] [ 64%] Built target yolov8_msgs__rosidl_typesupport_fastrtps_cpp
[1.372s] [ 74%] Built target yolov8_msgs__rosidl_typesupport_fastrtps_c
[1.382s] [ 74%] Built target yolov8_msgs
[1.394s] [ 76%] Built target yolov8_msgs__py
[1.406s] [ 84%] Built target yolov8_msgs__python
[1.422s] [ 89%] Built target yolov8_msgs__rosidl_typesupport_fastrtps_c__pyext
[1.424s] [100%] Built target yolov8_msgs__rosidl_typesupport_introspection_c__pyext
[1.424s] [100%] Built target yolov8_msgs__rosidl_typesupport_c__pyext
[1.456s] Invoked command in '/home/winter24/gcamp_ros2_ws/build/yolov8_msgs' returned '0': CMAKE_PREFIX_PATH=${CMAKE_PREFIX_PATH}:/home/winter24/gcamp_ros2_ws/install/yolov8_ros:/home/winter24/gcamp_ros2_ws/install/tf2_web_republisher_py:/home/winter24/gcamp_ros2_ws/install/ball_tracker:/opt/ros/foxy /home/winter24/.local/bin/cmake --build /home/winter24/gcamp_ros2_ws/build/yolov8_msgs -- -j16 -l16
[2.881s] Invoking command in '/home/winter24/gcamp_ros2_ws/build/yolov8_msgs': CMAKE_PREFIX_PATH=${CMAKE_PREFIX_PATH}:/home/winter24/gcamp_ros2_ws/install/yolov8_ros:/home/winter24/gcamp_ros2_ws/install/tf2_web_republisher_py:/home/winter24/gcamp_ros2_ws/install/ball_tracker:/opt/ros/foxy /home/winter24/.local/bin/cmake --install /home/winter24/gcamp_ros2_ws/build/yolov8_msgs
[3.327s] -- Install configuration: ""
[3.328s] -- Up-to-date: /home/winter24/gcamp_ros2_ws/install/yolov8_msgs/share/ament_index/resource_index/rosidl_interfaces/yolov8_msgs
[3.328s] -- Up-to-date: /home/winter24/gcamp_ros2_ws/install/yolov8_msgs/include/yolov8_msgs
[3.328s] -- Up-to-date: /home/winter24/gcamp_ros2_ws/install/yolov8_msgs/include/yolov8_msgs/msg
[3.328s] -- Up-to-date: /home/winter24/gcamp_ros2_ws/install/yolov8_msgs/include/yolov8_msgs/msg/rosidl_generator_c__visibility_control.h
[3.328s] -- Up-to-date: /home/winter24/gcamp_ros2_ws/install/yolov8_msgs/include/yolov8_msgs/msg/inference_result.h
[3.328s] -- Up-to-date: /home/winter24/gcamp_ros2_ws/install/yolov8_msgs/include/yolov8_msgs/msg/detail
[3.328s] -- Up-to-date: /home/winter24/gcamp_ros2_ws/install/yolov8_msgs/include/yolov8_msgs/msg/detail/inference_result__functions.c
[3.329s] -- Up-to-date: /home/winter24/gcamp_ros2_ws/install/yolov8_msgs/include/yolov8_msgs/msg/detail/inference_result__type_support.h
[3.329s] -- Up-to-date: /home/winter24/gcamp_ros2_ws/install/yolov8_msgs/include/yolov8_msgs/msg/detail/yolov8_inference__type_support.h
[3.329s] -- Up-to-date: /home/winter24/gcamp_ros2_ws/install/yolov8_msgs/include/yolov8_msgs/msg/detail/yolov8_inference__functions.h
[3.329s] -- Up-to-date: /home/winter24/gcamp_ros2_ws/install/yolov8_msgs/include/yolov8_msgs/msg/detail/inference_result__struct.h
[3.329s] -- Up-to-date: /home/winter24/gcamp_ros2_ws/install/yolov8_msgs/include/yolov8_msgs/msg/detail/inference_result__functions.h
[3.330s] -- Up-to-date: /home/winter24/gcamp_ros2_ws/install/yolov8_msgs/include/yolov8_msgs/msg/detail/yolov8_inference__struct.h
[3.330s] -- Up-to-date: /home/winter24/gcamp_ros2_ws/install/yolov8_msgs/include/yolov8_msgs/msg/detail/yolov8_inference__functions.c
[3.330s] -- Up-to-date: /home/winter24/gcamp_ros2_ws/install/yolov8_msgs/include/yolov8_msgs/msg/yolov8_inference.h
[3.330s] -- Up-to-date: /home/winter24/gcamp_ros2_ws/install/yolov8_msgs/share/yolov8_msgs/environment/library_path.sh
[3.331s] -- Up-to-date: /home/winter24/gcamp_ros2_ws/install/yolov8_msgs/share/yolov8_msgs/environment/library_path.dsv
[3.331s] -- Up-to-date: /home/winter24/gcamp_ros2_ws/install/yolov8_msgs/lib/libyolov8_msgs__rosidl_generator_c.so
[3.331s] -- Up-to-date: /home/winter24/gcamp_ros2_ws/install/yolov8_msgs/include/yolov8_msgs
[3.332s] -- Up-to-date: /home/winter24/gcamp_ros2_ws/install/yolov8_msgs/include/yolov8_msgs/msg
[3.333s] -- Up-to-date: /home/winter24/gcamp_ros2_ws/install/yolov8_msgs/include/yolov8_msgs/msg/rosidl_typesupport_fastrtps_c__visibility_control.h
[3.333s] -- Up-to-date: /home/winter24/gcamp_ros2_ws/install/yolov8_msgs/include/yolov8_msgs/msg/detail
[3.334s] -- Up-to-date: /home/winter24/gcamp_ros2_ws/install/yolov8_msgs/include/yolov8_msgs/msg/detail/yolov8_inference__rosidl_typesupport_fastrtps_c.h
[3.334s] -- Up-to-date: /home/winter24/gcamp_ros2_ws/install/yolov8_msgs/include/yolov8_msgs/msg/detail/inference_result__rosidl_typesupport_fastrtps_c.h
[3.335s] -- Up-to-date: /home/winter24/gcamp_ros2_ws/install/yolov8_msgs/lib/libyolov8_msgs__rosidl_typesupport_fastrtps_c.so
[3.335s] -- Up-to-date: /home/winter24/gcamp_ros2_ws/install/yolov8_msgs/include/yolov8_msgs
[3.336s] -- Up-to-date: /home/winter24/gcamp_ros2_ws/install/yolov8_msgs/include/yolov8_msgs/msg
[3.336s] -- Up-to-date: /home/winter24/gcamp_ros2_ws/install/yolov8_msgs/include/yolov8_msgs/msg/detail
[3.337s] -- Up-to-date: /home/winter24/gcamp_ros2_ws/install/yolov8_msgs/include/yolov8_msgs/msg/detail/yolov8_inference__rosidl_typesupport_fastrtps_cpp.hpp
[3.337s] -- Up-to-date: /home/winter24/gcamp_ros2_ws/install/yolov8_msgs/include/yolov8_msgs/msg/detail/inference_result__rosidl_typesupport_fastrtps_cpp.hpp
[3.337s] -- Up-to-date: /home/winter24/gcamp_ros2_ws/install/yolov8_msgs/include/yolov8_msgs/msg/detail/dds_fastrtps
[3.338s] -- Up-to-date: /home/winter24/gcamp_ros2_ws/install/yolov8_msgs/include/yolov8_msgs/msg/rosidl_typesupport_fastrtps_cpp__visibility_control.h
[3.339s] -- Up-to-date: /home/winter24/gcamp_ros2_ws/install/yolov8_msgs/lib/libyolov8_msgs__rosidl_typesupport_fastrtps_cpp.so
[3.339s] -- Up-to-date: /home/winter24/gcamp_ros2_ws/install/yolov8_msgs/include/yolov8_msgs
[3.339s] -- Up-to-date: /home/winter24/gcamp_ros2_ws/install/yolov8_msgs/include/yolov8_msgs/msg
[3.340s] -- Up-to-date: /home/winter24/gcamp_ros2_ws/install/yolov8_msgs/include/yolov8_msgs/msg/rosidl_typesupport_introspection_c__visibility_control.h
[3.340s] -- Up-to-date: /home/winter24/gcamp_ros2_ws/install/yolov8_msgs/include/yolov8_msgs/msg/detail
[3.340s] -- Up-to-date: /home/winter24/gcamp_ros2_ws/install/yolov8_msgs/include/yolov8_msgs/msg/detail/yolov8_inference__type_support.c
[3.341s] -- Up-to-date: /home/winter24/gcamp_ros2_ws/install/yolov8_msgs/include/yolov8_msgs/msg/detail/yolov8_inference__rosidl_typesupport_introspection_c.h
[3.341s] -- Up-to-date: /home/winter24/gcamp_ros2_ws/install/yolov8_msgs/include/yolov8_msgs/msg/detail/inference_result__type_support.c
[3.341s] -- Up-to-date: /home/winter24/gcamp_ros2_ws/install/yolov8_msgs/include/yolov8_msgs/msg/detail/inference_result__rosidl_typesupport_introspection_c.h
[3.341s] -- Up-to-date: /home/winter24/gcamp_ros2_ws/install/yolov8_msgs/lib/libyolov8_msgs__rosidl_typesupport_introspection_c.so
[3.341s] -- Up-to-date: /home/winter24/gcamp_ros2_ws/install/yolov8_msgs/lib/libyolov8_msgs__rosidl_typesupport_c.so
[3.342s] -- Up-to-date: /home/winter24/gcamp_ros2_ws/install/yolov8_msgs/include/yolov8_msgs
[3.342s] -- Up-to-date: /home/winter24/gcamp_ros2_ws/install/yolov8_msgs/include/yolov8_msgs/msg
[3.342s] -- Up-to-date: /home/winter24/gcamp_ros2_ws/install/yolov8_msgs/include/yolov8_msgs/msg/inference_result.hpp
[3.343s] -- Up-to-date: /home/winter24/gcamp_ros2_ws/install/yolov8_msgs/include/yolov8_msgs/msg/detail
[3.344s] -- Up-to-date: /home/winter24/gcamp_ros2_ws/install/yolov8_msgs/include/yolov8_msgs/msg/detail/inference_result__type_support.hpp
[3.344s] -- Up-to-date: /home/winter24/gcamp_ros2_ws/install/yolov8_msgs/include/yolov8_msgs/msg/detail/inference_result__builder.hpp
[3.345s] -- Up-to-date: /home/winter24/gcamp_ros2_ws/install/yolov8_msgs/include/yolov8_msgs/msg/detail/yolov8_inference__type_support.hpp
[3.345s] -- Up-to-date: /home/winter24/gcamp_ros2_ws/install/yolov8_msgs/include/yolov8_msgs/msg/detail/inference_result__struct.hpp
[3.346s] -- Up-to-date: /home/winter24/gcamp_ros2_ws/install/yolov8_msgs/include/yolov8_msgs/msg/detail/yolov8_inference__traits.hpp
[3.346s] -- Up-to-date: /home/winter24/gcamp_ros2_ws/install/yolov8_msgs/include/yolov8_msgs/msg/detail/yolov8_inference__struct.hpp
[3.347s] -- Up-to-date: /home/winter24/gcamp_ros2_ws/install/yolov8_msgs/include/yolov8_msgs/msg/detail/inference_result__traits.hpp
[3.347s] -- Up-to-date: /home/winter24/gcamp_ros2_ws/install/yolov8_msgs/include/yolov8_msgs/msg/detail/yolov8_inference__builder.hpp
[3.347s] -- Up-to-date: /home/winter24/gcamp_ros2_ws/install/yolov8_msgs/include/yolov8_msgs/msg/rosidl_generator_cpp__visibility_control.hpp
[3.347s] -- Up-to-date: /home/winter24/gcamp_ros2_ws/install/yolov8_msgs/include/yolov8_msgs/msg/yolov8_inference.hpp
[3.348s] -- Up-to-date: /home/winter24/gcamp_ros2_ws/install/yolov8_msgs/include/yolov8_msgs
[3.348s] -- Up-to-date: /home/winter24/gcamp_ros2_ws/install/yolov8_msgs/include/yolov8_msgs/msg
[3.348s] -- Up-to-date: /home/winter24/gcamp_ros2_ws/install/yolov8_msgs/include/yolov8_msgs/msg/detail
[3.349s] -- Up-to-date: /home/winter24/gcamp_ros2_ws/install/yolov8_msgs/include/yolov8_msgs/msg/detail/yolov8_inference__rosidl_typesupport_introspection_cpp.hpp
[3.350s] -- Up-to-date: /home/winter24/gcamp_ros2_ws/install/yolov8_msgs/include/yolov8_msgs/msg/detail/yolov8_inference__type_support.cpp
[3.350s] -- Up-to-date: /home/winter24/gcamp_ros2_ws/install/yolov8_msgs/include/yolov8_msgs/msg/detail/inference_result__rosidl_typesupport_introspection_cpp.hpp
[3.350s] -- Up-to-date: /home/winter24/gcamp_ros2_ws/install/yolov8_msgs/include/yolov8_msgs/msg/detail/inference_result__type_support.cpp
[3.351s] -- Up-to-date: /home/winter24/gcamp_ros2_ws/install/yolov8_msgs/lib/libyolov8_msgs__rosidl_typesupport_introspection_cpp.so
[3.351s] -- Up-to-date: /home/winter24/gcamp_ros2_ws/install/yolov8_msgs/lib/libyolov8_msgs__rosidl_typesupport_cpp.so
[3.353s] -- Up-to-date: /home/winter24/gcamp_ros2_ws/install/yolov8_msgs/share/yolov8_msgs/environment/pythonpath.sh
[3.354s] -- Up-to-date: /home/winter24/gcamp_ros2_ws/install/yolov8_msgs/share/yolov8_msgs/environment/pythonpath.dsv
[3.355s] -- Up-to-date: /home/winter24/gcamp_ros2_ws/install/yolov8_msgs/lib/python3.8/site-packages/yolov8_msgs/__init__.py
[3.356s] -- Up-to-date: /home/winter24/gcamp_ros2_ws/install/yolov8_msgs/lib/python3.8/site-packages/yolov8_msgs/msg
[3.356s] -- Up-to-date: /home/winter24/gcamp_ros2_ws/install/yolov8_msgs/lib/python3.8/site-packages/yolov8_msgs/msg/_inference_result.py
[3.357s] -- Up-to-date: /home/winter24/gcamp_ros2_ws/install/yolov8_msgs/lib/python3.8/site-packages/yolov8_msgs/msg/_yolov8_inference_s.c
[3.358s] -- Up-to-date: /home/winter24/gcamp_ros2_ws/install/yolov8_msgs/lib/python3.8/site-packages/yolov8_msgs/msg/_inference_result_s.c
[3.358s] -- Up-to-date: /home/winter24/gcamp_ros2_ws/install/yolov8_msgs/lib/python3.8/site-packages/yolov8_msgs/msg/_yolov8_inference.py
[3.358s] -- Up-to-date: /home/winter24/gcamp_ros2_ws/install/yolov8_msgs/lib/python3.8/site-packages/yolov8_msgs/msg/__init__.py
[3.359s] -- Up-to-date: /home/winter24/gcamp_ros2_ws/install/yolov8_msgs/lib/python3.8/site-packages/yolov8_msgs/yolov8_msgs_s__rosidl_typesupport_fastrtps_c.cpython-38-x86_64-linux-gnu.so
[3.360s] -- Up-to-date: /home/winter24/gcamp_ros2_ws/install/yolov8_msgs/lib/python3.8/site-packages/yolov8_msgs/yolov8_msgs_s__rosidl_typesupport_introspection_c.cpython-38-x86_64-linux-gnu.so
[3.361s] -- Up-to-date: /home/winter24/gcamp_ros2_ws/install/yolov8_msgs/lib/python3.8/site-packages/yolov8_msgs/yolov8_msgs_s__rosidl_typesupport_c.cpython-38-x86_64-linux-gnu.so
[3.361s] -- Up-to-date: /home/winter24/gcamp_ros2_ws/install/yolov8_msgs/lib/libyolov8_msgs__python.so
[3.361s] -- Up-to-date: /home/winter24/gcamp_ros2_ws/install/yolov8_msgs/share/yolov8_msgs/msg/InferenceResult.idl
[3.361s] -- Up-to-date: /home/winter24/gcamp_ros2_ws/install/yolov8_msgs/share/yolov8_msgs/msg/Yolov8Inference.idl
[3.361s] -- Up-to-date: /home/winter24/gcamp_ros2_ws/install/yolov8_msgs/share/yolov8_msgs/msg/InferenceResult.msg
[3.361s] -- Up-to-date: /home/winter24/gcamp_ros2_ws/install/yolov8_msgs/share/yolov8_msgs/msg/Yolov8Inference.msg
[3.362s] -- Up-to-date: /home/winter24/gcamp_ros2_ws/install/yolov8_msgs/share/ament_index/resource_index/package_run_dependencies/yolov8_msgs
[3.362s] -- Up-to-date: /home/winter24/gcamp_ros2_ws/install/yolov8_msgs/share/ament_index/resource_index/parent_prefix_path/yolov8_msgs
[3.362s] -- Up-to-date: /home/winter24/gcamp_ros2_ws/install/yolov8_msgs/share/yolov8_msgs/environment/ament_prefix_path.sh
[3.362s] -- Up-to-date: /home/winter24/gcamp_ros2_ws/install/yolov8_msgs/share/yolov8_msgs/environment/ament_prefix_path.dsv
[3.362s] -- Up-to-date: /home/winter24/gcamp_ros2_ws/install/yolov8_msgs/share/yolov8_msgs/environment/path.sh
[3.362s] -- Up-to-date: /home/winter24/gcamp_ros2_ws/install/yolov8_msgs/share/yolov8_msgs/environment/path.dsv
[3.362s] -- Up-to-date: /home/winter24/gcamp_ros2_ws/install/yolov8_msgs/share/yolov8_msgs/local_setup.bash
[3.363s] -- Up-to-date: /home/winter24/gcamp_ros2_ws/install/yolov8_msgs/share/yolov8_msgs/local_setup.sh
[3.363s] -- Up-to-date: /home/winter24/gcamp_ros2_ws/install/yolov8_msgs/share/yolov8_msgs/local_setup.zsh
[3.363s] -- Up-to-date: /home/winter24/gcamp_ros2_ws/install/yolov8_msgs/share/yolov8_msgs/local_setup.dsv
[3.363s] -- Installing: /home/winter24/gcamp_ros2_ws/install/yolov8_msgs/share/yolov8_msgs/package.dsv
[3.363s] -- Up-to-date: /home/winter24/gcamp_ros2_ws/install/yolov8_msgs/share/ament_index/resource_index/packages/yolov8_msgs
[3.363s] -- Up-to-date: /home/winter24/gcamp_ros2_ws/install/yolov8_msgs/share/yolov8_msgs/cmake/yolov8_msgs__rosidl_generator_cExport.cmake
[3.363s] -- Up-to-date: /home/winter24/gcamp_ros2_ws/install/yolov8_msgs/share/yolov8_msgs/cmake/yolov8_msgs__rosidl_generator_cExport-noconfig.cmake
[3.364s] -- Up-to-date: /home/winter24/gcamp_ros2_ws/install/yolov8_msgs/share/yolov8_msgs/cmake/yolov8_msgs__rosidl_typesupport_introspection_cExport.cmake
[3.364s] -- Up-to-date: /home/winter24/gcamp_ros2_ws/install/yolov8_msgs/share/yolov8_msgs/cmake/yolov8_msgs__rosidl_typesupport_introspection_cExport-noconfig.cmake
[3.364s] -- Up-to-date: /home/winter24/gcamp_ros2_ws/install/yolov8_msgs/share/yolov8_msgs/cmake/yolov8_msgs__rosidl_typesupport_cExport.cmake
[3.365s] -- Up-to-date: /home/winter24/gcamp_ros2_ws/install/yolov8_msgs/share/yolov8_msgs/cmake/yolov8_msgs__rosidl_typesupport_cExport-noconfig.cmake
[3.365s] -- Up-to-date: /home/winter24/gcamp_ros2_ws/install/yolov8_msgs/share/yolov8_msgs/cmake/yolov8_msgs__rosidl_generator_cppExport.cmake
[3.373s] -- Up-to-date: /home/winter24/gcamp_ros2_ws/install/yolov8_msgs/share/yolov8_msgs/cmake/yolov8_msgs__rosidl_typesupport_introspection_cppExport.cmake
[3.374s] -- Up-to-date: /home/winter24/gcamp_ros2_ws/install/yolov8_msgs/share/yolov8_msgs/cmake/yolov8_msgs__rosidl_typesupport_introspection_cppExport-noconfig.cmake
[3.374s] -- Up-to-date: /home/winter24/gcamp_ros2_ws/install/yolov8_msgs/share/yolov8_msgs/cmake/yolov8_msgs__rosidl_typesupport_cppExport.cmake
[3.375s] -- Up-to-date: /home/winter24/gcamp_ros2_ws/install/yolov8_msgs/share/yolov8_msgs/cmake/yolov8_msgs__rosidl_typesupport_cppExport-noconfig.cmake
[3.375s] -- Up-to-date: /home/winter24/gcamp_ros2_ws/install/yolov8_msgs/share/yolov8_msgs/cmake/rosidl_cmake-extras.cmake
[3.376s] -- Up-to-date: /home/winter24/gcamp_ros2_ws/install/yolov8_msgs/share/yolov8_msgs/cmake/ament_cmake_export_dependencies-extras.cmake
[3.376s] -- Up-to-date: /home/winter24/gcamp_ros2_ws/install/yolov8_msgs/share/yolov8_msgs/cmake/ament_cmake_export_libraries-extras.cmake
[3.376s] -- Up-to-date: /home/winter24/gcamp_ros2_ws/install/yolov8_msgs/share/yolov8_msgs/cmake/ament_cmake_export_targets-extras.cmake
[3.376s] -- Up-to-date: /home/winter24/gcamp_ros2_ws/install/yolov8_msgs/share/yolov8_msgs/cmake/ament_cmake_export_include_directories-extras.cmake
[3.377s] -- Up-to-date: /home/winter24/gcamp_ros2_ws/install/yolov8_msgs/share/yolov8_msgs/cmake/rosidl_cmake_export_typesupport_libraries-extras.cmake
[3.377s] -- Up-to-date: /home/winter24/gcamp_ros2_ws/install/yolov8_msgs/share/yolov8_msgs/cmake/rosidl_cmake_export_typesupport_targets-extras.cmake
[3.377s] -- Up-to-date: /home/winter24/gcamp_ros2_ws/install/yolov8_msgs/share/yolov8_msgs/cmake/yolov8_msgsConfig.cmake
[3.377s] -- Up-to-date: /home/winter24/gcamp_ros2_ws/install/yolov8_msgs/share/yolov8_msgs/cmake/yolov8_msgsConfig-version.cmake
[3.377s] -- Up-to-date: /home/winter24/gcamp_ros2_ws/install/yolov8_msgs/share/yolov8_msgs/package.xml
[3.933s] Invoked command in '/home/winter24/gcamp_ros2_ws/build/yolov8_msgs' returned '0': CMAKE_PREFIX_PATH=${CMAKE_PREFIX_PATH}:/home/winter24/gcamp_ros2_ws/install/yolov8_ros:/home/winter24/gcamp_ros2_ws/install/tf2_web_republisher_py:/home/winter24/gcamp_ros2_ws/install/ball_tracker:/opt/ros/foxy /home/winter24/.local/bin/cmake --install /home/winter24/gcamp_ros2_ws/build/yolov8_msgs
