[1.009s] Invoking command in '/home/winter24/gcamp_ros2_ws/build/yolobot_description': CMAKE_PREFIX_PATH=${CMAKE_PREFIX_PATH}:/home/winter24/gcamp_ros2_ws/install/yolov8_ros:/home/winter24/gcamp_ros2_ws/install/tf2_web_republisher_py:/home/winter24/gcamp_ros2_ws/install/ball_tracker:/opt/ros/foxy /home/winter24/.local/bin/cmake /home/winter24/gcamp_ros2_ws/yolobot_description -DCMAKE_INSTALL_PREFIX=/home/winter24/gcamp_ros2_ws/install/yolobot_description
[1.108s] -- The C compiler identification is GNU 11.4.0
[1.182s] -- The CXX compiler identification is GNU 9.4.0
[1.203s] -- Detecting C compiler ABI info
[1.323s] -- Detecting C compiler ABI info - done
[1.340s] -- Check for working C compiler: /usr/bin/cc - skipped
[1.341s] -- Detecting C compile features
[1.342s] -- Detecting C compile features - done
[1.355s] -- Detecting CXX compiler ABI info
[1.467s] -- Detecting CXX compiler ABI info - done
[1.486s] -- Check for working CXX compiler: /usr/bin/c++ - skipped
[1.487s] -- Detecting CXX compile features
[1.488s] -- Detecting CXX compile features - done
[1.491s] -- Found ament_cmake: 0.9.12 (/opt/ros/foxy/share/ament_cmake/cmake)
[1.497s] [33mCMake Warning (dev) at /opt/ros/foxy/share/ament_cmake_core/cmake/core/python.cmake:22 (find_package):
[1.497s]   Policy CMP0148 is not set: The FindPythonInterp and FindPythonLibs modules
[1.497s]   are removed.  Run "cmake --help-policy CMP0148" for policy details.  Use
[1.497s]   the cmake_policy command to set the policy and suppress this warning.
[1.497s] 
[1.497s] Call Stack (most recent call first):
[1.498s]   /opt/ros/foxy/share/ament_cmake_core/cmake/core/all.cmake:53 (include)
[1.498s]   /opt/ros/foxy/share/ament_cmake_core/cmake/ament_cmake_core-extras.cmake:17 (include)
[1.498s]   /opt/ros/foxy/share/ament_cmake_core/cmake/ament_cmake_coreConfig.cmake:41 (include)
[1.498s]   /opt/ros/foxy/share/ament_cmake/cmake/ament_cmake_export_dependencies-extras.cmake:15 (find_package)
[1.498s]   /opt/ros/foxy/share/ament_cmake/cmake/ament_cmakeConfig.cmake:41 (include)
[1.498s]   CMakeLists.txt:19 (find_package)
[1.498s] This warning is for project developers.  Use -Wno-dev to suppress it.
[1.498s] [0m
[1.525s] -- Found PythonInterp: /usr/bin/python3 (found suitable version "3.8.10", minimum required is "3") 
[1.525s] -- Using PYTHON_EXECUTABLE: /usr/bin/python3
[1.780s] -- Found urdf: 2.4.0 (/opt/ros/foxy/share/urdf/cmake)
[1.826s] -- Found ament_lint_auto: 0.9.8 (/opt/ros/foxy/share/ament_lint_auto/cmake)
[1.935s] -- Added test 'copyright' to check source files copyright and LICENSE
[1.937s] -- Added test 'flake8' to check Python code syntax and style conventions
[1.938s] -- Added test 'lint_cmake' to check CMake code style
[1.939s] -- Added test 'pep257' to check Python code against some of the style conventions in PEP 257
[1.941s] -- Added test 'xmllint' to check XML markup files
[1.943s] -- Configuring done (0.9s)
[1.947s] -- Generating done (0.0s)
[1.954s] -- Build files have been written to: /home/winter24/gcamp_ros2_ws/build/yolobot_description
[1.967s] Invoked command in '/home/winter24/gcamp_ros2_ws/build/yolobot_description' returned '0': CMAKE_PREFIX_PATH=${CMAKE_PREFIX_PATH}:/home/winter24/gcamp_ros2_ws/install/yolov8_ros:/home/winter24/gcamp_ros2_ws/install/tf2_web_republisher_py:/home/winter24/gcamp_ros2_ws/install/ball_tracker:/opt/ros/foxy /home/winter24/.local/bin/cmake /home/winter24/gcamp_ros2_ws/yolobot_description -DCMAKE_INSTALL_PREFIX=/home/winter24/gcamp_ros2_ws/install/yolobot_description
[1.974s] Invoking command in '/home/winter24/gcamp_ros2_ws/build/yolobot_description': CMAKE_PREFIX_PATH=${CMAKE_PREFIX_PATH}:/home/winter24/gcamp_ros2_ws/install/yolov8_ros:/home/winter24/gcamp_ros2_ws/install/tf2_web_republisher_py:/home/winter24/gcamp_ros2_ws/install/ball_tracker:/opt/ros/foxy /home/winter24/.local/bin/cmake --build /home/winter24/gcamp_ros2_ws/build/yolobot_description -- -j16 -l16
[2.580s] Invoked command in '/home/winter24/gcamp_ros2_ws/build/yolobot_description' returned '0': CMAKE_PREFIX_PATH=${CMAKE_PREFIX_PATH}:/home/winter24/gcamp_ros2_ws/install/yolov8_ros:/home/winter24/gcamp_ros2_ws/install/tf2_web_republisher_py:/home/winter24/gcamp_ros2_ws/install/ball_tracker:/opt/ros/foxy /home/winter24/.local/bin/cmake --build /home/winter24/gcamp_ros2_ws/build/yolobot_description -- -j16 -l16
[2.783s] Invoking command in '/home/winter24/gcamp_ros2_ws/build/yolobot_description': CMAKE_PREFIX_PATH=${CMAKE_PREFIX_PATH}:/home/winter24/gcamp_ros2_ws/install/yolov8_ros:/home/winter24/gcamp_ros2_ws/install/tf2_web_republisher_py:/home/winter24/gcamp_ros2_ws/install/ball_tracker:/opt/ros/foxy /home/winter24/.local/bin/cmake --install /home/winter24/gcamp_ros2_ws/build/yolobot_description
[2.801s] -- Install configuration: ""
[2.801s] -- Installing: /home/winter24/gcamp_ros2_ws/install/yolobot_description/share/yolobot_description//launch
[2.801s] -- Installing: /home/winter24/gcamp_ros2_ws/install/yolobot_description/share/yolobot_description//launch/spawn_yolobot.py
[2.802s] -- Installing: /home/winter24/gcamp_ros2_ws/install/yolobot_description/share/yolobot_description//launch/spawn_yolobot_launch.launch.py
[2.802s] -- Installing: /home/winter24/gcamp_ros2_ws/install/yolobot_description/share/yolobot_description//robot
[2.802s] -- Installing: /home/winter24/gcamp_ros2_ws/install/yolobot_description/share/yolobot_description//robot/yolobot.urdf
[2.802s] -- Installing: /home/winter24/gcamp_ros2_ws/install/yolobot_description/lib/yolobot_description/spawn_yolobot.py
[2.803s] -- Installing: /home/winter24/gcamp_ros2_ws/install/yolobot_description/share/ament_index/resource_index/package_run_dependencies/yolobot_description
[2.803s] -- Installing: /home/winter24/gcamp_ros2_ws/install/yolobot_description/share/ament_index/resource_index/parent_prefix_path/yolobot_description
[2.803s] -- Installing: /home/winter24/gcamp_ros2_ws/install/yolobot_description/share/yolobot_description/environment/ament_prefix_path.sh
[2.803s] -- Installing: /home/winter24/gcamp_ros2_ws/install/yolobot_description/share/yolobot_description/environment/ament_prefix_path.dsv
[2.803s] -- Installing: /home/winter24/gcamp_ros2_ws/install/yolobot_description/share/yolobot_description/environment/path.sh
[2.803s] -- Installing: /home/winter24/gcamp_ros2_ws/install/yolobot_description/share/yolobot_description/environment/path.dsv
[2.803s] -- Installing: /home/winter24/gcamp_ros2_ws/install/yolobot_description/share/yolobot_description/local_setup.bash
[2.803s] -- Installing: /home/winter24/gcamp_ros2_ws/install/yolobot_description/share/yolobot_description/local_setup.sh
[2.804s] -- Installing: /home/winter24/gcamp_ros2_ws/install/yolobot_description/share/yolobot_description/local_setup.zsh
[2.804s] -- Installing: /home/winter24/gcamp_ros2_ws/install/yolobot_description/share/yolobot_description/local_setup.dsv
[2.804s] -- Installing: /home/winter24/gcamp_ros2_ws/install/yolobot_description/share/yolobot_description/package.dsv
[2.804s] -- Installing: /home/winter24/gcamp_ros2_ws/install/yolobot_description/share/ament_index/resource_index/packages/yolobot_description
[2.804s] -- Installing: /home/winter24/gcamp_ros2_ws/install/yolobot_description/share/yolobot_description/cmake/yolobot_descriptionConfig.cmake
[2.804s] -- Installing: /home/winter24/gcamp_ros2_ws/install/yolobot_description/share/yolobot_description/cmake/yolobot_descriptionConfig-version.cmake
[2.804s] -- Installing: /home/winter24/gcamp_ros2_ws/install/yolobot_description/share/yolobot_description/package.xml
[2.931s] Invoked command in '/home/winter24/gcamp_ros2_ws/build/yolobot_description' returned '0': CMAKE_PREFIX_PATH=${CMAKE_PREFIX_PATH}:/home/winter24/gcamp_ros2_ws/install/yolov8_ros:/home/winter24/gcamp_ros2_ws/install/tf2_web_republisher_py:/home/winter24/gcamp_ros2_ws/install/ball_tracker:/opt/ros/foxy /home/winter24/.local/bin/cmake --install /home/winter24/gcamp_ros2_ws/build/yolobot_description
