[0.064s] Invoking command in '/home/winter24/gcamp_ros2_ws/build/velodyne_gazebo_plugins': CMAKE_PREFIX_PATH=${CMAKE_PREFIX_PATH}:/home/winter24/gcamp_ros2_ws/install/yolov8_ros:/home/winter24/gcamp_ros2_ws/install/tf2_web_republisher_py:/home/winter24/gcamp_ros2_ws/install/ball_tracker:/opt/ros/foxy /home/winter24/.local/bin/cmake /home/winter24/gcamp_ros2_ws/velodyne_simulator/velodyne_gazebo_plugins -DCMAKE_INSTALL_PREFIX=/home/winter24/gcamp_ros2_ws/install/velodyne_gazebo_plugins
[0.903s] [33mCMake Warning (dev) at /opt/ros/foxy/share/ament_cmake_core/cmake/core/python.cmake:22 (find_package):
[0.903s]   Policy CMP0148 is not set: The FindPythonInterp and FindPythonLibs modules
[0.903s]   are removed.  Run "cmake --help-policy CMP0148" for policy details.  Use
[0.903s]   the cmake_policy command to set the policy and suppress this warning.
[0.903s] 
[0.903s] Call Stack (most recent call first):
[0.903s]   /opt/ros/foxy/share/ament_cmake_core/cmake/core/all.cmake:53 (include)
[0.903s]   /opt/ros/foxy/share/ament_cmake_core/cmake/ament_cmake_core-extras.cmake:17 (include)
[0.903s]   /opt/ros/foxy/share/ament_cmake_core/cmake/ament_cmake_coreConfig.cmake:41 (include)
[0.904s]   /opt/ros/foxy/share/ament_cmake/cmake/ament_cmake_export_dependencies-extras.cmake:15 (find_package)
[0.904s]   /opt/ros/foxy/share/ament_cmake/cmake/ament_cmakeConfig.cmake:41 (include)
[0.904s]   CMakeLists.txt:13 (find_package)
[0.904s] This warning is for project developers.  Use -Wno-dev to suppress it.
[0.904s] [0m
[0.921s] -- The C compiler identification is GNU 11.4.0
[0.921s] -- The CXX compiler identification is GNU 9.4.0
[0.921s] -- Detecting C compiler ABI info
[0.922s] -- Detecting C compiler ABI info - done
[0.922s] -- Check for working C compiler: /usr/bin/cc - skipped
[0.922s] -- Detecting C compile features
[0.922s] -- Detecting C compile features - done
[0.922s] -- Detecting CXX compiler ABI info
[0.922s] -- Detecting CXX compiler ABI info - done
[0.922s] -- Check for working CXX compiler: /usr/bin/c++ - skipped
[0.922s] -- Detecting CXX compile features
[0.922s] -- Detecting CXX compile features - done
[0.922s] -- Found ament_cmake: 0.9.12 (/opt/ros/foxy/share/ament_cmake/cmake)
[0.922s] -- Found PythonInterp: /usr/bin/python3 (found suitable version "3.8.10", minimum required is "3") 
[0.922s] -- Using PYTHON_EXECUTABLE: /usr/bin/python3
[0.922s] -- Found gazebo_dev: 3.5.3 (/opt/ros/foxy/share/gazebo_dev/cmake)
[0.922s] -- Found PkgConfig: /usr/bin/pkg-config (found version "0.29.1") 
[0.922s] -- Checking for module 'bullet>=2.82'
[0.922s] --   Found bullet, version 2.88
[1.033s] -- Found ccd: /usr/include (found suitable version "2.0", minimum required is "2.0") 
[1.215s] -- Found fcl: /usr/include (found suitable version "0.5.0", minimum required is "0.3.2") 
[1.323s] -- Found assimp: /usr/include (found version "5.0.0") 
[1.371s] -- Found DART: /usr/include (Required is at least version "6.6") found components: dart 
[1.799s] -- Found Boost: /usr/lib/x86_64-linux-gnu/cmake/Boost-1.71.0/BoostConfig.cmake (found suitable version "1.71.0", minimum required is "1.40.0") found components: thread system filesystem program_options regex iostreams date_time 
[1.858s] -- Found Protobuf: /usr/lib/x86_64-linux-gnu/libprotobuf.so;-lpthread (found version "3.6.1") 
[1.871s] -- Looking for ignition-math6 -- found version 6.15.1
[1.886s] -- Searching for dependencies of ignition-math6
[1.889s] -- Looking for OGRE...
[1.890s] -- OGRE_PREFIX_WATCH changed.
[1.924s] -- Checking for module 'OGRE'
[2.003s] --   Found OGRE, version 1.9.0
[2.092s] -- Found Ogre Ghadamon (1.9.0)
[2.122s] -- Found OGRE: optimized;/usr/lib/x86_64-linux-gnu/libOgreMain.so;debug;/usr/lib/x86_64-linux-gnu/libOgreMain.so
[2.138s] -- Looking for OGRE_Paging...
[2.172s] -- Found OGRE_Paging: optimized;/usr/lib/x86_64-linux-gnu/libOgrePaging.so;debug;/usr/lib/x86_64-linux-gnu/libOgrePaging.so
[2.173s] -- Looking for OGRE_Terrain...
[2.196s] -- Found OGRE_Terrain: optimized;/usr/lib/x86_64-linux-gnu/libOgreTerrain.so;debug;/usr/lib/x86_64-linux-gnu/libOgreTerrain.so
[2.196s] -- Looking for OGRE_Property...
[2.233s] -- Found OGRE_Property: optimized;/usr/lib/x86_64-linux-gnu/libOgreProperty.so;debug;/usr/lib/x86_64-linux-gnu/libOgreProperty.so
[2.233s] -- Looking for OGRE_RTShaderSystem...
[2.257s] -- Found OGRE_RTShaderSystem: optimized;/usr/lib/x86_64-linux-gnu/libOgreRTShaderSystem.so;debug;/usr/lib/x86_64-linux-gnu/libOgreRTShaderSystem.so
[2.258s] -- Looking for OGRE_Volume...
[2.274s] -- Found OGRE_Volume: optimized;/usr/lib/x86_64-linux-gnu/libOgreVolume.so;debug;/usr/lib/x86_64-linux-gnu/libOgreVolume.so
[2.275s] -- Looking for OGRE_Overlay...
[2.293s] -- Found OGRE_Overlay: optimized;/usr/lib/x86_64-linux-gnu/libOgreOverlay.so;debug;/usr/lib/x86_64-linux-gnu/libOgreOverlay.so
[2.601s] -- Looking for ignition-math6 -- found version 6.15.1
[2.603s] -- Looking for ignition-transport8 -- found version 8.5.0
[2.604s] -- Searching for dependencies of ignition-transport8
[2.641s] -- Config-file not installed for ZeroMQ -- checking for pkg-config
[2.649s] -- Checking for module 'libzmq >= 4'
[2.669s] --   Found libzmq , version 4.3.2
[2.734s] -- Found ZeroMQ: TRUE (Required is at least version "4") 
[2.734s] -- Checking for module 'uuid'
[2.753s] --   Found uuid, version 2.34.0
[2.797s] -- Found UUID: TRUE  
[2.801s] -- Looking for ignition-msgs5 -- found version 5.11.0
[2.801s] -- Searching for dependencies of ignition-msgs5
[2.827s] -- Found Protobuf: /usr/lib/x86_64-linux-gnu/libprotobuf.so;-lpthread (found suitable version "3.6.1", minimum required is "3") 
[2.828s] -- Looking for ignition-math6 -- found version 6.15.1
[2.834s] -- Checking for module 'tinyxml2'
[2.864s] --   Found tinyxml2, version 6.2.0
[2.905s] -- Looking for ignition-msgs5 -- found version 5.11.0
[2.908s] -- Looking for ignition-common3 -- found version 3.17.0
[2.909s] -- Searching for dependencies of ignition-common3
[2.909s] -- Looking for dlfcn.h - found
[2.911s] -- Looking for libdl - found
[2.914s] -- Found DL: TRUE  
[2.927s] -- Searching for <ignition-common3> component [graphics]
[2.931s] -- Looking for ignition-common3-graphics -- found version 3.17.0
[2.931s] -- Searching for dependencies of ignition-common3-graphics
[2.932s] -- Looking for ignition-math6 -- found version 6.15.1
[2.937s] -- Looking for ignition-fuel_tools4 -- found version 4.9.1
[2.937s] -- Searching for dependencies of ignition-fuel_tools4
[3.045s] -- Found CURL: /usr/lib/x86_64-linux-gnu/libcurl.so (found version "7.68.0")  
[3.056s] -- Checking for module 'jsoncpp'
[3.074s] --   Found jsoncpp, version 1.7.4
[3.117s] -- Found JSONCPP: TRUE  
[3.128s] -- Checking for module 'libzip'
[3.147s] --   Found libzip, version 1.5.1
[3.197s] -- Found ZIP: TRUE  
[3.198s] -- Looking for ignition-common3 -- found version 3.17.0
[3.198s] -- Looking for ignition-math6 -- found version 6.15.1
[3.199s] -- Looking for ignition-msgs5 -- found version 5.11.0
[3.200s] -- Gazebo version: 11.14
[3.204s] -- Found gazebo_ros: 3.5.3 (/opt/ros/foxy/share/gazebo_ros/cmake)
[3.269s] -- Using all available rosidl_typesupport_c: rosidl_typesupport_fastrtps_c;rosidl_typesupport_introspection_c
[3.279s] -- Found rosidl_adapter: 1.3.1 (/opt/ros/foxy/share/rosidl_adapter/cmake)
[3.373s] -- Found OpenSSL: /usr/lib/x86_64-linux-gnu/libcrypto.so (found version "1.1.1f")  
[3.419s] -- Found FastRTPS: /opt/ros/foxy/include  
[3.546s] -- Using all available rosidl_typesupport_cpp: rosidl_typesupport_fastrtps_cpp;rosidl_typesupport_introspection_cpp
[3.634s] -- Found rmw_implementation_cmake: 1.0.4 (/opt/ros/foxy/share/rmw_implementation_cmake/cmake)
[3.636s] -- Using RMW implementation 'rmw_fastrtps_cpp' as default
[3.639s] -- Found Threads: TRUE  
[3.804s] -- Found gazebo_msgs: 3.5.3 (/opt/ros/foxy/share/gazebo_msgs/cmake)
[4.005s] -- Found sensor_msgs: 2.0.5 (/opt/ros/foxy/share/sensor_msgs/cmake)
[4.069s] -- Found tf2: 0.13.14 (/opt/ros/foxy/share/tf2/cmake)
[4.183s] -- Configuring done (4.1s)
[4.199s] -- Generating done (0.0s)
[4.201s] -- Build files have been written to: /home/winter24/gcamp_ros2_ws/build/velodyne_gazebo_plugins
[4.216s] Invoked command in '/home/winter24/gcamp_ros2_ws/build/velodyne_gazebo_plugins' returned '0': CMAKE_PREFIX_PATH=${CMAKE_PREFIX_PATH}:/home/winter24/gcamp_ros2_ws/install/yolov8_ros:/home/winter24/gcamp_ros2_ws/install/tf2_web_republisher_py:/home/winter24/gcamp_ros2_ws/install/ball_tracker:/opt/ros/foxy /home/winter24/.local/bin/cmake /home/winter24/gcamp_ros2_ws/velodyne_simulator/velodyne_gazebo_plugins -DCMAKE_INSTALL_PREFIX=/home/winter24/gcamp_ros2_ws/install/velodyne_gazebo_plugins
[4.218s] Invoking command in '/home/winter24/gcamp_ros2_ws/build/velodyne_gazebo_plugins': CMAKE_PREFIX_PATH=${CMAKE_PREFIX_PATH}:/home/winter24/gcamp_ros2_ws/install/yolov8_ros:/home/winter24/gcamp_ros2_ws/install/tf2_web_republisher_py:/home/winter24/gcamp_ros2_ws/install/ball_tracker:/opt/ros/foxy /home/winter24/.local/bin/cmake --build /home/winter24/gcamp_ros2_ws/build/velodyne_gazebo_plugins -- -j16 -l16
[4.261s] [ 50%] [32mBuilding CXX object CMakeFiles/gazebo_ros_velodyne_laser.dir/src/GazeboRosVelodyneLaser.cpp.o[0m
[12.436s] [100%] [32m[1mLinking CXX shared library libgazebo_ros_velodyne_laser.so[0m
[12.864s] [100%] Built target gazebo_ros_velodyne_laser
[12.871s] Invoked command in '/home/winter24/gcamp_ros2_ws/build/velodyne_gazebo_plugins' returned '0': CMAKE_PREFIX_PATH=${CMAKE_PREFIX_PATH}:/home/winter24/gcamp_ros2_ws/install/yolov8_ros:/home/winter24/gcamp_ros2_ws/install/tf2_web_republisher_py:/home/winter24/gcamp_ros2_ws/install/ball_tracker:/opt/ros/foxy /home/winter24/.local/bin/cmake --build /home/winter24/gcamp_ros2_ws/build/velodyne_gazebo_plugins -- -j16 -l16
[12.910s] Invoking command in '/home/winter24/gcamp_ros2_ws/build/velodyne_gazebo_plugins': CMAKE_PREFIX_PATH=${CMAKE_PREFIX_PATH}:/home/winter24/gcamp_ros2_ws/install/yolov8_ros:/home/winter24/gcamp_ros2_ws/install/tf2_web_republisher_py:/home/winter24/gcamp_ros2_ws/install/ball_tracker:/opt/ros/foxy /home/winter24/.local/bin/cmake --install /home/winter24/gcamp_ros2_ws/build/velodyne_gazebo_plugins
[12.931s] -- Install configuration: ""
[12.931s] -- Installing: /home/winter24/gcamp_ros2_ws/install/velodyne_gazebo_plugins/share/velodyne_gazebo_plugins/environment/library_path.sh
[12.931s] -- Installing: /home/winter24/gcamp_ros2_ws/install/velodyne_gazebo_plugins/share/velodyne_gazebo_plugins/environment/library_path.dsv
[12.931s] -- Installing: /home/winter24/gcamp_ros2_ws/install/velodyne_gazebo_plugins/share/ament_index/resource_index/package_run_dependencies/velodyne_gazebo_plugins
[12.931s] -- Installing: /home/winter24/gcamp_ros2_ws/install/velodyne_gazebo_plugins/share/ament_index/resource_index/parent_prefix_path/velodyne_gazebo_plugins
[12.932s] -- Installing: /home/winter24/gcamp_ros2_ws/install/velodyne_gazebo_plugins/share/velodyne_gazebo_plugins/environment/ament_prefix_path.sh
[12.932s] -- Installing: /home/winter24/gcamp_ros2_ws/install/velodyne_gazebo_plugins/share/velodyne_gazebo_plugins/environment/ament_prefix_path.dsv
[12.932s] -- Installing: /home/winter24/gcamp_ros2_ws/install/velodyne_gazebo_plugins/share/velodyne_gazebo_plugins/environment/path.sh
[12.932s] -- Installing: /home/winter24/gcamp_ros2_ws/install/velodyne_gazebo_plugins/share/velodyne_gazebo_plugins/environment/path.dsv
[12.932s] -- Installing: /home/winter24/gcamp_ros2_ws/install/velodyne_gazebo_plugins/share/velodyne_gazebo_plugins/local_setup.bash
[12.932s] -- Installing: /home/winter24/gcamp_ros2_ws/install/velodyne_gazebo_plugins/share/velodyne_gazebo_plugins/local_setup.sh
[12.932s] -- Installing: /home/winter24/gcamp_ros2_ws/install/velodyne_gazebo_plugins/share/velodyne_gazebo_plugins/local_setup.zsh
[12.932s] -- Installing: /home/winter24/gcamp_ros2_ws/install/velodyne_gazebo_plugins/share/velodyne_gazebo_plugins/local_setup.dsv
[12.932s] -- Installing: /home/winter24/gcamp_ros2_ws/install/velodyne_gazebo_plugins/share/velodyne_gazebo_plugins/package.dsv
[12.932s] -- Installing: /home/winter24/gcamp_ros2_ws/install/velodyne_gazebo_plugins/share/ament_index/resource_index/packages/velodyne_gazebo_plugins
[12.932s] -- Installing: /home/winter24/gcamp_ros2_ws/install/velodyne_gazebo_plugins/share/velodyne_gazebo_plugins/cmake/ament_cmake_export_libraries-extras.cmake
[12.932s] -- Installing: /home/winter24/gcamp_ros2_ws/install/velodyne_gazebo_plugins/share/velodyne_gazebo_plugins/cmake/ament_cmake_export_include_directories-extras.cmake
[12.932s] -- Installing: /home/winter24/gcamp_ros2_ws/install/velodyne_gazebo_plugins/share/velodyne_gazebo_plugins/cmake/ament_cmake_export_dependencies-extras.cmake
[12.932s] -- Installing: /home/winter24/gcamp_ros2_ws/install/velodyne_gazebo_plugins/share/velodyne_gazebo_plugins/cmake/velodyne_gazebo_pluginsConfig.cmake
[12.932s] -- Installing: /home/winter24/gcamp_ros2_ws/install/velodyne_gazebo_plugins/share/velodyne_gazebo_plugins/cmake/velodyne_gazebo_pluginsConfig-version.cmake
[12.932s] -- Installing: /home/winter24/gcamp_ros2_ws/install/velodyne_gazebo_plugins/share/velodyne_gazebo_plugins/package.xml
[12.932s] -- Installing: /home/winter24/gcamp_ros2_ws/install/velodyne_gazebo_plugins/include
[12.932s] -- Installing: /home/winter24/gcamp_ros2_ws/install/velodyne_gazebo_plugins/include/velodyne_gazebo_plugins
[12.932s] -- Installing: /home/winter24/gcamp_ros2_ws/install/velodyne_gazebo_plugins/include/velodyne_gazebo_plugins/GazeboRosVelodyneLaser.h
[12.933s] -- Installing: /home/winter24/gcamp_ros2_ws/install/velodyne_gazebo_plugins/lib/libgazebo_ros_velodyne_laser.so
[12.933s] -- Set runtime path of "/home/winter24/gcamp_ros2_ws/install/velodyne_gazebo_plugins/lib/libgazebo_ros_velodyne_laser.so" to ""
[12.938s] Invoked command in '/home/winter24/gcamp_ros2_ws/build/velodyne_gazebo_plugins' returned '0': CMAKE_PREFIX_PATH=${CMAKE_PREFIX_PATH}:/home/winter24/gcamp_ros2_ws/install/yolov8_ros:/home/winter24/gcamp_ros2_ws/install/tf2_web_republisher_py:/home/winter24/gcamp_ros2_ws/install/ball_tracker:/opt/ros/foxy /home/winter24/.local/bin/cmake --install /home/winter24/gcamp_ros2_ws/build/velodyne_gazebo_plugins
