[1.161s] Invoking command in '/home/winter24/gcamp_ros2_ws/build/openslam_gmapping': CMAKE_PREFIX_PATH=${CMAKE_PREFIX_PATH}:/home/winter24/gcamp_ros2_ws/install/yolov8_ros:/home/winter24/gcamp_ros2_ws/install/tf2_web_republisher_py:/home/winter24/gcamp_ros2_ws/install/ball_tracker:/opt/ros/foxy /home/winter24/.local/bin/cmake /home/winter24/gcamp_ros2_ws/slam_gmapping/openslam_gmapping -DCMAKE_INSTALL_PREFIX=/home/winter24/gcamp_ros2_ws/install/openslam_gmapping
[1.886s] -- The C compiler identification is GNU 11.4.0
[1.887s] -- The CXX compiler identification is GNU 9.4.0
[1.888s] -- Detecting C compiler ABI info
[1.888s] -- Detecting C compiler ABI info - done
[1.888s] -- Check for working C compiler: /usr/bin/cc - skipped
[1.889s] -- Detecting C compile features
[1.889s] -- Detecting C compile features - done
[1.889s] -- Detecting CXX compiler ABI info
[1.889s] -- Detecting CXX compiler ABI info - done
[1.890s] -- Check for working CXX compiler: /usr/bin/c++ - skipped
[1.890s] -- Detecting CXX compile features
[1.890s] -- Detecting CXX compile features - done
[1.890s] -- Found ament_cmake: 0.9.12 (/opt/ros/foxy/share/ament_cmake/cmake)
[1.890s] -- Found PythonInterp: /usr/bin/python3 (found suitable version "3.8.10", minimum required is "3") 
[1.890s] -- Using PYTHON_EXECUTABLE: /usr/bin/python3
[1.890s] -- Configuring done (0.3s)
[1.890s] -- Generating done (0.0s)
[1.890s] -- Build files have been written to: /home/winter24/gcamp_ros2_ws/build/openslam_gmapping
[1.891s] [33mCMake Warning (dev) at /opt/ros/foxy/share/ament_cmake_core/cmake/core/python.cmake:22 (find_package):
[1.891s]   Policy CMP0148 is not set: The FindPythonInterp and FindPythonLibs modules
[1.891s]   are removed.  Run "cmake --help-policy CMP0148" for policy details.  Use
[1.891s]   the cmake_policy command to set the policy and suppress this warning.
[1.891s] 
[1.891s] Call Stack (most recent call first):
[1.891s]   /opt/ros/foxy/share/ament_cmake_core/cmake/core/all.cmake:53 (include)
[1.891s]   /opt/ros/foxy/share/ament_cmake_core/cmake/ament_cmake_core-extras.cmake:17 (include)
[1.891s]   /opt/ros/foxy/share/ament_cmake_core/cmake/ament_cmake_coreConfig.cmake:41 (include)
[1.892s]   /opt/ros/foxy/share/ament_cmake/cmake/ament_cmake_export_dependencies-extras.cmake:15 (find_package)
[1.892s]   /opt/ros/foxy/share/ament_cmake/cmake/ament_cmakeConfig.cmake:41 (include)
[1.892s]   CMakeLists.txt:19 (find_package)
[1.892s] This warning is for project developers.  Use -Wno-dev to suppress it.
[1.892s] [0m
[1.916s] Invoked command in '/home/winter24/gcamp_ros2_ws/build/openslam_gmapping' returned '0': CMAKE_PREFIX_PATH=${CMAKE_PREFIX_PATH}:/home/winter24/gcamp_ros2_ws/install/yolov8_ros:/home/winter24/gcamp_ros2_ws/install/tf2_web_republisher_py:/home/winter24/gcamp_ros2_ws/install/ball_tracker:/opt/ros/foxy /home/winter24/.local/bin/cmake /home/winter24/gcamp_ros2_ws/slam_gmapping/openslam_gmapping -DCMAKE_INSTALL_PREFIX=/home/winter24/gcamp_ros2_ws/install/openslam_gmapping
[1.917s] Invoking command in '/home/winter24/gcamp_ros2_ws/build/openslam_gmapping': CMAKE_PREFIX_PATH=${CMAKE_PREFIX_PATH}:/home/winter24/gcamp_ros2_ws/install/yolov8_ros:/home/winter24/gcamp_ros2_ws/install/tf2_web_republisher_py:/home/winter24/gcamp_ros2_ws/install/ball_tracker:/opt/ros/foxy /home/winter24/.local/bin/cmake --build /home/winter24/gcamp_ros2_ws/build/openslam_gmapping -- -j16 -l16
[2.810s] [  4%] [32mBuilding CXX object utils/CMakeFiles/utils.dir/movement.cpp.o[0m
[2.811s] [  9%] [32mBuilding CXX object utils/CMakeFiles/utils.dir/stat.cpp.o[0m
[2.812s] [ 13%] [32mBuilding CXX object sensor/sensor_base/CMakeFiles/sensor_base.dir/sensor.cpp.o[0m
[2.812s] [ 18%] [32mBuilding CXX object sensor/sensor_base/CMakeFiles/sensor_base.dir/sensorreading.cpp.o[0m
[2.812s] [ 22%] [32m[1mLinking CXX static library libsensor_base.a[0m
[2.812s] [ 22%] Built target sensor_base
[2.812s] [ 27%] [32mBuilding CXX object sensor/sensor_odometry/CMakeFiles/sensor_odometry.dir/odometryreading.cpp.o[0m
[2.812s] [ 31%] [32mBuilding CXX object sensor/sensor_odometry/CMakeFiles/sensor_odometry.dir/odometrysensor.cpp.o[0m
[2.812s] [ 36%] [32mBuilding CXX object sensor/sensor_range/CMakeFiles/sensor_range.dir/rangereading.cpp.o[0m
[2.812s] [ 40%] [32mBuilding CXX object sensor/sensor_range/CMakeFiles/sensor_range.dir/rangesensor.cpp.o[0m
[2.812s] [ 45%] [32m[1mLinking CXX static library libutils.a[0m
[2.813s] [ 45%] Built target utils
[2.850s] [ 50%] [32m[1mLinking CXX static library libsensor_odometry.a[0m
[2.876s] [ 50%] Built target sensor_odometry
[2.885s] [ 54%] [32m[1mLinking CXX static library libsensor_range.a[0m
[2.902s] [ 54%] Built target sensor_range
[2.910s] [ 59%] [32mBuilding CXX object scanmatcher/CMakeFiles/scanmatcher.dir/eig3.cpp.o[0m
[2.910s] [ 63%] [32mBuilding CXX object scanmatcher/CMakeFiles/scanmatcher.dir/scanmatcherprocessor.cpp.o[0m
[2.911s] [ 68%] [32mBuilding CXX object scanmatcher/CMakeFiles/scanmatcher.dir/scanmatcher.cpp.o[0m
[2.911s] [ 72%] [32mBuilding CXX object scanmatcher/CMakeFiles/scanmatcher.dir/smmap.cpp.o[0m
[3.927s] [ 77%] [32m[1mLinking CXX static library libscanmatcher.a[0m
[3.937s] [ 77%] Built target scanmatcher
[3.943s] [ 81%] [32mBuilding CXX object gridfastslam/CMakeFiles/gridfastslam.dir/gfsreader.cpp.o[0m
[3.943s] [ 86%] [32mBuilding CXX object gridfastslam/CMakeFiles/gridfastslam.dir/gridslamprocessor.cpp.o[0m
[3.943s] [ 90%] [32mBuilding CXX object gridfastslam/CMakeFiles/gridfastslam.dir/gridslamprocessor_tree.cpp.o[0m
[3.943s] [ 95%] [32mBuilding CXX object gridfastslam/CMakeFiles/gridfastslam.dir/motionmodel.cpp.o[0m
[5.397s] [100%] [32m[1mLinking CXX static library libgridfastslam.a[0m
[5.409s] [100%] Built target gridfastslam
[5.580s] Invoked command in '/home/winter24/gcamp_ros2_ws/build/openslam_gmapping' returned '0': CMAKE_PREFIX_PATH=${CMAKE_PREFIX_PATH}:/home/winter24/gcamp_ros2_ws/install/yolov8_ros:/home/winter24/gcamp_ros2_ws/install/tf2_web_republisher_py:/home/winter24/gcamp_ros2_ws/install/ball_tracker:/opt/ros/foxy /home/winter24/.local/bin/cmake --build /home/winter24/gcamp_ros2_ws/build/openslam_gmapping -- -j16 -l16
[5.654s] Invoking command in '/home/winter24/gcamp_ros2_ws/build/openslam_gmapping': CMAKE_PREFIX_PATH=${CMAKE_PREFIX_PATH}:/home/winter24/gcamp_ros2_ws/install/yolov8_ros:/home/winter24/gcamp_ros2_ws/install/tf2_web_republisher_py:/home/winter24/gcamp_ros2_ws/install/ball_tracker:/opt/ros/foxy /home/winter24/.local/bin/cmake --install /home/winter24/gcamp_ros2_ws/build/openslam_gmapping
[5.725s] -- Install configuration: ""
[5.726s] -- Installing: /home/winter24/gcamp_ros2_ws/install/openslam_gmapping/share/openslam_gmapping/environment/library_path.sh
[5.728s] -- Installing: /home/winter24/gcamp_ros2_ws/install/openslam_gmapping/share/openslam_gmapping/environment/library_path.dsv
[5.729s] -- Installing: /home/winter24/gcamp_ros2_ws/install/openslam_gmapping/include/
[5.729s] -- Installing: /home/winter24/gcamp_ros2_ws/install/openslam_gmapping/include//gmapping
[5.729s] -- Installing: /home/winter24/gcamp_ros2_ws/install/openslam_gmapping/include//gmapping/sensor
[5.730s] -- Installing: /home/winter24/gcamp_ros2_ws/install/openslam_gmapping/include//gmapping/sensor/sensor_odometry
[5.730s] -- Installing: /home/winter24/gcamp_ros2_ws/install/openslam_gmapping/include//gmapping/sensor/sensor_odometry/odometryreading.h
[5.732s] -- Installing: /home/winter24/gcamp_ros2_ws/install/openslam_gmapping/include//gmapping/sensor/sensor_odometry/odometrysensor.h
[5.734s] -- Installing: /home/winter24/gcamp_ros2_ws/install/openslam_gmapping/include//gmapping/sensor/sensor_base
[5.734s] -- Installing: /home/winter24/gcamp_ros2_ws/install/openslam_gmapping/include//gmapping/sensor/sensor_base/sensor.h
[5.734s] -- Installing: /home/winter24/gcamp_ros2_ws/install/openslam_gmapping/include//gmapping/sensor/sensor_base/sensorreading.h
[5.735s] -- Installing: /home/winter24/gcamp_ros2_ws/install/openslam_gmapping/include//gmapping/sensor/sensor_range
[5.736s] -- Installing: /home/winter24/gcamp_ros2_ws/install/openslam_gmapping/include//gmapping/sensor/sensor_range/rangereading.h
[5.738s] -- Installing: /home/winter24/gcamp_ros2_ws/install/openslam_gmapping/include//gmapping/sensor/sensor_range/rangesensor.h
[5.739s] -- Installing: /home/winter24/gcamp_ros2_ws/install/openslam_gmapping/include//gmapping/gridfastslam
[5.739s] -- Installing: /home/winter24/gcamp_ros2_ws/install/openslam_gmapping/include//gmapping/gridfastslam/gridslamprocessor.hxx
[5.740s] -- Installing: /home/winter24/gcamp_ros2_ws/install/openslam_gmapping/include//gmapping/gridfastslam/motionmodel.h
[5.741s] -- Installing: /home/winter24/gcamp_ros2_ws/install/openslam_gmapping/include//gmapping/gridfastslam/gridslamprocessor.h
[5.743s] -- Installing: /home/winter24/gcamp_ros2_ws/install/openslam_gmapping/include//gmapping/grid
[5.745s] -- Installing: /home/winter24/gcamp_ros2_ws/install/openslam_gmapping/include//gmapping/grid/array2d.h
[5.745s] -- Installing: /home/winter24/gcamp_ros2_ws/install/openslam_gmapping/include//gmapping/grid/harray2d.h
[5.745s] -- Installing: /home/winter24/gcamp_ros2_ws/install/openslam_gmapping/include//gmapping/grid/accessstate.h
[5.746s] -- Installing: /home/winter24/gcamp_ros2_ws/install/openslam_gmapping/include//gmapping/grid/map.h
[5.747s] -- Installing: /home/winter24/gcamp_ros2_ws/install/openslam_gmapping/include//gmapping/scanmatcher
[5.747s] -- Installing: /home/winter24/gcamp_ros2_ws/install/openslam_gmapping/include//gmapping/scanmatcher/icp.h
[5.748s] -- Installing: /home/winter24/gcamp_ros2_ws/install/openslam_gmapping/include//gmapping/scanmatcher/smmap.h
[5.749s] -- Installing: /home/winter24/gcamp_ros2_ws/install/openslam_gmapping/include//gmapping/scanmatcher/scanmatcher.h
[5.751s] -- Installing: /home/winter24/gcamp_ros2_ws/install/openslam_gmapping/include//gmapping/particlefilter
[5.751s] -- Installing: /home/winter24/gcamp_ros2_ws/install/openslam_gmapping/include//gmapping/particlefilter/particlefilter.h
[5.752s] -- Installing: /home/winter24/gcamp_ros2_ws/install/openslam_gmapping/include//gmapping/log
[5.753s] -- Installing: /home/winter24/gcamp_ros2_ws/install/openslam_gmapping/include//gmapping/log/configuration.h
[5.753s] -- Installing: /home/winter24/gcamp_ros2_ws/install/openslam_gmapping/include//gmapping/log/sensorlog.h
[5.755s] -- Installing: /home/winter24/gcamp_ros2_ws/install/openslam_gmapping/include//gmapping/utils
[5.755s] -- Installing: /home/winter24/gcamp_ros2_ws/install/openslam_gmapping/include//gmapping/utils/gvalues.h
[5.756s] -- Installing: /home/winter24/gcamp_ros2_ws/install/openslam_gmapping/include//gmapping/utils/commandline.h
[5.757s] -- Installing: /home/winter24/gcamp_ros2_ws/install/openslam_gmapping/include//gmapping/utils/autoptr.h
[5.758s] -- Installing: /home/winter24/gcamp_ros2_ws/install/openslam_gmapping/include//gmapping/utils/macro_params.h
[5.760s] -- Installing: /home/winter24/gcamp_ros2_ws/install/openslam_gmapping/include//gmapping/utils/point.h
[5.760s] -- Installing: /home/winter24/gcamp_ros2_ws/install/openslam_gmapping/include//gmapping/utils/stat.h
[5.760s] -- Installing: /home/winter24/gcamp_ros2_ws/install/openslam_gmapping/share/ament_index/resource_index/package_run_dependencies/openslam_gmapping
[5.760s] -- Installing: /home/winter24/gcamp_ros2_ws/install/openslam_gmapping/share/ament_index/resource_index/parent_prefix_path/openslam_gmapping
[5.760s] -- Installing: /home/winter24/gcamp_ros2_ws/install/openslam_gmapping/share/openslam_gmapping/environment/ament_prefix_path.sh
[5.760s] -- Installing: /home/winter24/gcamp_ros2_ws/install/openslam_gmapping/share/openslam_gmapping/environment/ament_prefix_path.dsv
[5.760s] -- Installing: /home/winter24/gcamp_ros2_ws/install/openslam_gmapping/share/openslam_gmapping/environment/path.sh
[5.761s] -- Installing: /home/winter24/gcamp_ros2_ws/install/openslam_gmapping/share/openslam_gmapping/environment/path.dsv
[5.761s] -- Installing: /home/winter24/gcamp_ros2_ws/install/openslam_gmapping/share/openslam_gmapping/local_setup.bash
[5.761s] -- Installing: /home/winter24/gcamp_ros2_ws/install/openslam_gmapping/share/openslam_gmapping/local_setup.sh
[5.761s] -- Installing: /home/winter24/gcamp_ros2_ws/install/openslam_gmapping/share/openslam_gmapping/local_setup.zsh
[5.761s] -- Installing: /home/winter24/gcamp_ros2_ws/install/openslam_gmapping/share/openslam_gmapping/local_setup.dsv
[5.761s] -- Installing: /home/winter24/gcamp_ros2_ws/install/openslam_gmapping/share/openslam_gmapping/package.dsv
[5.762s] -- Installing: /home/winter24/gcamp_ros2_ws/install/openslam_gmapping/share/ament_index/resource_index/packages/openslam_gmapping
[5.762s] -- Installing: /home/winter24/gcamp_ros2_ws/install/openslam_gmapping/share/openslam_gmapping/cmake/ament_cmake_export_libraries-extras.cmake
[5.762s] -- Installing: /home/winter24/gcamp_ros2_ws/install/openslam_gmapping/share/openslam_gmapping/cmake/ament_cmake_export_include_directories-extras.cmake
[5.762s] -- Installing: /home/winter24/gcamp_ros2_ws/install/openslam_gmapping/share/openslam_gmapping/cmake/openslam_gmappingConfig.cmake
[5.762s] -- Installing: /home/winter24/gcamp_ros2_ws/install/openslam_gmapping/share/openslam_gmapping/cmake/openslam_gmappingConfig-version.cmake
[5.762s] -- Installing: /home/winter24/gcamp_ros2_ws/install/openslam_gmapping/share/openslam_gmapping/package.xml
[5.763s] -- Installing: /home/winter24/gcamp_ros2_ws/install/openslam_gmapping/lib/libgridfastslam.a
[5.763s] -- Installing: /home/winter24/gcamp_ros2_ws/install/openslam_gmapping/lib/libscanmatcher.a
[5.763s] -- Up-to-date: /home/winter24/gcamp_ros2_ws/install/openslam_gmapping/share/openslam_gmapping/environment/library_path.sh
[5.763s] -- Up-to-date: /home/winter24/gcamp_ros2_ws/install/openslam_gmapping/share/openslam_gmapping/environment/library_path.dsv
[5.764s] -- Installing: /home/winter24/gcamp_ros2_ws/install/openslam_gmapping/lib/libsensor_base.a
[5.764s] -- Up-to-date: /home/winter24/gcamp_ros2_ws/install/openslam_gmapping/share/openslam_gmapping/environment/library_path.sh
[5.764s] -- Up-to-date: /home/winter24/gcamp_ros2_ws/install/openslam_gmapping/share/openslam_gmapping/environment/library_path.dsv
[5.764s] -- Installing: /home/winter24/gcamp_ros2_ws/install/openslam_gmapping/lib/libsensor_odometry.a
[5.764s] -- Installing: /home/winter24/gcamp_ros2_ws/install/openslam_gmapping/lib/libsensor_range.a
[5.765s] -- Installing: /home/winter24/gcamp_ros2_ws/install/openslam_gmapping/lib/libutils.a
[5.765s] -- Up-to-date: /home/winter24/gcamp_ros2_ws/install/openslam_gmapping/share/openslam_gmapping/environment/library_path.sh
[5.765s] -- Up-to-date: /home/winter24/gcamp_ros2_ws/install/openslam_gmapping/share/openslam_gmapping/environment/library_path.dsv
[5.952s] Invoked command in '/home/winter24/gcamp_ros2_ws/build/openslam_gmapping' returned '0': CMAKE_PREFIX_PATH=${CMAKE_PREFIX_PATH}:/home/winter24/gcamp_ros2_ws/install/yolov8_ros:/home/winter24/gcamp_ros2_ws/install/tf2_web_republisher_py:/home/winter24/gcamp_ros2_ws/install/ball_tracker:/opt/ros/foxy /home/winter24/.local/bin/cmake --install /home/winter24/gcamp_ros2_ws/build/openslam_gmapping
