[1.146s] Invoking command in '/home/winter24/gcamp_ros2_ws/build/slam_gmapping': CMAKE_PREFIX_PATH=/home/winter24/gcamp_ros2_ws/install/openslam_gmapping:/home/winter24/gcamp_ros2_ws/install/yolov8_bringup:/home/winter24/gcamp_ros2_ws/install/yolov8_msgs:/home/winter24/gcamp_ros2_ws/install/yolobot_recognition:/home/winter24/gcamp_ros2_ws/install/yolobot_gazebo:/home/winter24/gcamp_ros2_ws/install/yolobot_description:/home/winter24/gcamp_ros2_ws/install/yolobot_control:/home/winter24/gcamp_ros2_ws/install/tf2_web_republisher:/home/winter24/gcamp_ros2_ws/install/slam_gmapping:/home/winter24/gcamp_ros2_ws/install/robot_pose_publisher_ros2:/home/winter24/gcamp_ros2_ws/install/mpu6050driver:/home/winter24/gcamp_ros2_ws/install/gcamp_gazebo:/home/winter24/gcamp_ros2_ws/install/gazebo_mecanum_plugins:/home/winter24/gcamp_ros2_ws/install/aws_robomaker_small_warehouse_world:/home/winter24/gcamp_ros2_ws/install/yolov8_ros:/home/winter24/gcamp_ros2_ws/install/tf2_web_republisher_py:/home/winter24/gcamp_ros2_ws/install/ball_tracker:/opt/ros/foxy /home/winter24/.local/bin/cmake --build /home/winter24/gcamp_ros2_ws/build/slam_gmapping -- -j16 -l16
[1.184s] [100%] Built target slam_gmapping
[1.284s] Invoked command in '/home/winter24/gcamp_ros2_ws/build/slam_gmapping' returned '0': CMAKE_PREFIX_PATH=/home/winter24/gcamp_ros2_ws/install/openslam_gmapping:/home/winter24/gcamp_ros2_ws/install/yolov8_bringup:/home/winter24/gcamp_ros2_ws/install/yolov8_msgs:/home/winter24/gcamp_ros2_ws/install/yolobot_recognition:/home/winter24/gcamp_ros2_ws/install/yolobot_gazebo:/home/winter24/gcamp_ros2_ws/install/yolobot_description:/home/winter24/gcamp_ros2_ws/install/yolobot_control:/home/winter24/gcamp_ros2_ws/install/tf2_web_republisher:/home/winter24/gcamp_ros2_ws/install/slam_gmapping:/home/winter24/gcamp_ros2_ws/install/robot_pose_publisher_ros2:/home/winter24/gcamp_ros2_ws/install/mpu6050driver:/home/winter24/gcamp_ros2_ws/install/gcamp_gazebo:/home/winter24/gcamp_ros2_ws/install/gazebo_mecanum_plugins:/home/winter24/gcamp_ros2_ws/install/aws_robomaker_small_warehouse_world:/home/winter24/gcamp_ros2_ws/install/yolov8_ros:/home/winter24/gcamp_ros2_ws/install/tf2_web_republisher_py:/home/winter24/gcamp_ros2_ws/install/ball_tracker:/opt/ros/foxy /home/winter24/.local/bin/cmake --build /home/winter24/gcamp_ros2_ws/build/slam_gmapping -- -j16 -l16
[1.316s] Invoking command in '/home/winter24/gcamp_ros2_ws/build/slam_gmapping': CMAKE_PREFIX_PATH=/home/winter24/gcamp_ros2_ws/install/openslam_gmapping:/home/winter24/gcamp_ros2_ws/install/yolov8_bringup:/home/winter24/gcamp_ros2_ws/install/yolov8_msgs:/home/winter24/gcamp_ros2_ws/install/yolobot_recognition:/home/winter24/gcamp_ros2_ws/install/yolobot_gazebo:/home/winter24/gcamp_ros2_ws/install/yolobot_description:/home/winter24/gcamp_ros2_ws/install/yolobot_control:/home/winter24/gcamp_ros2_ws/install/tf2_web_republisher:/home/winter24/gcamp_ros2_ws/install/slam_gmapping:/home/winter24/gcamp_ros2_ws/install/robot_pose_publisher_ros2:/home/winter24/gcamp_ros2_ws/install/mpu6050driver:/home/winter24/gcamp_ros2_ws/install/gcamp_gazebo:/home/winter24/gcamp_ros2_ws/install/gazebo_mecanum_plugins:/home/winter24/gcamp_ros2_ws/install/aws_robomaker_small_warehouse_world:/home/winter24/gcamp_ros2_ws/install/yolov8_ros:/home/winter24/gcamp_ros2_ws/install/tf2_web_republisher_py:/home/winter24/gcamp_ros2_ws/install/ball_tracker:/opt/ros/foxy /home/winter24/.local/bin/cmake --install /home/winter24/gcamp_ros2_ws/build/slam_gmapping
[1.334s] -- Install configuration: ""
[1.335s] -- Up-to-date: /home/winter24/gcamp_ros2_ws/install/slam_gmapping/lib/slam_gmapping/slam_gmapping
[1.335s] -- Up-to-date: /home/winter24/gcamp_ros2_ws/install/slam_gmapping/share/slam_gmapping/launch
[1.335s] -- Up-to-date: /home/winter24/gcamp_ros2_ws/install/slam_gmapping/share/slam_gmapping/launch/slam_gmapping.launch.py
[1.336s] -- Up-to-date: /home/winter24/gcamp_ros2_ws/install/slam_gmapping/share/ament_index/resource_index/package_run_dependencies/slam_gmapping
[1.336s] -- Up-to-date: /home/winter24/gcamp_ros2_ws/install/slam_gmapping/share/ament_index/resource_index/parent_prefix_path/slam_gmapping
[1.336s] -- Up-to-date: /home/winter24/gcamp_ros2_ws/install/slam_gmapping/share/slam_gmapping/environment/ament_prefix_path.sh
[1.336s] -- Up-to-date: /home/winter24/gcamp_ros2_ws/install/slam_gmapping/share/slam_gmapping/environment/ament_prefix_path.dsv
[1.336s] -- Up-to-date: /home/winter24/gcamp_ros2_ws/install/slam_gmapping/share/slam_gmapping/environment/path.sh
[1.336s] -- Up-to-date: /home/winter24/gcamp_ros2_ws/install/slam_gmapping/share/slam_gmapping/environment/path.dsv
[1.336s] -- Up-to-date: /home/winter24/gcamp_ros2_ws/install/slam_gmapping/share/slam_gmapping/local_setup.bash
[1.336s] -- Up-to-date: /home/winter24/gcamp_ros2_ws/install/slam_gmapping/share/slam_gmapping/local_setup.sh
[1.336s] -- Up-to-date: /home/winter24/gcamp_ros2_ws/install/slam_gmapping/share/slam_gmapping/local_setup.zsh
[1.336s] -- Up-to-date: /home/winter24/gcamp_ros2_ws/install/slam_gmapping/share/slam_gmapping/local_setup.dsv
[1.337s] -- Installing: /home/winter24/gcamp_ros2_ws/install/slam_gmapping/share/slam_gmapping/package.dsv
[1.337s] -- Up-to-date: /home/winter24/gcamp_ros2_ws/install/slam_gmapping/share/ament_index/resource_index/packages/slam_gmapping
[1.337s] -- Up-to-date: /home/winter24/gcamp_ros2_ws/install/slam_gmapping/share/slam_gmapping/cmake/slam_gmappingConfig.cmake
[1.337s] -- Up-to-date: /home/winter24/gcamp_ros2_ws/install/slam_gmapping/share/slam_gmapping/cmake/slam_gmappingConfig-version.cmake
[1.337s] -- Up-to-date: /home/winter24/gcamp_ros2_ws/install/slam_gmapping/share/slam_gmapping/package.xml
[1.340s] Invoked command in '/home/winter24/gcamp_ros2_ws/build/slam_gmapping' returned '0': CMAKE_PREFIX_PATH=/home/winter24/gcamp_ros2_ws/install/openslam_gmapping:/home/winter24/gcamp_ros2_ws/install/yolov8_bringup:/home/winter24/gcamp_ros2_ws/install/yolov8_msgs:/home/winter24/gcamp_ros2_ws/install/yolobot_recognition:/home/winter24/gcamp_ros2_ws/install/yolobot_gazebo:/home/winter24/gcamp_ros2_ws/install/yolobot_description:/home/winter24/gcamp_ros2_ws/install/yolobot_control:/home/winter24/gcamp_ros2_ws/install/tf2_web_republisher:/home/winter24/gcamp_ros2_ws/install/slam_gmapping:/home/winter24/gcamp_ros2_ws/install/robot_pose_publisher_ros2:/home/winter24/gcamp_ros2_ws/install/mpu6050driver:/home/winter24/gcamp_ros2_ws/install/gcamp_gazebo:/home/winter24/gcamp_ros2_ws/install/gazebo_mecanum_plugins:/home/winter24/gcamp_ros2_ws/install/aws_robomaker_small_warehouse_world:/home/winter24/gcamp_ros2_ws/install/yolov8_ros:/home/winter24/gcamp_ros2_ws/install/tf2_web_republisher_py:/home/winter24/gcamp_ros2_ws/install/ball_tracker:/opt/ros/foxy /home/winter24/.local/bin/cmake --install /home/winter24/gcamp_ros2_ws/build/slam_gmapping
