-- Install configuration: ""
-- Up-to-date: /home/winter24/gcamp_ros2_ws/install/tarkbot_description/share/tarkbot_description/launch
-- Up-to-date: /home/winter24/gcamp_ros2_ws/install/tarkbot_description/share/tarkbot_description/launch/model.launch.py
-- Up-to-date: /home/winter24/gcamp_ros2_ws/install/tarkbot_description/share/tarkbot_description/urdf
-- Up-to-date: /home/winter24/gcamp_ros2_ws/install/tarkbot_description/share/tarkbot_description/urdf/tarkbot_r10_mec.urdf
-- Up-to-date: /home/winter24/gcamp_ros2_ws/install/tarkbot_description/share/tarkbot_description/urdf/tarkbot_r20_fwd.urdf
-- Up-to-date: /home/winter24/gcamp_ros2_ws/install/tarkbot_description/share/tarkbot_description/urdf/tarkbot_r20_mec.urdf
-- Up-to-date: /home/winter24/gcamp_ros2_ws/install/tarkbot_description/share/tarkbot_description/urdf/tarkbot_r20_akm.urdf
-- Up-to-date: /home/winter24/gcamp_ros2_ws/install/tarkbot_description/share/tarkbot_description/urdf/tarkbot_r10_akm.urdf
-- Up-to-date: /home/winter24/gcamp_ros2_ws/install/tarkbot_description/share/tarkbot_description/urdf/tarkbot_r10_fwd.urdf
-- Up-to-date: /home/winter24/gcamp_ros2_ws/install/tarkbot_description/share/tarkbot_description/urdf/tarkbot_r10_omni.urdf
-- Up-to-date: /home/winter24/gcamp_ros2_ws/install/tarkbot_description/share/tarkbot_description/urdf/tarkbot_r10_twd.urdf
-- Up-to-date: /home/winter24/gcamp_ros2_ws/install/tarkbot_description/share/tarkbot_description/meshes
-- Up-to-date: /home/winter24/gcamp_ros2_ws/install/tarkbot_description/share/tarkbot_description/meshes/base_r20_fwd.stl
-- Up-to-date: /home/winter24/gcamp_ros2_ws/install/tarkbot_description/share/tarkbot_description/meshes/laser.stl
-- Up-to-date: /home/winter24/gcamp_ros2_ws/install/tarkbot_description/share/tarkbot_description/meshes/depthcamera.stl
-- Up-to-date: /home/winter24/gcamp_ros2_ws/install/tarkbot_description/share/tarkbot_description/meshes/base_r10_akm.stl
-- Up-to-date: /home/winter24/gcamp_ros2_ws/install/tarkbot_description/share/tarkbot_description/meshes/base_r20_akm.stl
-- Up-to-date: /home/winter24/gcamp_ros2_ws/install/tarkbot_description/share/tarkbot_description/meshes/base_r20_mec.stl
-- Up-to-date: /home/winter24/gcamp_ros2_ws/install/tarkbot_description/share/tarkbot_description/meshes/base_r10_twd.stl
-- Up-to-date: /home/winter24/gcamp_ros2_ws/install/tarkbot_description/share/tarkbot_description/meshes/base_r10_omni.stl
-- Up-to-date: /home/winter24/gcamp_ros2_ws/install/tarkbot_description/share/tarkbot_description/meshes/base_r10_mec.stl
-- Up-to-date: /home/winter24/gcamp_ros2_ws/install/tarkbot_description/share/tarkbot_description/meshes/base_r10_fwd.stl
-- Up-to-date: /home/winter24/gcamp_ros2_ws/install/tarkbot_description/share/ament_index/resource_index/package_run_dependencies/tarkbot_description
-- Up-to-date: /home/winter24/gcamp_ros2_ws/install/tarkbot_description/share/ament_index/resource_index/parent_prefix_path/tarkbot_description
-- Up-to-date: /home/winter24/gcamp_ros2_ws/install/tarkbot_description/share/tarkbot_description/environment/ament_prefix_path.sh
-- Up-to-date: /home/winter24/gcamp_ros2_ws/install/tarkbot_description/share/tarkbot_description/environment/ament_prefix_path.dsv
-- Up-to-date: /home/winter24/gcamp_ros2_ws/install/tarkbot_description/share/tarkbot_description/environment/path.sh
-- Up-to-date: /home/winter24/gcamp_ros2_ws/install/tarkbot_description/share/tarkbot_description/environment/path.dsv
-- Up-to-date: /home/winter24/gcamp_ros2_ws/install/tarkbot_description/share/tarkbot_description/local_setup.bash
-- Up-to-date: /home/winter24/gcamp_ros2_ws/install/tarkbot_description/share/tarkbot_description/local_setup.sh
-- Up-to-date: /home/winter24/gcamp_ros2_ws/install/tarkbot_description/share/tarkbot_description/local_setup.zsh
-- Up-to-date: /home/winter24/gcamp_ros2_ws/install/tarkbot_description/share/tarkbot_description/local_setup.dsv
-- Installing: /home/winter24/gcamp_ros2_ws/install/tarkbot_description/share/tarkbot_description/package.dsv
-- Up-to-date: /home/winter24/gcamp_ros2_ws/install/tarkbot_description/share/ament_index/resource_index/packages/tarkbot_description
-- Up-to-date: /home/winter24/gcamp_ros2_ws/install/tarkbot_description/share/tarkbot_description/cmake/tarkbot_descriptionConfig.cmake
-- Up-to-date: /home/winter24/gcamp_ros2_ws/install/tarkbot_description/share/tarkbot_description/cmake/tarkbot_descriptionConfig-version.cmake
-- Up-to-date: /home/winter24/gcamp_ros2_ws/install/tarkbot_description/share/tarkbot_description/package.xml
