[1.380s] Invoking command in '/home/winter24/gcamp_ros2_ws/build/yolobot_recognition': CMAKE_PREFIX_PATH=${CMAKE_PREFIX_PATH}:/home/winter24/gcamp_ros2_ws/install/yolov8_ros:/home/winter24/gcamp_ros2_ws/install/tf2_web_republisher_py:/home/winter24/gcamp_ros2_ws/install/ball_tracker:/opt/ros/foxy /home/winter24/.local/bin/cmake --build /home/winter24/gcamp_ros2_ws/build/yolobot_recognition -- -j16 -l16
[1.475s] Invoked command in '/home/winter24/gcamp_ros2_ws/build/yolobot_recognition' returned '0': CMAKE_PREFIX_PATH=${CMAKE_PREFIX_PATH}:/home/winter24/gcamp_ros2_ws/install/yolov8_ros:/home/winter24/gcamp_ros2_ws/install/tf2_web_republisher_py:/home/winter24/gcamp_ros2_ws/install/ball_tracker:/opt/ros/foxy /home/winter24/.local/bin/cmake --build /home/winter24/gcamp_ros2_ws/build/yolobot_recognition -- -j16 -l16
[1.684s] Invoking command in '/home/winter24/gcamp_ros2_ws/build/yolobot_recognition': CMAKE_PREFIX_PATH=${CMAKE_PREFIX_PATH}:/home/winter24/gcamp_ros2_ws/install/yolov8_ros:/home/winter24/gcamp_ros2_ws/install/tf2_web_republisher_py:/home/winter24/gcamp_ros2_ws/install/ball_tracker:/opt/ros/foxy /home/winter24/.local/bin/cmake --install /home/winter24/gcamp_ros2_ws/build/yolobot_recognition
[1.718s] -- Install configuration: ""
[1.718s] -- Up-to-date: /home/winter24/gcamp_ros2_ws/install/yolobot_recognition/share/yolobot_recognition//scripts
[1.718s] -- Up-to-date: /home/winter24/gcamp_ros2_ws/install/yolobot_recognition/share/yolobot_recognition//scripts/.gitattributes
[1.718s] -- Up-to-date: /home/winter24/gcamp_ros2_ws/install/yolobot_recognition/share/yolobot_recognition//scripts/.dockerignore
[1.718s] -- Up-to-date: /home/winter24/gcamp_ros2_ws/install/yolobot_recognition/share/yolobot_recognition//scripts/yolov8_ros2_subscriber.py
[1.719s] -- Up-to-date: /home/winter24/gcamp_ros2_ws/install/yolobot_recognition/share/yolobot_recognition//scripts/yolov8n.pt
[1.719s] -- Up-to-date: /home/winter24/gcamp_ros2_ws/install/yolobot_recognition/share/yolobot_recognition//scripts/.gitignore
[1.719s] -- Up-to-date: /home/winter24/gcamp_ros2_ws/install/yolobot_recognition/share/yolobot_recognition//scripts/yolov8_ros2_pt.py
[1.719s] -- Up-to-date: /home/winter24/gcamp_ros2_ws/install/yolobot_recognition/share/yolobot_recognition//launch
[1.719s] -- Up-to-date: /home/winter24/gcamp_ros2_ws/install/yolobot_recognition/share/yolobot_recognition//launch/launch_yolov8.launch.py
[1.719s] -- Up-to-date: /home/winter24/gcamp_ros2_ws/install/yolobot_recognition/lib/yolobot_recognition/yolov8_ros2_pt.py
[1.719s] -- Up-to-date: /home/winter24/gcamp_ros2_ws/install/yolobot_recognition/lib/yolobot_recognition/yolov8_ros2_subscriber.py
[1.719s] -- Up-to-date: /home/winter24/gcamp_ros2_ws/install/yolobot_recognition/lib/yolobot_recognition/launch_yolov8.launch.py
[1.719s] -- Up-to-date: /home/winter24/gcamp_ros2_ws/install/yolobot_recognition/share/ament_index/resource_index/package_run_dependencies/yolobot_recognition
[1.719s] -- Up-to-date: /home/winter24/gcamp_ros2_ws/install/yolobot_recognition/share/ament_index/resource_index/parent_prefix_path/yolobot_recognition
[1.720s] -- Up-to-date: /home/winter24/gcamp_ros2_ws/install/yolobot_recognition/share/yolobot_recognition/environment/ament_prefix_path.sh
[1.720s] -- Up-to-date: /home/winter24/gcamp_ros2_ws/install/yolobot_recognition/share/yolobot_recognition/environment/ament_prefix_path.dsv
[1.720s] -- Up-to-date: /home/winter24/gcamp_ros2_ws/install/yolobot_recognition/share/yolobot_recognition/environment/path.sh
[1.720s] -- Up-to-date: /home/winter24/gcamp_ros2_ws/install/yolobot_recognition/share/yolobot_recognition/environment/path.dsv
[1.720s] -- Up-to-date: /home/winter24/gcamp_ros2_ws/install/yolobot_recognition/share/yolobot_recognition/local_setup.bash
[1.720s] -- Up-to-date: /home/winter24/gcamp_ros2_ws/install/yolobot_recognition/share/yolobot_recognition/local_setup.sh
[1.720s] -- Up-to-date: /home/winter24/gcamp_ros2_ws/install/yolobot_recognition/share/yolobot_recognition/local_setup.zsh
[1.720s] -- Up-to-date: /home/winter24/gcamp_ros2_ws/install/yolobot_recognition/share/yolobot_recognition/local_setup.dsv
[1.721s] -- Installing: /home/winter24/gcamp_ros2_ws/install/yolobot_recognition/share/yolobot_recognition/package.dsv
[1.722s] -- Up-to-date: /home/winter24/gcamp_ros2_ws/install/yolobot_recognition/share/ament_index/resource_index/packages/yolobot_recognition
[1.722s] -- Up-to-date: /home/winter24/gcamp_ros2_ws/install/yolobot_recognition/share/yolobot_recognition/cmake/yolobot_recognitionConfig.cmake
[1.723s] -- Up-to-date: /home/winter24/gcamp_ros2_ws/install/yolobot_recognition/share/yolobot_recognition/cmake/yolobot_recognitionConfig-version.cmake
[1.723s] -- Up-to-date: /home/winter24/gcamp_ros2_ws/install/yolobot_recognition/share/yolobot_recognition/package.xml
[2.787s] Invoked command in '/home/winter24/gcamp_ros2_ws/build/yolobot_recognition' returned '0': CMAKE_PREFIX_PATH=${CMAKE_PREFIX_PATH}:/home/winter24/gcamp_ros2_ws/install/yolov8_ros:/home/winter24/gcamp_ros2_ws/install/tf2_web_republisher_py:/home/winter24/gcamp_ros2_ws/install/ball_tracker:/opt/ros/foxy /home/winter24/.local/bin/cmake --install /home/winter24/gcamp_ros2_ws/build/yolobot_recognition
