[0.063s] Invoking command in '/home/winter24/gcamp_ros2_ws/build/openslam_gmapping': CMAKE_PREFIX_PATH=${CMAKE_PREFIX_PATH}:/home/winter24/gcamp_ros2_ws/install/yolov8_ros:/home/winter24/gcamp_ros2_ws/install/tf2_web_republisher_py:/home/winter24/gcamp_ros2_ws/install/ball_tracker:/opt/ros/foxy /home/winter24/.local/bin/cmake --build /home/winter24/gcamp_ros2_ws/build/openslam_gmapping -- -j16 -l16
[0.873s] [  4%] [32mBuilding CXX object sensor/sensor_base/CMakeFiles/sensor_base.dir/sensor.cpp.o[0m
[0.873s] [ 13%] [32mBuilding CXX object sensor/sensor_base/CMakeFiles/sensor_base.dir/sensorreading.cpp.o[0m
[0.873s] [ 13%] [32mBuilding CXX object utils/CMakeFiles/utils.dir/movement.cpp.o[0m
[0.873s] [ 18%] [32mBuilding CXX object utils/CMakeFiles/utils.dir/stat.cpp.o[0m
[0.873s] [ 22%] [32m[1mLinking CXX static library libsensor_base.a[0m
[0.874s] [ 22%] Built target sensor_base
[0.874s] [ 27%] [32mBuilding CXX object sensor/sensor_range/CMakeFiles/sensor_range.dir/rangereading.cpp.o[0m
[0.874s] [ 31%] [32mBuilding CXX object sensor/sensor_range/CMakeFiles/sensor_range.dir/rangesensor.cpp.o[0m
[0.874s] [ 36%] [32mBuilding CXX object sensor/sensor_odometry/CMakeFiles/sensor_odometry.dir/odometryreading.cpp.o[0m
[0.874s] [ 40%] [32mBuilding CXX object sensor/sensor_odometry/CMakeFiles/sensor_odometry.dir/odometrysensor.cpp.o[0m
[0.874s] [ 45%] [32m[1mLinking CXX static library libutils.a[0m
[0.874s] [ 45%] Built target utils
[0.874s] [ 50%] [32m[1mLinking CXX static library libsensor_odometry.a[0m
[0.902s] [ 50%] Built target sensor_odometry
[0.960s] [ 54%] [32m[1mLinking CXX static library libsensor_range.a[0m
[0.980s] [ 54%] Built target sensor_range
[1.047s] [ 59%] [32mBuilding CXX object scanmatcher/CMakeFiles/scanmatcher.dir/scanmatcher.cpp.o[0m
[1.052s] [ 63%] [32mBuilding CXX object scanmatcher/CMakeFiles/scanmatcher.dir/scanmatcherprocessor.cpp.o[0m
[1.055s] [ 68%] [32mBuilding CXX object scanmatcher/CMakeFiles/scanmatcher.dir/smmap.cpp.o[0m
[3.062s] [ 72%] [32m[1mLinking CXX static library libscanmatcher.a[0m
[3.074s] [ 77%] Built target scanmatcher
[3.087s] [ 81%] [32mBuilding CXX object gridfastslam/CMakeFiles/gridfastslam.dir/gfsreader.cpp.o[0m
[3.088s] [ 86%] [32mBuilding CXX object gridfastslam/CMakeFiles/gridfastslam.dir/gridslamprocessor.cpp.o[0m
[3.088s] [ 90%] [32mBuilding CXX object gridfastslam/CMakeFiles/gridfastslam.dir/gridslamprocessor_tree.cpp.o[0m
[3.088s] [ 95%] [32mBuilding CXX object gridfastslam/CMakeFiles/gridfastslam.dir/motionmodel.cpp.o[0m
[4.822s] [100%] [32m[1mLinking CXX static library libgridfastslam.a[0m
[4.835s] [100%] Built target gridfastslam
[4.843s] Invoked command in '/home/winter24/gcamp_ros2_ws/build/openslam_gmapping' returned '0': CMAKE_PREFIX_PATH=${CMAKE_PREFIX_PATH}:/home/winter24/gcamp_ros2_ws/install/yolov8_ros:/home/winter24/gcamp_ros2_ws/install/tf2_web_republisher_py:/home/winter24/gcamp_ros2_ws/install/ball_tracker:/opt/ros/foxy /home/winter24/.local/bin/cmake --build /home/winter24/gcamp_ros2_ws/build/openslam_gmapping -- -j16 -l16
[4.881s] Invoking command in '/home/winter24/gcamp_ros2_ws/build/openslam_gmapping': CMAKE_PREFIX_PATH=${CMAKE_PREFIX_PATH}:/home/winter24/gcamp_ros2_ws/install/yolov8_ros:/home/winter24/gcamp_ros2_ws/install/tf2_web_republisher_py:/home/winter24/gcamp_ros2_ws/install/ball_tracker:/opt/ros/foxy /home/winter24/.local/bin/cmake --install /home/winter24/gcamp_ros2_ws/build/openslam_gmapping
[4.915s] -- Install configuration: ""
[4.915s] -- Up-to-date: /home/winter24/gcamp_ros2_ws/install/openslam_gmapping/share/openslam_gmapping/environment/library_path.sh
[4.915s] -- Up-to-date: /home/winter24/gcamp_ros2_ws/install/openslam_gmapping/share/openslam_gmapping/environment/library_path.dsv
[4.915s] -- Up-to-date: /home/winter24/gcamp_ros2_ws/install/openslam_gmapping/include/
[4.915s] -- Up-to-date: /home/winter24/gcamp_ros2_ws/install/openslam_gmapping/include//gmapping
[4.915s] -- Up-to-date: /home/winter24/gcamp_ros2_ws/install/openslam_gmapping/include//gmapping/sensor
[4.916s] -- Up-to-date: /home/winter24/gcamp_ros2_ws/install/openslam_gmapping/include//gmapping/sensor/sensor_odometry
[4.916s] -- Up-to-date: /home/winter24/gcamp_ros2_ws/install/openslam_gmapping/include//gmapping/sensor/sensor_odometry/odometryreading.h
[4.916s] -- Up-to-date: /home/winter24/gcamp_ros2_ws/install/openslam_gmapping/include//gmapping/sensor/sensor_odometry/odometrysensor.h
[4.916s] -- Up-to-date: /home/winter24/gcamp_ros2_ws/install/openslam_gmapping/include//gmapping/sensor/sensor_base
[4.916s] -- Up-to-date: /home/winter24/gcamp_ros2_ws/install/openslam_gmapping/include//gmapping/sensor/sensor_base/sensor.h
[4.916s] -- Up-to-date: /home/winter24/gcamp_ros2_ws/install/openslam_gmapping/include//gmapping/sensor/sensor_base/sensorreading.h
[4.917s] -- Up-to-date: /home/winter24/gcamp_ros2_ws/install/openslam_gmapping/include//gmapping/sensor/sensor_range
[4.917s] -- Up-to-date: /home/winter24/gcamp_ros2_ws/install/openslam_gmapping/include//gmapping/sensor/sensor_range/rangereading.h
[4.917s] -- Up-to-date: /home/winter24/gcamp_ros2_ws/install/openslam_gmapping/include//gmapping/sensor/sensor_range/rangesensor.h
[4.917s] -- Up-to-date: /home/winter24/gcamp_ros2_ws/install/openslam_gmapping/include//gmapping/gridfastslam
[4.917s] -- Up-to-date: /home/winter24/gcamp_ros2_ws/install/openslam_gmapping/include//gmapping/gridfastslam/gridslamprocessor.hxx
[4.917s] -- Up-to-date: /home/winter24/gcamp_ros2_ws/install/openslam_gmapping/include//gmapping/gridfastslam/motionmodel.h
[4.917s] -- Up-to-date: /home/winter24/gcamp_ros2_ws/install/openslam_gmapping/include//gmapping/gridfastslam/gridslamprocessor.h
[4.917s] -- Up-to-date: /home/winter24/gcamp_ros2_ws/install/openslam_gmapping/include//gmapping/grid
[4.917s] -- Up-to-date: /home/winter24/gcamp_ros2_ws/install/openslam_gmapping/include//gmapping/grid/array2d.h
[4.917s] -- Up-to-date: /home/winter24/gcamp_ros2_ws/install/openslam_gmapping/include//gmapping/grid/harray2d.h
[4.918s] -- Up-to-date: /home/winter24/gcamp_ros2_ws/install/openslam_gmapping/include//gmapping/grid/accessstate.h
[4.918s] -- Up-to-date: /home/winter24/gcamp_ros2_ws/install/openslam_gmapping/include//gmapping/grid/map.h
[4.918s] -- Up-to-date: /home/winter24/gcamp_ros2_ws/install/openslam_gmapping/include//gmapping/scanmatcher
[4.918s] -- Up-to-date: /home/winter24/gcamp_ros2_ws/install/openslam_gmapping/include//gmapping/scanmatcher/icp.h
[4.918s] -- Up-to-date: /home/winter24/gcamp_ros2_ws/install/openslam_gmapping/include//gmapping/scanmatcher/smmap.h
[4.918s] -- Up-to-date: /home/winter24/gcamp_ros2_ws/install/openslam_gmapping/include//gmapping/scanmatcher/scanmatcher.h
[4.918s] -- Up-to-date: /home/winter24/gcamp_ros2_ws/install/openslam_gmapping/include//gmapping/particlefilter
[4.918s] -- Up-to-date: /home/winter24/gcamp_ros2_ws/install/openslam_gmapping/include//gmapping/particlefilter/particlefilter.h
[4.918s] -- Up-to-date: /home/winter24/gcamp_ros2_ws/install/openslam_gmapping/include//gmapping/log
[4.918s] -- Up-to-date: /home/winter24/gcamp_ros2_ws/install/openslam_gmapping/include//gmapping/log/configuration.h
[4.918s] -- Up-to-date: /home/winter24/gcamp_ros2_ws/install/openslam_gmapping/include//gmapping/log/sensorlog.h
[4.918s] -- Up-to-date: /home/winter24/gcamp_ros2_ws/install/openslam_gmapping/include//gmapping/utils
[4.919s] -- Up-to-date: /home/winter24/gcamp_ros2_ws/install/openslam_gmapping/include//gmapping/utils/gvalues.h
[4.919s] -- Up-to-date: /home/winter24/gcamp_ros2_ws/install/openslam_gmapping/include//gmapping/utils/commandline.h
[4.919s] -- Up-to-date: /home/winter24/gcamp_ros2_ws/install/openslam_gmapping/include//gmapping/utils/autoptr.h
[4.919s] -- Up-to-date: /home/winter24/gcamp_ros2_ws/install/openslam_gmapping/include//gmapping/utils/macro_params.h
[4.919s] -- Up-to-date: /home/winter24/gcamp_ros2_ws/install/openslam_gmapping/include//gmapping/utils/point.h
[4.919s] -- Up-to-date: /home/winter24/gcamp_ros2_ws/install/openslam_gmapping/include//gmapping/utils/stat.h
[4.919s] -- Up-to-date: /home/winter24/gcamp_ros2_ws/install/openslam_gmapping/share/ament_index/resource_index/package_run_dependencies/openslam_gmapping
[4.919s] -- Up-to-date: /home/winter24/gcamp_ros2_ws/install/openslam_gmapping/share/ament_index/resource_index/parent_prefix_path/openslam_gmapping
[4.919s] -- Up-to-date: /home/winter24/gcamp_ros2_ws/install/openslam_gmapping/share/openslam_gmapping/environment/ament_prefix_path.sh
[4.919s] -- Up-to-date: /home/winter24/gcamp_ros2_ws/install/openslam_gmapping/share/openslam_gmapping/environment/ament_prefix_path.dsv
[4.919s] -- Up-to-date: /home/winter24/gcamp_ros2_ws/install/openslam_gmapping/share/openslam_gmapping/environment/path.sh
[4.919s] -- Up-to-date: /home/winter24/gcamp_ros2_ws/install/openslam_gmapping/share/openslam_gmapping/environment/path.dsv
[4.920s] -- Up-to-date: /home/winter24/gcamp_ros2_ws/install/openslam_gmapping/share/openslam_gmapping/local_setup.bash
[4.920s] -- Up-to-date: /home/winter24/gcamp_ros2_ws/install/openslam_gmapping/share/openslam_gmapping/local_setup.sh
[4.920s] -- Up-to-date: /home/winter24/gcamp_ros2_ws/install/openslam_gmapping/share/openslam_gmapping/local_setup.zsh
[4.920s] -- Up-to-date: /home/winter24/gcamp_ros2_ws/install/openslam_gmapping/share/openslam_gmapping/local_setup.dsv
[4.920s] -- Installing: /home/winter24/gcamp_ros2_ws/install/openslam_gmapping/share/openslam_gmapping/package.dsv
[4.920s] -- Up-to-date: /home/winter24/gcamp_ros2_ws/install/openslam_gmapping/share/ament_index/resource_index/packages/openslam_gmapping
[4.920s] -- Up-to-date: /home/winter24/gcamp_ros2_ws/install/openslam_gmapping/share/openslam_gmapping/cmake/ament_cmake_export_libraries-extras.cmake
[4.920s] -- Up-to-date: /home/winter24/gcamp_ros2_ws/install/openslam_gmapping/share/openslam_gmapping/cmake/ament_cmake_export_include_directories-extras.cmake
[4.920s] -- Up-to-date: /home/winter24/gcamp_ros2_ws/install/openslam_gmapping/share/openslam_gmapping/cmake/openslam_gmappingConfig.cmake
[4.920s] -- Up-to-date: /home/winter24/gcamp_ros2_ws/install/openslam_gmapping/share/openslam_gmapping/cmake/openslam_gmappingConfig-version.cmake
[4.920s] -- Up-to-date: /home/winter24/gcamp_ros2_ws/install/openslam_gmapping/share/openslam_gmapping/package.xml
[4.920s] -- Installing: /home/winter24/gcamp_ros2_ws/install/openslam_gmapping/lib/libgridfastslam.a
[4.920s] -- Installing: /home/winter24/gcamp_ros2_ws/install/openslam_gmapping/lib/libscanmatcher.a
[4.920s] -- Up-to-date: /home/winter24/gcamp_ros2_ws/install/openslam_gmapping/share/openslam_gmapping/environment/library_path.sh
[4.921s] -- Up-to-date: /home/winter24/gcamp_ros2_ws/install/openslam_gmapping/share/openslam_gmapping/environment/library_path.dsv
[4.921s] -- Installing: /home/winter24/gcamp_ros2_ws/install/openslam_gmapping/lib/libsensor_base.a
[4.921s] -- Up-to-date: /home/winter24/gcamp_ros2_ws/install/openslam_gmapping/share/openslam_gmapping/environment/library_path.sh
[4.921s] -- Up-to-date: /home/winter24/gcamp_ros2_ws/install/openslam_gmapping/share/openslam_gmapping/environment/library_path.dsv
[4.921s] -- Installing: /home/winter24/gcamp_ros2_ws/install/openslam_gmapping/lib/libsensor_odometry.a
[4.921s] -- Installing: /home/winter24/gcamp_ros2_ws/install/openslam_gmapping/lib/libsensor_range.a
[4.921s] -- Installing: /home/winter24/gcamp_ros2_ws/install/openslam_gmapping/lib/libutils.a
[4.921s] -- Up-to-date: /home/winter24/gcamp_ros2_ws/install/openslam_gmapping/share/openslam_gmapping/environment/library_path.sh
[4.921s] -- Up-to-date: /home/winter24/gcamp_ros2_ws/install/openslam_gmapping/share/openslam_gmapping/environment/library_path.dsv
[4.926s] Invoked command in '/home/winter24/gcamp_ros2_ws/build/openslam_gmapping' returned '0': CMAKE_PREFIX_PATH=${CMAKE_PREFIX_PATH}:/home/winter24/gcamp_ros2_ws/install/yolov8_ros:/home/winter24/gcamp_ros2_ws/install/tf2_web_republisher_py:/home/winter24/gcamp_ros2_ws/install/ball_tracker:/opt/ros/foxy /home/winter24/.local/bin/cmake --install /home/winter24/gcamp_ros2_ws/build/openslam_gmapping
