[1.720s] Invoking command in '/home/winter24/gcamp_ros2_ws/build/yolobot_description': CMAKE_PREFIX_PATH=${CMAKE_PREFIX_PATH}:/home/winter24/gcamp_ros2_ws/install/yolov8_ros:/home/winter24/gcamp_ros2_ws/install/tf2_web_republisher_py:/home/winter24/gcamp_ros2_ws/install/ball_tracker:/opt/ros/foxy /home/winter24/.local/bin/cmake --build /home/winter24/gcamp_ros2_ws/build/yolobot_description -- -j16 -l16
[1.816s] Invoked command in '/home/winter24/gcamp_ros2_ws/build/yolobot_description' returned '0': CMAKE_PREFIX_PATH=${CMAKE_PREFIX_PATH}:/home/winter24/gcamp_ros2_ws/install/yolov8_ros:/home/winter24/gcamp_ros2_ws/install/tf2_web_republisher_py:/home/winter24/gcamp_ros2_ws/install/ball_tracker:/opt/ros/foxy /home/winter24/.local/bin/cmake --build /home/winter24/gcamp_ros2_ws/build/yolobot_description -- -j16 -l16
[2.032s] Invoking command in '/home/winter24/gcamp_ros2_ws/build/yolobot_description': CMAKE_PREFIX_PATH=${CMAKE_PREFIX_PATH}:/home/winter24/gcamp_ros2_ws/install/yolov8_ros:/home/winter24/gcamp_ros2_ws/install/tf2_web_republisher_py:/home/winter24/gcamp_ros2_ws/install/ball_tracker:/opt/ros/foxy /home/winter24/.local/bin/cmake --install /home/winter24/gcamp_ros2_ws/build/yolobot_description
[2.046s] -- Install configuration: ""
[2.046s] -- Up-to-date: /home/winter24/gcamp_ros2_ws/install/yolobot_description/share/yolobot_description//launch
[2.046s] -- Up-to-date: /home/winter24/gcamp_ros2_ws/install/yolobot_description/share/yolobot_description//launch/spawn_yolobot.py
[2.046s] -- Up-to-date: /home/winter24/gcamp_ros2_ws/install/yolobot_description/share/yolobot_description//launch/spawn_yolobot_launch.launch.py
[2.046s] -- Up-to-date: /home/winter24/gcamp_ros2_ws/install/yolobot_description/share/yolobot_description//robot
[2.046s] -- Up-to-date: /home/winter24/gcamp_ros2_ws/install/yolobot_description/share/yolobot_description//robot/yolobot.urdf
[2.046s] -- Up-to-date: /home/winter24/gcamp_ros2_ws/install/yolobot_description/lib/yolobot_description/spawn_yolobot.py
[2.046s] -- Up-to-date: /home/winter24/gcamp_ros2_ws/install/yolobot_description/share/ament_index/resource_index/package_run_dependencies/yolobot_description
[2.046s] -- Up-to-date: /home/winter24/gcamp_ros2_ws/install/yolobot_description/share/ament_index/resource_index/parent_prefix_path/yolobot_description
[2.046s] -- Up-to-date: /home/winter24/gcamp_ros2_ws/install/yolobot_description/share/yolobot_description/environment/ament_prefix_path.sh
[2.046s] -- Up-to-date: /home/winter24/gcamp_ros2_ws/install/yolobot_description/share/yolobot_description/environment/ament_prefix_path.dsv
[2.046s] -- Up-to-date: /home/winter24/gcamp_ros2_ws/install/yolobot_description/share/yolobot_description/environment/path.sh
[2.046s] -- Up-to-date: /home/winter24/gcamp_ros2_ws/install/yolobot_description/share/yolobot_description/environment/path.dsv
[2.047s] -- Up-to-date: /home/winter24/gcamp_ros2_ws/install/yolobot_description/share/yolobot_description/local_setup.bash
[2.047s] -- Up-to-date: /home/winter24/gcamp_ros2_ws/install/yolobot_description/share/yolobot_description/local_setup.sh
[2.047s] -- Up-to-date: /home/winter24/gcamp_ros2_ws/install/yolobot_description/share/yolobot_description/local_setup.zsh
[2.047s] -- Up-to-date: /home/winter24/gcamp_ros2_ws/install/yolobot_description/share/yolobot_description/local_setup.dsv
[2.047s] -- Installing: /home/winter24/gcamp_ros2_ws/install/yolobot_description/share/yolobot_description/package.dsv
[2.047s] -- Up-to-date: /home/winter24/gcamp_ros2_ws/install/yolobot_description/share/ament_index/resource_index/packages/yolobot_description
[2.047s] -- Up-to-date: /home/winter24/gcamp_ros2_ws/install/yolobot_description/share/yolobot_description/cmake/yolobot_descriptionConfig.cmake
[2.047s] -- Up-to-date: /home/winter24/gcamp_ros2_ws/install/yolobot_description/share/yolobot_description/cmake/yolobot_descriptionConfig-version.cmake
[2.047s] -- Up-to-date: /home/winter24/gcamp_ros2_ws/install/yolobot_description/share/yolobot_description/package.xml
[2.908s] Invoked command in '/home/winter24/gcamp_ros2_ws/build/yolobot_description' returned '0': CMAKE_PREFIX_PATH=${CMAKE_PREFIX_PATH}:/home/winter24/gcamp_ros2_ws/install/yolov8_ros:/home/winter24/gcamp_ros2_ws/install/tf2_web_republisher_py:/home/winter24/gcamp_ros2_ws/install/ball_tracker:/opt/ros/foxy /home/winter24/.local/bin/cmake --install /home/winter24/gcamp_ros2_ws/build/yolobot_description
