[1.159s] Invoking command in '/home/winter24/gcamp_ros2_ws/build/robot_pose_publisher_ros2': CMAKE_PREFIX_PATH=${CMAKE_PREFIX_PATH}:/home/winter24/gcamp_ros2_ws/install/yolov8_ros:/home/winter24/gcamp_ros2_ws/install/tf2_web_republisher_py:/home/winter24/gcamp_ros2_ws/install/ball_tracker:/opt/ros/foxy /home/winter24/.local/bin/cmake --build /home/winter24/gcamp_ros2_ws/build/robot_pose_publisher_ros2 -- -j16 -l16
[1.423s] [100%] Built target robot_pose_publisher
[1.442s] Invoked command in '/home/winter24/gcamp_ros2_ws/build/robot_pose_publisher_ros2' returned '0': CMAKE_PREFIX_PATH=${CMAKE_PREFIX_PATH}:/home/winter24/gcamp_ros2_ws/install/yolov8_ros:/home/winter24/gcamp_ros2_ws/install/tf2_web_republisher_py:/home/winter24/gcamp_ros2_ws/install/ball_tracker:/opt/ros/foxy /home/winter24/.local/bin/cmake --build /home/winter24/gcamp_ros2_ws/build/robot_pose_publisher_ros2 -- -j16 -l16
[1.584s] Invoking command in '/home/winter24/gcamp_ros2_ws/build/robot_pose_publisher_ros2': CMAKE_PREFIX_PATH=${CMAKE_PREFIX_PATH}:/home/winter24/gcamp_ros2_ws/install/yolov8_ros:/home/winter24/gcamp_ros2_ws/install/tf2_web_republisher_py:/home/winter24/gcamp_ros2_ws/install/ball_tracker:/opt/ros/foxy /home/winter24/.local/bin/cmake --install /home/winter24/gcamp_ros2_ws/build/robot_pose_publisher_ros2
[1.650s] -- Install configuration: ""
[1.650s] -- Up-to-date: /home/winter24/gcamp_ros2_ws/install/robot_pose_publisher_ros2/lib/robot_pose_publisher_ros2/robot_pose_publisher
[1.650s] -- Up-to-date: /home/winter24/gcamp_ros2_ws/install/robot_pose_publisher_ros2/share/robot_pose_publisher_ros2/launch
[1.650s] -- Up-to-date: /home/winter24/gcamp_ros2_ws/install/robot_pose_publisher_ros2/share/robot_pose_publisher_ros2/launch/robot_pose_publisher_launch.py
[1.650s] -- Up-to-date: /home/winter24/gcamp_ros2_ws/install/robot_pose_publisher_ros2/share/robot_pose_publisher_ros2/launch/__pycache__
[1.651s] -- Up-to-date: /home/winter24/gcamp_ros2_ws/install/robot_pose_publisher_ros2/share/robot_pose_publisher_ros2/launch/__pycache__/robot_pose_publisher_launch.cpython-38.pyc
[1.651s] -- Up-to-date: /home/winter24/gcamp_ros2_ws/install/robot_pose_publisher_ros2/share/ament_index/resource_index/package_run_dependencies/robot_pose_publisher_ros2
[1.651s] -- Up-to-date: /home/winter24/gcamp_ros2_ws/install/robot_pose_publisher_ros2/share/ament_index/resource_index/parent_prefix_path/robot_pose_publisher_ros2
[1.651s] -- Up-to-date: /home/winter24/gcamp_ros2_ws/install/robot_pose_publisher_ros2/share/robot_pose_publisher_ros2/environment/ament_prefix_path.sh
[1.651s] -- Up-to-date: /home/winter24/gcamp_ros2_ws/install/robot_pose_publisher_ros2/share/robot_pose_publisher_ros2/environment/ament_prefix_path.dsv
[1.651s] -- Up-to-date: /home/winter24/gcamp_ros2_ws/install/robot_pose_publisher_ros2/share/robot_pose_publisher_ros2/environment/path.sh
[1.651s] -- Up-to-date: /home/winter24/gcamp_ros2_ws/install/robot_pose_publisher_ros2/share/robot_pose_publisher_ros2/environment/path.dsv
[1.652s] -- Up-to-date: /home/winter24/gcamp_ros2_ws/install/robot_pose_publisher_ros2/share/robot_pose_publisher_ros2/local_setup.bash
[1.652s] -- Up-to-date: /home/winter24/gcamp_ros2_ws/install/robot_pose_publisher_ros2/share/robot_pose_publisher_ros2/local_setup.sh
[1.652s] -- Up-to-date: /home/winter24/gcamp_ros2_ws/install/robot_pose_publisher_ros2/share/robot_pose_publisher_ros2/local_setup.zsh
[1.652s] -- Up-to-date: /home/winter24/gcamp_ros2_ws/install/robot_pose_publisher_ros2/share/robot_pose_publisher_ros2/local_setup.dsv
[1.652s] -- Installing: /home/winter24/gcamp_ros2_ws/install/robot_pose_publisher_ros2/share/robot_pose_publisher_ros2/package.dsv
[1.653s] -- Up-to-date: /home/winter24/gcamp_ros2_ws/install/robot_pose_publisher_ros2/share/ament_index/resource_index/packages/robot_pose_publisher_ros2
[1.653s] -- Up-to-date: /home/winter24/gcamp_ros2_ws/install/robot_pose_publisher_ros2/share/robot_pose_publisher_ros2/cmake/robot_pose_publisher_ros2Config.cmake
[1.653s] -- Up-to-date: /home/winter24/gcamp_ros2_ws/install/robot_pose_publisher_ros2/share/robot_pose_publisher_ros2/cmake/robot_pose_publisher_ros2Config-version.cmake
[1.653s] -- Up-to-date: /home/winter24/gcamp_ros2_ws/install/robot_pose_publisher_ros2/share/robot_pose_publisher_ros2/package.xml
[2.360s] Invoked command in '/home/winter24/gcamp_ros2_ws/build/robot_pose_publisher_ros2' returned '0': CMAKE_PREFIX_PATH=${CMAKE_PREFIX_PATH}:/home/winter24/gcamp_ros2_ws/install/yolov8_ros:/home/winter24/gcamp_ros2_ws/install/tf2_web_republisher_py:/home/winter24/gcamp_ros2_ws/install/ball_tracker:/opt/ros/foxy /home/winter24/.local/bin/cmake --install /home/winter24/gcamp_ros2_ws/build/robot_pose_publisher_ros2
