[3.183s] Invoking command in '/home/winter24/gcamp_ros2_ws/tf2_web_republisher_py/tf2_web_republisher_py': PYTHONPATH=/home/winter24/gcamp_ros2_ws/build/tf2_web_republisher_py/prefix_override:/home/winter24/gcamp_ros2_ws/install/tf2_web_republisher_py/lib/python3.8/site-packages:${PYTHONPATH} /usr/bin/python3 setup.py egg_info --egg-base ../../build/tf2_web_republisher_py build --build-base /home/winter24/gcamp_ros2_ws/build/tf2_web_republisher_py/build install --record /home/winter24/gcamp_ros2_ws/build/tf2_web_republisher_py/install.log --install-scripts $base/lib/tf2_web_republisher_py --single-version-externally-managed
[3.552s] running egg_info
[3.552s] writing ../../build/tf2_web_republisher_py/tf2_web_republisher_py.egg-info/PKG-INFO
[3.553s] writing dependency_links to ../../build/tf2_web_republisher_py/tf2_web_republisher_py.egg-info/dependency_links.txt
[3.553s] writing entry points to ../../build/tf2_web_republisher_py/tf2_web_republisher_py.egg-info/entry_points.txt
[3.554s] writing requirements to ../../build/tf2_web_republisher_py/tf2_web_republisher_py.egg-info/requires.txt
[3.554s] writing top-level names to ../../build/tf2_web_republisher_py/tf2_web_republisher_py.egg-info/top_level.txt
[3.554s] reading manifest file '../../build/tf2_web_republisher_py/tf2_web_republisher_py.egg-info/SOURCES.txt'
[3.554s] writing manifest file '../../build/tf2_web_republisher_py/tf2_web_republisher_py.egg-info/SOURCES.txt'
[3.554s] running build
[3.554s] running build_py
[3.554s] running install
[3.554s] running install_lib
[3.555s] running install_data
[3.555s] running install_egg_info
[3.555s] removing '/home/winter24/gcamp_ros2_ws/install/tf2_web_republisher_py/lib/python3.8/site-packages/tf2_web_republisher_py-0.0.0-py3.8.egg-info' (and everything under it)
[3.555s] Copying ../../build/tf2_web_republisher_py/tf2_web_republisher_py.egg-info to /home/winter24/gcamp_ros2_ws/install/tf2_web_republisher_py/lib/python3.8/site-packages/tf2_web_republisher_py-0.0.0-py3.8.egg-info
[3.555s] running install_scripts
[3.555s] Installing tf2_web_republisher script to /home/winter24/gcamp_ros2_ws/install/tf2_web_republisher_py/lib/tf2_web_republisher_py
[3.555s] writing list of installed files to '/home/winter24/gcamp_ros2_ws/build/tf2_web_republisher_py/install.log'
[4.515s] Invoked command in '/home/winter24/gcamp_ros2_ws/tf2_web_republisher_py/tf2_web_republisher_py' returned '0': PYTHONPATH=/home/winter24/gcamp_ros2_ws/build/tf2_web_republisher_py/prefix_override:/home/winter24/gcamp_ros2_ws/install/tf2_web_republisher_py/lib/python3.8/site-packages:${PYTHONPATH} /usr/bin/python3 setup.py egg_info --egg-base ../../build/tf2_web_republisher_py build --build-base /home/winter24/gcamp_ros2_ws/build/tf2_web_republisher_py/build install --record /home/winter24/gcamp_ros2_ws/build/tf2_web_republisher_py/install.log --install-scripts $base/lib/tf2_web_republisher_py --single-version-externally-managed
